[ 2018-03-28T09:23:08+08:00 ] 192.168.1.20 /pro/index.php/home/index/getOne
INFO: [ app_init ] --START--
INFO: Run Behavior\BuildLiteBehavior [ RunTime:0.000018s ]
INFO: [ app_init ] --END-- [ RunTime:0.001627s ]
INFO: [ app_begin ] --START--
INFO: Run Behavior\ReadHtmlCacheBehavior [ RunTime:0.001172s ]
INFO: [ app_begin ] --END-- [ RunTime:0.001233s ]
SQL: SHOW COLUMNS FROM `list` [ RunTime:0.0036s ]
SQL: SHOW COLUMNS FROM `list` [ RunTime:0.0011s ]
SQL: SELECT * FROM `list`  [ RunTime:0.0131s ]

[ 2018-03-28T09:23:45+08:00 ] 192.168.1.20 /pro/index.php/home/index/getOne
INFO: [ app_init ] --START--
INFO: Run Behavior\BuildLiteBehavior [ RunTime:0.000037s ]
INFO: [ app_init ] --END-- [ RunTime:0.002880s ]
INFO: [ app_begin ] --START--
INFO: Run Behavior\ReadHtmlCacheBehavior [ RunTime:0.001073s ]
INFO: [ app_begin ] --END-- [ RunTime:0.001146s ]
SQL: SHOW COLUMNS FROM `list` [ RunTime:0.0269s ]
SQL: SHOW COLUMNS FROM `list` [ RunTime:0.0008s ]
SQL: SELECT * FROM `list`  [ RunTime:0.0004s ]

[ 2018-03-28T09:23:46+08:00 ] 192.168.1.20 /pro/index.php
INFO: [ app_init ] --START--
INFO: Run Behavior\BuildLiteBehavior [ RunTime:0.000013s ]
INFO: [ app_init ] --END-- [ RunTime:0.000667s ]
INFO: [ app_begin ] --START--
INFO: Run Behavior\ReadHtmlCacheBehavior [ RunTime:0.000968s ]
INFO: [ app_begin ] --END-- [ RunTime:0.001022s ]
ERR: 非法操作:index

[ 2018-03-28T09:25:01+08:00 ] 192.168.1.20 /pro/index.php/home/index/changeOne
INFO: [ app_init ] --START--
INFO: Run Behavior\BuildLiteBehavior [ RunTime:0.000034s ]
INFO: [ app_init ] --END-- [ RunTime:0.001046s ]
INFO: [ app_begin ] --START--
INFO: Run Behavior\ReadHtmlCacheBehavior [ RunTime:0.000877s ]
INFO: [ app_begin ] --END-- [ RunTime:0.000954s ]
SQL: SHOW COLUMNS FROM `list` [ RunTime:0.0031s ]
SQL: SHOW COLUMNS FROM `list` [ RunTime:0.0009s ]
SQL: SELECT * FROM `list` WHERE `id` = 5  [ RunTime:0.0005s ]
SQL: UPDATE `list` SET `name`='地毯',`width`='2000',`height`='5',`long`='3000',`left`='-500',`top`='',`right`='',`bottom`='0',`translatex`='',`translatey`='',`translatez`='',`rotatex`='41',`rotatey`='20',`rotatez`='61',`topsrc`='/pro/upload//img/20180322/5ab354d6cccc6.jpg',`bottomsrc`='',`leftsrc`='',`rightsrc`='',`beforesrc`='',`aftersrc`='' WHERE `id` = 5 [ RunTime:0.0838s ]
SQL: SELECT * FROM `list` WHERE `id` = 5 LIMIT 1   [ RunTime:0.0004s ]

[ 2018-03-28T09:25:01+08:00 ] 192.168.1.20 /pro/index.php/home/index/getOne
INFO: [ app_init ] --START--
INFO: Run Behavior\BuildLiteBehavior [ RunTime:0.000021s ]
INFO: [ app_init ] --END-- [ RunTime:0.000783s ]
INFO: [ app_begin ] --START--
INFO: Run Behavior\ReadHtmlCacheBehavior [ RunTime:0.001195s ]
INFO: [ app_begin ] --END-- [ RunTime:0.001313s ]
SQL: SHOW COLUMNS FROM `list` [ RunTime:0.0031s ]
SQL: SHOW COLUMNS FROM `list` [ RunTime:0.0011s ]
SQL: SELECT * FROM `list`  [ RunTime:0.0006s ]

[ 2018-03-28T09:25:02+08:00 ] 192.168.1.20 /pro/index.php/home/index/getOne
INFO: [ app_init ] --START--
INFO: Run Behavior\BuildLiteBehavior [ RunTime:0.000027s ]
INFO: [ app_init ] --END-- [ RunTime:0.001624s ]
INFO: [ app_begin ] --START--
INFO: Run Behavior\ReadHtmlCacheBehavior [ RunTime:0.001169s ]
INFO: [ app_begin ] --END-- [ RunTime:0.001268s ]
SQL: SHOW COLUMNS FROM `list` [ RunTime:0.0038s ]
SQL: SHOW COLUMNS FROM `list` [ RunTime:0.0011s ]
SQL: SELECT * FROM `list`  [ RunTime:0.0008s ]

[ 2018-03-28T09:25:08+08:00 ] 192.168.1.20 /pro/index.php/home/index/getOne
INFO: [ app_init ] --START--
INFO: Run Behavior\BuildLiteBehavior [ RunTime:0.000022s ]
INFO: [ app_init ] --END-- [ RunTime:0.000839s ]
INFO: [ app_begin ] --START--
INFO: Run Behavior\ReadHtmlCacheBehavior [ RunTime:0.001244s ]
INFO: [ app_begin ] --END-- [ RunTime:0.001353s ]
SQL: SHOW COLUMNS FROM `list` [ RunTime:0.0035s ]
SQL: SHOW COLUMNS FROM `list` [ RunTime:0.0010s ]
SQL: SELECT * FROM `list`  [ RunTime:0.0007s ]

[ 2018-03-28T09:27:52+08:00 ] 192.168.1.20 /pro/index.php/home/index/getOne
INFO: [ app_init ] --START--
INFO: Run Behavior\BuildLiteBehavior [ RunTime:0.000026s ]
INFO: [ app_init ] --END-- [ RunTime:0.000963s ]
INFO: [ app_begin ] --START--
INFO: Run Behavior\ReadHtmlCacheBehavior [ RunTime:0.001335s ]
INFO: [ app_begin ] --END-- [ RunTime:0.001456s ]
SQL: SHOW COLUMNS FROM `list` [ RunTime:0.0034s ]
SQL: SHOW COLUMNS FROM `list` [ RunTime:0.0012s ]
SQL: SELECT * FROM `list`  [ RunTime:0.0007s ]

[ 2018-03-28T09:28:22+08:00 ] 192.168.1.20 /pro/index.php/home/index/getOne
INFO: [ app_init ] --START--
INFO: Run Behavior\BuildLiteBehavior [ RunTime:0.000025s ]
INFO: [ app_init ] --END-- [ RunTime:0.000808s ]
INFO: [ app_begin ] --START--
INFO: Run Behavior\ReadHtmlCacheBehavior [ RunTime:0.001161s ]
INFO: [ app_begin ] --END-- [ RunTime:0.001269s ]
SQL: SHOW COLUMNS FROM `list` [ RunTime:0.0032s ]
SQL: SHOW COLUMNS FROM `list` [ RunTime:0.0011s ]
SQL: SELECT * FROM `list`  [ RunTime:0.0007s ]

[ 2018-03-28T09:28:30+08:00 ] 192.168.1.20 /pro/index.php/home/index/changeOne
INFO: [ app_init ] --START--
INFO: Run Behavior\BuildLiteBehavior [ RunTime:0.000018s ]
INFO: [ app_init ] --END-- [ RunTime:0.000626s ]
INFO: [ app_begin ] --START--
INFO: Run Behavior\ReadHtmlCacheBehavior [ RunTime:0.000829s ]
INFO: [ app_begin ] --END-- [ RunTime:0.000876s ]
SQL: SHOW COLUMNS FROM `list` [ RunTime:0.0021s ]
SQL: SHOW COLUMNS FROM `list` [ RunTime:0.0008s ]
SQL: SELECT * FROM `list` WHERE `id` = 5  [ RunTime:0.0004s ]
SQL: UPDATE `list` SET `name`='地毯',`width`='2000',`height`='5',`long`='3000',`left`='0',`top`='',`right`='',`bottom`='0',`translatex`='',`translatey`='',`translatez`='',`rotatex`='41',`rotatey`='20',`rotatez`='61',`topsrc`='/pro/upload//img/20180322/5ab354d6cccc6.jpg',`bottomsrc`='',`leftsrc`='',`rightsrc`='',`beforesrc`='',`aftersrc`='' WHERE `id` = 5 [ RunTime:0.0797s ]
SQL: SELECT * FROM `list` WHERE `id` = 5 LIMIT 1   [ RunTime:0.0006s ]

[ 2018-03-28T09:28:30+08:00 ] 192.168.1.20 /pro/index.php/home/index/getOne
INFO: [ app_init ] --START--
INFO: Run Behavior\BuildLiteBehavior [ RunTime:0.000022s ]
INFO: [ app_init ] --END-- [ RunTime:0.000720s ]
INFO: [ app_begin ] --START--
INFO: Run Behavior\ReadHtmlCacheBehavior [ RunTime:0.000938s ]
INFO: [ app_begin ] --END-- [ RunTime:0.000994s ]
SQL: SHOW COLUMNS FROM `list` [ RunTime:0.0022s ]
SQL: SHOW COLUMNS FROM `list` [ RunTime:0.0008s ]
SQL: SELECT * FROM `list`  [ RunTime:0.0005s ]

[ 2018-03-28T09:31:15+08:00 ] 192.168.1.20 /pro/index.php/home/index/getOne
INFO: [ app_init ] --START--
INFO: Run Behavior\BuildLiteBehavior [ RunTime:0.000024s ]
INFO: [ app_init ] --END-- [ RunTime:0.000894s ]
INFO: [ app_begin ] --START--
INFO: Run Behavior\ReadHtmlCacheBehavior [ RunTime:0.001436s ]
INFO: [ app_begin ] --END-- [ RunTime:0.001528s ]
SQL: SHOW COLUMNS FROM `list` [ RunTime:0.0034s ]
SQL: SHOW COLUMNS FROM `list` [ RunTime:0.0010s ]
SQL: SELECT * FROM `list`  [ RunTime:0.0006s ]

[ 2018-03-28T09:31:23+08:00 ] 192.168.1.20 /pro/index.php/home/index/getOne
INFO: [ app_init ] --START--
INFO: Run Behavior\BuildLiteBehavior [ RunTime:0.000023s ]
INFO: [ app_init ] --END-- [ RunTime:0.000827s ]
INFO: [ app_begin ] --START--
INFO: Run Behavior\ReadHtmlCacheBehavior [ RunTime:0.001109s ]
INFO: [ app_begin ] --END-- [ RunTime:0.001200s ]
SQL: SHOW COLUMNS FROM `list` [ RunTime:0.0013s ]
SQL: SHOW COLUMNS FROM `list` [ RunTime:0.0011s ]
SQL: SELECT * FROM `list`  [ RunTime:0.0006s ]

[ 2018-03-28T09:31:56+08:00 ] 192.168.1.20 /pro/index.php/home/index/getOne
INFO: [ app_init ] --START--
INFO: Run Behavior\BuildLiteBehavior [ RunTime:0.000022s ]
INFO: [ app_init ] --END-- [ RunTime:0.000896s ]
INFO: [ app_begin ] --START--
INFO: Run Behavior\ReadHtmlCacheBehavior [ RunTime:0.001555s ]
INFO: [ app_begin ] --END-- [ RunTime:0.001701s ]
SQL: SHOW COLUMNS FROM `list` [ RunTime:0.0044s ]
SQL: SHOW COLUMNS FROM `list` [ RunTime:0.0011s ]
SQL: SELECT * FROM `list`  [ RunTime:0.0005s ]

[ 2018-03-28T09:32:10+08:00 ] 192.168.1.20 /pro/index.php/home/index/changeOne
INFO: [ app_init ] --START--
INFO: Run Behavior\BuildLiteBehavior [ RunTime:0.000014s ]
INFO: [ app_init ] --END-- [ RunTime:0.000696s ]
INFO: [ app_begin ] --START--
INFO: Run Behavior\ReadHtmlCacheBehavior [ RunTime:0.000948s ]
INFO: [ app_begin ] --END-- [ RunTime:0.000996s ]
SQL: SHOW COLUMNS FROM `list` [ RunTime:0.0022s ]
SQL: SHOW COLUMNS FROM `list` [ RunTime:0.0007s ]
SQL: SELECT * FROM `list` WHERE `id` = 5  [ RunTime:0.0004s ]
SQL: UPDATE `list` SET `name`='地毯',`width`='2000',`height`='5',`long`='3000',`left`='0',`top`='',`right`='',`bottom`='0',`translatex`='',`translatey`='',`translatez`='',`rotatex`='',`rotatey`='',`rotatez`='',`topsrc`='/pro/upload//img/20180322/5ab354d6cccc6.jpg',`bottomsrc`='',`leftsrc`='',`rightsrc`='',`beforesrc`='',`aftersrc`='' WHERE `id` = 5 [ RunTime:0.0827s ]
SQL: SELECT * FROM `list` WHERE `id` = 5 LIMIT 1   [ RunTime:0.0004s ]

[ 2018-03-28T09:32:10+08:00 ] 192.168.1.20 /pro/index.php/home/index/getOne
INFO: [ app_init ] --START--
INFO: Run Behavior\BuildLiteBehavior [ RunTime:0.000024s ]
INFO: [ app_init ] --END-- [ RunTime:0.001008s ]
INFO: [ app_begin ] --START--
INFO: Run Behavior\ReadHtmlCacheBehavior [ RunTime:0.000889s ]
INFO: [ app_begin ] --END-- [ RunTime:0.000942s ]
SQL: SHOW COLUMNS FROM `list` [ RunTime:0.0021s ]
SQL: SHOW COLUMNS FROM `list` [ RunTime:0.0007s ]
SQL: SELECT * FROM `list`  [ RunTime:0.0004s ]

[ 2018-03-28T09:35:35+08:00 ] 192.168.1.20 /pro/index.php/home/index/changeOne
INFO: [ app_init ] --START--
INFO: Run Behavior\BuildLiteBehavior [ RunTime:0.000014s ]
INFO: [ app_init ] --END-- [ RunTime:0.000697s ]
INFO: [ app_begin ] --START--
INFO: Run Behavior\ReadHtmlCacheBehavior [ RunTime:0.000919s ]
INFO: [ app_begin ] --END-- [ RunTime:0.000969s ]
SQL: SHOW COLUMNS FROM `list` [ RunTime:0.0023s ]
SQL: SHOW COLUMNS FROM `list` [ RunTime:0.0008s ]
SQL: SELECT * FROM `list` WHERE `id` = 5  [ RunTime:0.0006s ]
SQL: UPDATE `list` SET `name`='地毯',`width`='2000',`height`='5',`long`='3000',`left`='-500',`top`='',`right`='',`bottom`='0',`translatex`='',`translatey`='',`translatez`='',`rotatex`='',`rotatey`='',`rotatez`='',`topsrc`='/pro/upload//img/20180322/5ab354d6cccc6.jpg',`bottomsrc`='',`leftsrc`='',`rightsrc`='',`beforesrc`='',`aftersrc`='' WHERE `id` = 5 [ RunTime:0.0454s ]
SQL: SELECT * FROM `list` WHERE `id` = 5 LIMIT 1   [ RunTime:0.0004s ]

[ 2018-03-28T09:35:35+08:00 ] 192.168.1.20 /pro/index.php/home/index/getOne
INFO: [ app_init ] --START--
INFO: Run Behavior\BuildLiteBehavior [ RunTime:0.000018s ]
INFO: [ app_init ] --END-- [ RunTime:0.000712s ]
INFO: [ app_begin ] --START--
INFO: Run Behavior\ReadHtmlCacheBehavior [ RunTime:0.000774s ]
INFO: [ app_begin ] --END-- [ RunTime:0.000835s ]
SQL: SHOW COLUMNS FROM `list` [ RunTime:0.0008s ]
SQL: SHOW COLUMNS FROM `list` [ RunTime:0.0007s ]
SQL: SELECT * FROM `list`  [ RunTime:0.0004s ]

[ 2018-03-28T09:35:37+08:00 ] 192.168.1.20 /pro/index.php/home/index/getOne
INFO: [ app_init ] --START--
INFO: Run Behavior\BuildLiteBehavior [ RunTime:0.000023s ]
INFO: [ app_init ] --END-- [ RunTime:0.000900s ]
INFO: [ app_begin ] --START--
INFO: Run Behavior\ReadHtmlCacheBehavior [ RunTime:0.001128s ]
INFO: [ app_begin ] --END-- [ RunTime:0.001249s ]
SQL: SHOW COLUMNS FROM `list` [ RunTime:0.0011s ]
SQL: SHOW COLUMNS FROM `list` [ RunTime:0.0011s ]
SQL: SELECT * FROM `list`  [ RunTime:0.0005s ]

[ 2018-03-28T09:41:16+08:00 ] 192.168.1.20 /pro/index.php/home/index/getOne
INFO: [ app_init ] --START--
INFO: Run Behavior\BuildLiteBehavior [ RunTime:0.000023s ]
INFO: [ app_init ] --END-- [ RunTime:0.000867s ]
INFO: [ app_begin ] --START--
INFO: Run Behavior\ReadHtmlCacheBehavior [ RunTime:0.001314s ]
INFO: [ app_begin ] --END-- [ RunTime:0.001411s ]
SQL: SHOW COLUMNS FROM `list` [ RunTime:0.0011s ]
SQL: SHOW COLUMNS FROM `list` [ RunTime:0.0010s ]
SQL: SELECT * FROM `list`  [ RunTime:0.0004s ]

[ 2018-03-28T09:41:40+08:00 ] 192.168.1.20 /pro/index.php/home/index/getOne
INFO: [ app_init ] --START--
INFO: Run Behavior\BuildLiteBehavior [ RunTime:0.000023s ]
INFO: [ app_init ] --END-- [ RunTime:0.000948s ]
INFO: [ app_begin ] --START--
INFO: Run Behavior\ReadHtmlCacheBehavior [ RunTime:0.001139s ]
INFO: [ app_begin ] --END-- [ RunTime:0.001286s ]
SQL: SHOW COLUMNS FROM `list` [ RunTime:0.0014s ]
SQL: SHOW COLUMNS FROM `list` [ RunTime:0.0017s ]
SQL: SELECT * FROM `list`  [ RunTime:0.0024s ]

[ 2018-03-28T09:42:52+08:00 ] 192.168.1.20 /pro/index.php/home/index/getOne
INFO: [ app_init ] --START--
INFO: Run Behavior\BuildLiteBehavior [ RunTime:0.000022s ]
INFO: [ app_init ] --END-- [ RunTime:0.000802s ]
INFO: [ app_begin ] --START--
INFO: Run Behavior\ReadHtmlCacheBehavior [ RunTime:0.001233s ]
INFO: [ app_begin ] --END-- [ RunTime:0.001332s ]
SQL: SHOW COLUMNS FROM `list` [ RunTime:0.0022s ]
SQL: SHOW COLUMNS FROM `list` [ RunTime:0.0012s ]
SQL: SELECT * FROM `list`  [ RunTime:0.0006s ]

[ 2018-03-28T09:43:34+08:00 ] 192.168.1.20 /pro/index.php/home/index/getOne
INFO: [ app_init ] --START--
INFO: Run Behavior\BuildLiteBehavior [ RunTime:0.000022s ]
INFO: [ app_init ] --END-- [ RunTime:0.000849s ]
INFO: [ app_begin ] --START--
INFO: Run Behavior\ReadHtmlCacheBehavior [ RunTime:0.001315s ]
INFO: [ app_begin ] --END-- [ RunTime:0.001414s ]
SQL: SHOW COLUMNS FROM `list` [ RunTime:0.0010s ]
SQL: SHOW COLUMNS FROM `list` [ RunTime:0.0010s ]
SQL: SELECT * FROM `list`  [ RunTime:0.0005s ]

[ 2018-03-28T09:44:03+08:00 ] 192.168.1.20 /pro/index.php/home/index/changeOne
INFO: [ app_init ] --START--
INFO: Run Behavior\BuildLiteBehavior [ RunTime:0.000014s ]
INFO: [ app_init ] --END-- [ RunTime:0.000611s ]
INFO: [ app_begin ] --START--
INFO: Run Behavior\ReadHtmlCacheBehavior [ RunTime:0.000825s ]
INFO: [ app_begin ] --END-- [ RunTime:0.000872s ]
SQL: SHOW COLUMNS FROM `list` [ RunTime:0.0008s ]
SQL: SHOW COLUMNS FROM `list` [ RunTime:0.0007s ]
SQL: SELECT * FROM `list` WHERE `id` = 6  [ RunTime:0.0004s ]
SQL: UPDATE `list` SET `name`='房屋1',`width`='2000',`height`='2000',`long`='2000',`left`='-500',`top`='',`right`='',`bottom`='18',`translatex`='15',`translatey`='',`translatez`='-226',`rotatex`='',`rotatey`='',`rotatez`='',`topsrc`='/pro/upload//img/20180322/5ab369074cccd.jpg',`bottomsrc`='/pro/upload//img/20180322/5ab3696adf3fb.jpg',`leftsrc`='/pro/upload//img/20180322/5ab36936789fc.jpg',`rightsrc`='',`beforesrc`='/pro/upload//img/20180322/5ab3692447081.jpg',`aftersrc`='/pro/upload//img/20180322/5ab3691b67550.jpg' WHERE `id` = 6 [ RunTime:0.0794s ]
SQL: SELECT * FROM `list` WHERE `id` = 6 LIMIT 1   [ RunTime:0.0005s ]

[ 2018-03-28T09:44:03+08:00 ] 192.168.1.20 /pro/index.php/home/index/getOne
INFO: [ app_init ] --START--
INFO: Run Behavior\BuildLiteBehavior [ RunTime:0.000023s ]
INFO: [ app_init ] --END-- [ RunTime:0.001302s ]
INFO: [ app_begin ] --START--
INFO: Run Behavior\ReadHtmlCacheBehavior [ RunTime:0.001027s ]
INFO: [ app_begin ] --END-- [ RunTime:0.001101s ]
SQL: SHOW COLUMNS FROM `list` [ RunTime:0.0008s ]
SQL: SHOW COLUMNS FROM `list` [ RunTime:0.0009s ]
SQL: SELECT * FROM `list`  [ RunTime:0.0006s ]

[ 2018-03-28T09:46:47+08:00 ] 192.168.1.20 /pro/index.php/home/index/getOne
INFO: [ app_init ] --START--
INFO: Run Behavior\BuildLiteBehavior [ RunTime:0.000037s ]
INFO: [ app_init ] --END-- [ RunTime:0.000924s ]
INFO: [ app_begin ] --START--
INFO: Run Behavior\ReadHtmlCacheBehavior [ RunTime:0.002083s ]
INFO: [ app_begin ] --END-- [ RunTime:0.002193s ]
SQL: SHOW COLUMNS FROM `list` [ RunTime:0.0012s ]
SQL: SHOW COLUMNS FROM `list` [ RunTime:0.0012s ]
SQL: SELECT * FROM `list`  [ RunTime:0.0005s ]

[ 2018-03-28T09:48:17+08:00 ] 192.168.1.20 /pro/index.php/home/index/getOne
INFO: [ app_init ] --START--
INFO: Run Behavior\BuildLiteBehavior [ RunTime:0.000078s ]
INFO: [ app_init ] --END-- [ RunTime:0.002133s ]
INFO: [ app_begin ] --START--
INFO: Run Behavior\ReadHtmlCacheBehavior [ RunTime:0.001357s ]
INFO: [ app_begin ] --END-- [ RunTime:0.001507s ]
SQL: SHOW COLUMNS FROM `list` [ RunTime:0.0012s ]
SQL: SHOW COLUMNS FROM `list` [ RunTime:0.0011s ]
SQL: SELECT * FROM `list`  [ RunTime:0.0006s ]

[ 2018-03-28T09:48:40+08:00 ] 192.168.1.20 /pro/index.php/home/index/changeOne
INFO: [ app_init ] --START--
INFO: Run Behavior\BuildLiteBehavior [ RunTime:0.000013s ]
INFO: [ app_init ] --END-- [ RunTime:0.000594s ]
INFO: [ app_begin ] --START--
INFO: Run Behavior\ReadHtmlCacheBehavior [ RunTime:0.000861s ]
INFO: [ app_begin ] --END-- [ RunTime:0.000934s ]
SQL: SHOW COLUMNS FROM `list` [ RunTime:0.0009s ]
SQL: SHOW COLUMNS FROM `list` [ RunTime:0.0007s ]
SQL: SELECT * FROM `list` WHERE `id` = 6  [ RunTime:0.0006s ]
SQL: UPDATE `list` SET `name`='房屋1',`width`='200',`height`='200',`long`='200',`left`='0',`top`='',`right`='',`bottom`='18',`translatex`='15',`translatey`='',`translatez`='-226',`rotatex`='',`rotatey`='',`rotatez`='',`topsrc`='/pro/upload//img/20180322/5ab369074cccd.jpg',`bottomsrc`='/pro/upload//img/20180322/5ab3696adf3fb.jpg',`leftsrc`='/pro/upload//img/20180322/5ab36936789fc.jpg',`rightsrc`='',`beforesrc`='/pro/upload//img/20180322/5ab3692447081.jpg',`aftersrc`='/pro/upload//img/20180322/5ab3691b67550.jpg' WHERE `id` = 6 [ RunTime:0.0765s ]
SQL: SELECT * FROM `list` WHERE `id` = 6 LIMIT 1   [ RunTime:0.0006s ]

[ 2018-03-28T09:48:40+08:00 ] 192.168.1.20 /pro/index.php/home/index/getOne
INFO: [ app_init ] --START--
INFO: Run Behavior\BuildLiteBehavior [ RunTime:0.000021s ]
INFO: [ app_init ] --END-- [ RunTime:0.000713s ]
INFO: [ app_begin ] --START--
INFO: Run Behavior\ReadHtmlCacheBehavior [ RunTime:0.001141s ]
INFO: [ app_begin ] --END-- [ RunTime:0.001224s ]
SQL: SHOW COLUMNS FROM `list` [ RunTime:0.0010s ]
SQL: SHOW COLUMNS FROM `list` [ RunTime:0.0008s ]
SQL: SELECT * FROM `list`  [ RunTime:0.0005s ]

[ 2018-03-28T09:52:54+08:00 ] 192.168.1.20 /pro/index.php/home/index/changeOne
INFO: [ app_init ] --START--
INFO: Run Behavior\BuildLiteBehavior [ RunTime:0.000014s ]
INFO: [ app_init ] --END-- [ RunTime:0.000672s ]
INFO: [ app_begin ] --START--
INFO: Run Behavior\ReadHtmlCacheBehavior [ RunTime:0.000809s ]
INFO: [ app_begin ] --END-- [ RunTime:0.000864s ]
SQL: SHOW COLUMNS FROM `list` [ RunTime:0.0010s ]
SQL: SHOW COLUMNS FROM `list` [ RunTime:0.0008s ]
SQL: SELECT * FROM `list` WHERE `id` = 5  [ RunTime:0.0005s ]
SQL: UPDATE `list` SET `name`='地毯',`width`='1000',`height`='800',`long`='3000',`left`='0',`top`='',`right`='',`bottom`='0',`translatex`='',`translatey`='',`translatez`='',`rotatex`='',`rotatey`='',`rotatez`='',`topsrc`='/pro/upload//img/20180322/5ab354d6cccc6.jpg',`bottomsrc`='',`leftsrc`='',`rightsrc`='',`beforesrc`='',`aftersrc`='' WHERE `id` = 5 [ RunTime:0.0820s ]
SQL: SELECT * FROM `list` WHERE `id` = 5 LIMIT 1   [ RunTime:0.0006s ]

[ 2018-03-28T09:52:54+08:00 ] 192.168.1.20 /pro/index.php/home/index/getOne
INFO: [ app_init ] --START--
INFO: Run Behavior\BuildLiteBehavior [ RunTime:0.000016s ]
INFO: [ app_init ] --END-- [ RunTime:0.000641s ]
INFO: [ app_begin ] --START--
INFO: Run Behavior\ReadHtmlCacheBehavior [ RunTime:0.000781s ]
INFO: [ app_begin ] --END-- [ RunTime:0.000840s ]
SQL: SHOW COLUMNS FROM `list` [ RunTime:0.0026s ]
SQL: SHOW COLUMNS FROM `list` [ RunTime:0.0011s ]
SQL: SELECT * FROM `list`  [ RunTime:0.0004s ]

[ 2018-03-28T09:53:38+08:00 ] 192.168.1.20 /pro/index.php/home/index/imgUpload
INFO: [ app_init ] --START--
INFO: Run Behavior\BuildLiteBehavior [ RunTime:0.000015s ]
INFO: [ app_init ] --END-- [ RunTime:0.000736s ]
INFO: [ app_begin ] --START--
INFO: Run Behavior\ReadHtmlCacheBehavior [ RunTime:0.001032s ]
INFO: [ app_begin ] --END-- [ RunTime:0.001158s ]
NOTIC: [2] call_user_func() expects parameter 1 to be a valid callback, no array or string given D:\web\pro\ThinkPHP\Library\Think\Upload.class.php 第 182 行.

[ 2018-03-28T09:53:58+08:00 ] 192.168.1.20 /pro/index.php/home/index/imgUpload
INFO: [ app_init ] --START--
INFO: Run Behavior\BuildLiteBehavior [ RunTime:0.000018s ]
INFO: [ app_init ] --END-- [ RunTime:0.001660s ]
INFO: [ app_begin ] --START--
INFO: Run Behavior\ReadHtmlCacheBehavior [ RunTime:0.001113s ]
INFO: [ app_begin ] --END-- [ RunTime:0.001178s ]
NOTIC: [2] call_user_func() expects parameter 1 to be a valid callback, no array or string given D:\web\pro\ThinkPHP\Library\Think\Upload.class.php 第 182 行.

[ 2018-03-28T09:54:55+08:00 ] 192.168.1.20 /pro/index.php/home/index/imgUpload
INFO: [ app_init ] --START--
INFO: Run Behavior\BuildLiteBehavior [ RunTime:0.000022s ]
INFO: [ app_init ] --END-- [ RunTime:0.001660s ]
INFO: [ app_begin ] --START--
INFO: Run Behavior\ReadHtmlCacheBehavior [ RunTime:0.001752s ]
INFO: [ app_begin ] --END-- [ RunTime:0.001856s ]
NOTIC: [2] call_user_func() expects parameter 1 to be a valid callback, no array or string given D:\web\pro\ThinkPHP\Library\Think\Upload.class.php 第 182 行.

[ 2018-03-28T09:55:24+08:00 ] 192.168.1.20 /pro/index.php/home/index/getOne
INFO: [ app_init ] --START--
INFO: Run Behavior\BuildLiteBehavior [ RunTime:0.000022s ]
INFO: [ app_init ] --END-- [ RunTime:0.000981s ]
INFO: [ app_begin ] --START--
INFO: Run Behavior\ReadHtmlCacheBehavior [ RunTime:0.001593s ]
INFO: [ app_begin ] --END-- [ RunTime:0.001720s ]
SQL: SHOW COLUMNS FROM `list` [ RunTime:0.0011s ]
SQL: SHOW COLUMNS FROM `list` [ RunTime:0.0009s ]
SQL: SELECT * FROM `list`  [ RunTime:0.0004s ]

[ 2018-03-28T09:55:26+08:00 ] 192.168.1.20 /pro/index.php/home/index/getOne
INFO: [ app_init ] --START--
INFO: Run Behavior\BuildLiteBehavior [ RunTime:0.000021s ]
INFO: [ app_init ] --END-- [ RunTime:0.000967s ]
INFO: [ app_begin ] --START--
INFO: Run Behavior\ReadHtmlCacheBehavior [ RunTime:0.000909s ]
INFO: [ app_begin ] --END-- [ RunTime:0.000970s ]
SQL: SHOW COLUMNS FROM `list` [ RunTime:0.0025s ]
SQL: SHOW COLUMNS FROM `list` [ RunTime:0.0024s ]
SQL: SELECT * FROM `list`  [ RunTime:0.0004s ]

[ 2018-03-28T09:55:31+08:00 ] 192.168.1.20 /pro/index.php/home/index/getOne
INFO: [ app_init ] --START--
INFO: Run Behavior\BuildLiteBehavior [ RunTime:0.000017s ]
INFO: [ app_init ] --END-- [ RunTime:0.000736s ]
INFO: [ app_begin ] --START--
INFO: Run Behavior\ReadHtmlCacheBehavior [ RunTime:0.001581s ]
INFO: [ app_begin ] --END-- [ RunTime:0.001699s ]
SQL: SHOW COLUMNS FROM `list` [ RunTime:0.0011s ]
SQL: SHOW COLUMNS FROM `list` [ RunTime:0.0013s ]
SQL: SELECT * FROM `list`  [ RunTime:0.0006s ]

[ 2018-03-28T09:56:24+08:00 ] 192.168.1.20 /pro/index.php/home/index/getOne
INFO: [ app_init ] --START--
INFO: Run Behavior\BuildLiteBehavior [ RunTime:0.000021s ]
INFO: [ app_init ] --END-- [ RunTime:0.001084s ]
INFO: [ app_begin ] --START--
INFO: Run Behavior\ReadHtmlCacheBehavior [ RunTime:0.001228s ]
INFO: [ app_begin ] --END-- [ RunTime:0.001334s ]
SQL: SHOW COLUMNS FROM `list` [ RunTime:0.0008s ]
SQL: SHOW COLUMNS FROM `list` [ RunTime:0.0007s ]
SQL: SELECT * FROM `list`  [ RunTime:0.0004s ]

[ 2018-03-28T09:56:35+08:00 ] 192.168.1.20 /pro/index.php/home/index/imgUpload
INFO: [ app_init ] --START--
INFO: Run Behavior\BuildLiteBehavior [ RunTime:0.000013s ]
INFO: [ app_init ] --END-- [ RunTime:0.000466s ]
INFO: [ app_begin ] --START--
INFO: Run Behavior\ReadHtmlCacheBehavior [ RunTime:0.000788s ]
INFO: [ app_begin ] --END-- [ RunTime:0.000836s ]
NOTIC: [2] call_user_func() expects parameter 1 to be a valid callback, no array or string given D:\web\pro\ThinkPHP\Library\Think\Upload.class.php 第 182 行.

[ 2018-03-28T09:57:14+08:00 ] 192.168.1.20 /pro/index.php/home/index/imgUpload
INFO: [ app_init ] --START--
INFO: Run Behavior\BuildLiteBehavior [ RunTime:0.000023s ]
INFO: [ app_init ] --END-- [ RunTime:0.000849s ]
INFO: [ app_begin ] --START--
INFO: Run Behavior\ReadHtmlCacheBehavior [ RunTime:0.002080s ]
INFO: [ app_begin ] --END-- [ RunTime:0.002182s ]
NOTIC: [2] call_user_func() expects parameter 1 to be a valid callback, no array or string given D:\web\pro\ThinkPHP\Library\Think\Upload.class.php 第 182 行.

[ 2018-03-28T09:57:34+08:00 ] 192.168.1.20 /pro/index.php/home/index/imgUpload
INFO: [ app_init ] --START--
INFO: Run Behavior\BuildLiteBehavior [ RunTime:0.000016s ]
INFO: [ app_init ] --END-- [ RunTime:0.000556s ]
INFO: [ app_begin ] --START--
INFO: Run Behavior\ReadHtmlCacheBehavior [ RunTime:0.001350s ]
INFO: [ app_begin ] --END-- [ RunTime:0.001465s ]
NOTIC: [2] call_user_func() expects parameter 1 to be a valid callback, no array or string given D:\web\pro\ThinkPHP\Library\Think\Upload.class.php 第 182 行.

[ 2018-03-28T09:57:52+08:00 ] 192.168.1.20 /pro/index.php/home/index/changeOne
INFO: [ app_init ] --START--
INFO: Run Behavior\BuildLiteBehavior [ RunTime:0.000013s ]
INFO: [ app_init ] --END-- [ RunTime:0.000520s ]
INFO: [ app_begin ] --START--
INFO: Run Behavior\ReadHtmlCacheBehavior [ RunTime:0.000955s ]
INFO: [ app_begin ] --END-- [ RunTime:0.001002s ]
SQL: SHOW COLUMNS FROM `list` [ RunTime:0.0011s ]
SQL: SHOW COLUMNS FROM `list` [ RunTime:0.0007s ]
SQL: SELECT * FROM `list` WHERE `id` = 5  [ RunTime:0.0006s ]
SQL: UPDATE `list` SET `name`='地毯',`width`='1000',`height`='800',`long`='3000',`left`='0',`top`='',`right`='',`bottom`='0',`translatex`='',`translatey`='',`translatez`='',`rotatex`='',`rotatey`='',`rotatez`='',`topsrc`='/pro/upload//img/20180328/5abaf68e9b9f1.jpg',`bottomsrc`='/pro/upload//img/20180328/5abaf653cc1e7.jpg',`leftsrc`='/pro/upload//img/20180328/5abaf67ad52b4.jpg',`rightsrc`='',`beforesrc`='',`aftersrc`='' WHERE `id` = 5 [ RunTime:0.0802s ]
SQL: SELECT * FROM `list` WHERE `id` = 5 LIMIT 1   [ RunTime:0.0013s ]

[ 2018-03-28T09:57:52+08:00 ] 192.168.1.20 /pro/index.php/home/index/getOne
INFO: [ app_init ] --START--
INFO: Run Behavior\BuildLiteBehavior [ RunTime:0.000022s ]
INFO: [ app_init ] --END-- [ RunTime:0.000799s ]
INFO: [ app_begin ] --START--
INFO: Run Behavior\ReadHtmlCacheBehavior [ RunTime:0.003574s ]
INFO: [ app_begin ] --END-- [ RunTime:0.003732s ]
SQL: SHOW COLUMNS FROM `list` [ RunTime:0.0010s ]
SQL: SHOW COLUMNS FROM `list` [ RunTime:0.0010s ]
SQL: SELECT * FROM `list`  [ RunTime:0.0022s ]

[ 2018-03-28T10:04:44+08:00 ] 192.168.1.20 /pro/index.php/home/index/getOne
INFO: [ app_init ] --START--
INFO: Run Behavior\BuildLiteBehavior [ RunTime:0.000025s ]
INFO: [ app_init ] --END-- [ RunTime:0.000908s ]
INFO: [ app_begin ] --START--
INFO: Run Behavior\ReadHtmlCacheBehavior [ RunTime:0.001668s ]
INFO: [ app_begin ] --END-- [ RunTime:0.001766s ]
SQL: SHOW COLUMNS FROM `list` [ RunTime:0.0029s ]
SQL: SHOW COLUMNS FROM `list` [ RunTime:0.0007s ]
SQL: SELECT * FROM `list`  [ RunTime:0.0003s ]

[ 2018-03-28T10:04:57+08:00 ] 192.168.1.20 /pro/index.php/home/index/imgUpload
INFO: [ app_init ] --START--
INFO: Run Behavior\BuildLiteBehavior [ RunTime:0.000017s ]
INFO: [ app_init ] --END-- [ RunTime:0.000561s ]
INFO: [ app_begin ] --START--
INFO: Run Behavior\ReadHtmlCacheBehavior [ RunTime:0.001204s ]
INFO: [ app_begin ] --END-- [ RunTime:0.001292s ]
NOTIC: [2] call_user_func() expects parameter 1 to be a valid callback, no array or string given D:\web\pro\ThinkPHP\Library\Think\Upload.class.php 第 182 行.

[ 2018-03-28T10:05:53+08:00 ] 192.168.1.20 /pro/index.php/home/index/imgUpload
INFO: [ app_init ] --START--
INFO: Run Behavior\BuildLiteBehavior [ RunTime:0.000079s ]
INFO: [ app_init ] --END-- [ RunTime:0.000995s ]
INFO: [ app_begin ] --START--
INFO: Run Behavior\ReadHtmlCacheBehavior [ RunTime:0.001367s ]
INFO: [ app_begin ] --END-- [ RunTime:0.001453s ]
NOTIC: [2] call_user_func() expects parameter 1 to be a valid callback, no array or string given D:\web\pro\ThinkPHP\Library\Think\Upload.class.php 第 182 行.

[ 2018-03-28T10:07:19+08:00 ] 192.168.1.20 /pro/index.php/home/index/getOne
INFO: [ app_init ] --START--
INFO: Run Behavior\BuildLiteBehavior [ RunTime:0.000024s ]
INFO: [ app_init ] --END-- [ RunTime:0.000883s ]
INFO: [ app_begin ] --START--
INFO: Run Behavior\ReadHtmlCacheBehavior [ RunTime:0.001264s ]
INFO: [ app_begin ] --END-- [ RunTime:0.001370s ]
SQL: SHOW COLUMNS FROM `list` [ RunTime:0.0011s ]
SQL: SHOW COLUMNS FROM `list` [ RunTime:0.0010s ]
SQL: SELECT * FROM `list`  [ RunTime:0.0007s ]

[ 2018-03-28T10:07:27+08:00 ] 192.168.1.20 /pro/index.php/home/index/imgUpload
INFO: [ app_init ] --START--
INFO: Run Behavior\BuildLiteBehavior [ RunTime:0.000018s ]
INFO: [ app_init ] --END-- [ RunTime:0.000599s ]
INFO: [ app_begin ] --START--
INFO: Run Behavior\ReadHtmlCacheBehavior [ RunTime:0.000842s ]
INFO: [ app_begin ] --END-- [ RunTime:0.000904s ]
NOTIC: [2] call_user_func() expects parameter 1 to be a valid callback, no array or string given D:\web\pro\ThinkPHP\Library\Think\Upload.class.php 第 182 行.

[ 2018-03-28T10:08:16+08:00 ] 192.168.1.20 /pro/index.php/home/index/getOne
INFO: [ app_init ] --START--
INFO: Run Behavior\BuildLiteBehavior [ RunTime:0.000022s ]
INFO: [ app_init ] --END-- [ RunTime:0.000981s ]
INFO: [ app_begin ] --START--
INFO: Run Behavior\ReadHtmlCacheBehavior [ RunTime:0.001806s ]
INFO: [ app_begin ] --END-- [ RunTime:0.001920s ]
SQL: SHOW COLUMNS FROM `list` [ RunTime:0.0011s ]
SQL: SHOW COLUMNS FROM `list` [ RunTime:0.0012s ]
SQL: SELECT * FROM `list`  [ RunTime:0.0006s ]

[ 2018-03-28T10:08:22+08:00 ] 192.168.1.20 /pro/index.php/home/index/imgUpload
INFO: [ app_init ] --START--
INFO: Run Behavior\BuildLiteBehavior [ RunTime:0.000026s ]
INFO: [ app_init ] --END-- [ RunTime:0.000822s ]
INFO: [ app_begin ] --START--
INFO: Run Behavior\ReadHtmlCacheBehavior [ RunTime:0.001295s ]
INFO: [ app_begin ] --END-- [ RunTime:0.001377s ]
NOTIC: [2] call_user_func() expects parameter 1 to be a valid callback, no array or string given D:\web\pro\ThinkPHP\Library\Think\Upload.class.php 第 182 行.

[ 2018-03-28T10:08:53+08:00 ] 192.168.1.20 /pro/index.php/home/index/getOne
INFO: [ app_init ] --START--
INFO: Run Behavior\BuildLiteBehavior [ RunTime:0.000045s ]
INFO: [ app_init ] --END-- [ RunTime:0.000892s ]
INFO: [ app_begin ] --START--
INFO: Run Behavior\ReadHtmlCacheBehavior [ RunTime:0.001377s ]
INFO: [ app_begin ] --END-- [ RunTime:0.001471s ]
SQL: SHOW COLUMNS FROM `list` [ RunTime:0.0011s ]
SQL: SHOW COLUMNS FROM `list` [ RunTime:0.0007s ]
SQL: SELECT * FROM `list`  [ RunTime:0.0003s ]

[ 2018-03-28T10:08:57+08:00 ] 192.168.1.20 /pro/index.php/home/index/imgUpload
INFO: [ app_init ] --START--
INFO: Run Behavior\BuildLiteBehavior [ RunTime:0.000099s ]
INFO: [ app_init ] --END-- [ RunTime:0.002466s ]
INFO: [ app_begin ] --START--
INFO: Run Behavior\ReadHtmlCacheBehavior [ RunTime:0.001075s ]
INFO: [ app_begin ] --END-- [ RunTime:0.001131s ]
NOTIC: [2] call_user_func() expects parameter 1 to be a valid callback, no array or string given D:\web\pro\ThinkPHP\Library\Think\Upload.class.php 第 182 行.

[ 2018-03-28T10:11:00+08:00 ] 192.168.1.20 /pro/index.php/home/index/changeOne
INFO: [ app_init ] --START--
INFO: Run Behavior\BuildLiteBehavior [ RunTime:0.000015s ]
INFO: [ app_init ] --END-- [ RunTime:0.000607s ]
INFO: [ app_begin ] --START--
INFO: Run Behavior\ReadHtmlCacheBehavior [ RunTime:0.000924s ]
INFO: [ app_begin ] --END-- [ RunTime:0.000981s ]
SQL: SHOW COLUMNS FROM `list` [ RunTime:0.0009s ]
SQL: SHOW COLUMNS FROM `list` [ RunTime:0.0007s ]
SQL: SELECT * FROM `list` WHERE `id` = 5  [ RunTime:0.0004s ]
SQL: UPDATE `list` SET `name`='地毯',`width`='1000',`height`='800',`long`='3000',`left`='0',`top`='',`right`='',`bottom`='0',`translatex`='',`translatey`='',`translatez`='',`rotatex`='',`rotatey`='',`rotatez`='',`topsrc`='',`bottomsrc`='',`leftsrc`='',`rightsrc`='',`beforesrc`='',`aftersrc`='' WHERE `id` = 5 [ RunTime:0.0495s ]
SQL: SELECT * FROM `list` WHERE `id` = 5 LIMIT 1   [ RunTime:0.0004s ]

[ 2018-03-28T10:11:00+08:00 ] 192.168.1.20 /pro/index.php/home/index/getOne
INFO: [ app_init ] --START--
INFO: Run Behavior\BuildLiteBehavior [ RunTime:0.000019s ]
INFO: [ app_init ] --END-- [ RunTime:0.000547s ]
INFO: [ app_begin ] --START--
INFO: Run Behavior\ReadHtmlCacheBehavior [ RunTime:0.003450s ]
INFO: [ app_begin ] --END-- [ RunTime:0.003723s ]
SQL: SHOW COLUMNS FROM `list` [ RunTime:0.0011s ]
SQL: SHOW COLUMNS FROM `list` [ RunTime:0.0010s ]
SQL: SELECT * FROM `list`  [ RunTime:0.0012s ]

[ 2018-03-28T10:11:02+08:00 ] 192.168.1.20 /pro/index.php/home/index/getOne
INFO: [ app_init ] --START--
INFO: Run Behavior\BuildLiteBehavior [ RunTime:0.000063s ]
INFO: [ app_init ] --END-- [ RunTime:0.001085s ]
INFO: [ app_begin ] --START--
INFO: Run Behavior\ReadHtmlCacheBehavior [ RunTime:0.001762s ]
INFO: [ app_begin ] --END-- [ RunTime:0.001858s ]
SQL: SHOW COLUMNS FROM `list` [ RunTime:0.0031s ]
SQL: SHOW COLUMNS FROM `list` [ RunTime:0.0017s ]
SQL: SELECT * FROM `list`  [ RunTime:0.0005s ]

[ 2018-03-28T10:11:06+08:00 ] 192.168.1.20 /pro/index.php/home/index/imgUpload
INFO: [ app_init ] --START--
INFO: Run Behavior\BuildLiteBehavior [ RunTime:0.000014s ]
INFO: [ app_init ] --END-- [ RunTime:0.000473s ]
INFO: [ app_begin ] --START--
INFO: Run Behavior\ReadHtmlCacheBehavior [ RunTime:0.001109s ]
INFO: [ app_begin ] --END-- [ RunTime:0.001175s ]
NOTIC: [2] call_user_func() expects parameter 1 to be a valid callback, no array or string given D:\web\pro\ThinkPHP\Library\Think\Upload.class.php 第 182 行.

[ 2018-03-28T10:11:11+08:00 ] 192.168.1.20 /pro/index.php/home/index/imgUpload
INFO: [ app_init ] --START--
INFO: Run Behavior\BuildLiteBehavior [ RunTime:0.000039s ]
INFO: [ app_init ] --END-- [ RunTime:0.000722s ]
INFO: [ app_begin ] --START--
INFO: Run Behavior\ReadHtmlCacheBehavior [ RunTime:0.001070s ]
INFO: [ app_begin ] --END-- [ RunTime:0.001143s ]
NOTIC: [2] call_user_func() expects parameter 1 to be a valid callback, no array or string given D:\web\pro\ThinkPHP\Library\Think\Upload.class.php 第 182 行.

[ 2018-03-28T10:14:06+08:00 ] 192.168.1.20 /pro/index.php/home/index/getOne
INFO: [ app_init ] --START--
INFO: Run Behavior\BuildLiteBehavior [ RunTime:0.000032s ]
INFO: [ app_init ] --END-- [ RunTime:0.000843s ]
INFO: [ app_begin ] --START--
INFO: Run Behavior\ReadHtmlCacheBehavior [ RunTime:0.001394s ]
INFO: [ app_begin ] --END-- [ RunTime:0.001489s ]
SQL: SHOW COLUMNS FROM `list` [ RunTime:0.0015s ]
SQL: SHOW COLUMNS FROM `list` [ RunTime:0.0013s ]
SQL: SELECT * FROM `list`  [ RunTime:0.0005s ]

[ 2018-03-28T10:14:11+08:00 ] 192.168.1.20 /pro/index.php/home/index/imgUpload
INFO: [ app_init ] --START--
INFO: Run Behavior\BuildLiteBehavior [ RunTime:0.000016s ]
INFO: [ app_init ] --END-- [ RunTime:0.000599s ]
INFO: [ app_begin ] --START--
INFO: Run Behavior\ReadHtmlCacheBehavior [ RunTime:0.000993s ]
INFO: [ app_begin ] --END-- [ RunTime:0.001050s ]
NOTIC: [2] call_user_func() expects parameter 1 to be a valid callback, no array or string given D:\web\pro\ThinkPHP\Library\Think\Upload.class.php 第 182 行.

[ 2018-03-28T10:14:28+08:00 ] 192.168.1.20 /pro/index.php/home/index/imgUpload
INFO: [ app_init ] --START--
INFO: Run Behavior\BuildLiteBehavior [ RunTime:0.000023s ]
INFO: [ app_init ] --END-- [ RunTime:0.001242s ]
INFO: [ app_begin ] --START--
INFO: Run Behavior\ReadHtmlCacheBehavior [ RunTime:0.002067s ]
INFO: [ app_begin ] --END-- [ RunTime:0.002224s ]
NOTIC: [2] call_user_func() expects parameter 1 to be a valid callback, no array or string given D:\web\pro\ThinkPHP\Library\Think\Upload.class.php 第 182 行.

[ 2018-03-28T10:15:02+08:00 ] 192.168.1.20 /pro/index.php/home/index/imgUpload
INFO: [ app_init ] --START--
INFO: Run Behavior\BuildLiteBehavior [ RunTime:0.000025s ]
INFO: [ app_init ] --END-- [ RunTime:0.000825s ]
INFO: [ app_begin ] --START--
INFO: Run Behavior\ReadHtmlCacheBehavior [ RunTime:0.001687s ]
INFO: [ app_begin ] --END-- [ RunTime:0.001806s ]
NOTIC: [2] call_user_func() expects parameter 1 to be a valid callback, no array or string given D:\web\pro\ThinkPHP\Library\Think\Upload.class.php 第 182 行.

[ 2018-03-28T10:16:11+08:00 ] 192.168.1.20 /pro/index.php/home/index/imgUpload
INFO: [ app_init ] --START--
INFO: Run Behavior\BuildLiteBehavior [ RunTime:0.000022s ]
INFO: [ app_init ] --END-- [ RunTime:0.000944s ]
INFO: [ app_begin ] --START--
INFO: Run Behavior\ReadHtmlCacheBehavior [ RunTime:0.001249s ]
INFO: [ app_begin ] --END-- [ RunTime:0.001321s ]
NOTIC: [2] call_user_func() expects parameter 1 to be a valid callback, no array or string given D:\web\pro\ThinkPHP\Library\Think\Upload.class.php 第 182 行.

[ 2018-03-28T10:16:20+08:00 ] 192.168.1.20 /pro/index.php/home/index/imgUpload
INFO: [ app_init ] --START--
INFO: Run Behavior\BuildLiteBehavior [ RunTime:0.000015s ]
INFO: [ app_init ] --END-- [ RunTime:0.000491s ]
INFO: [ app_begin ] --START--
INFO: Run Behavior\ReadHtmlCacheBehavior [ RunTime:0.000984s ]
INFO: [ app_begin ] --END-- [ RunTime:0.001054s ]
NOTIC: [2] call_user_func() expects parameter 1 to be a valid callback, no array or string given D:\web\pro\ThinkPHP\Library\Think\Upload.class.php 第 182 行.

[ 2018-03-28T10:16:47+08:00 ] 192.168.1.20 /pro/index.php/home/index/imgUpload
INFO: [ app_init ] --START--
INFO: Run Behavior\BuildLiteBehavior [ RunTime:0.000023s ]
INFO: [ app_init ] --END-- [ RunTime:0.001142s ]
INFO: [ app_begin ] --START--
INFO: Run Behavior\ReadHtmlCacheBehavior [ RunTime:0.001374s ]
INFO: [ app_begin ] --END-- [ RunTime:0.001490s ]
NOTIC: [2] call_user_func() expects parameter 1 to be a valid callback, no array or string given D:\web\pro\ThinkPHP\Library\Think\Upload.class.php 第 182 行.

[ 2018-03-28T10:17:02+08:00 ] 192.168.1.20 /pro/index.php/home/index/changeOne
INFO: [ app_init ] --START--
INFO: Run Behavior\BuildLiteBehavior [ RunTime:0.000018s ]
INFO: [ app_init ] --END-- [ RunTime:0.000743s ]
INFO: [ app_begin ] --START--
INFO: Run Behavior\ReadHtmlCacheBehavior [ RunTime:0.001078s ]
INFO: [ app_begin ] --END-- [ RunTime:0.001146s ]
SQL: SHOW COLUMNS FROM `list` [ RunTime:0.0010s ]
SQL: SHOW COLUMNS FROM `list` [ RunTime:0.0007s ]
SQL: SELECT * FROM `list` WHERE `id` = 5  [ RunTime:0.0004s ]
SQL: UPDATE `list` SET `name`='地毯',`width`='1000',`height`='800',`long`='3000',`left`='0',`top`='',`right`='',`bottom`='0',`translatex`='',`translatey`='',`translatez`='',`rotatex`='',`rotatey`='',`rotatez`='',`topsrc`='background: url(\'/pro/upload//img/20180328/5abafa739703a.jpg\') no-repeat center center;background-size:cover',`bottomsrc`='background: url(\'/pro/upload//img/20180328/5abafa84cecac.jpg\') repeat center center;background-size:auto',`leftsrc`='background: url(\'/pro/upload//img/20180328/5abafaa6b8eb1.jpg\') repeat center center;background-size:auto',`rightsrc`='background: url(\'/pro/upload//img/20180328/5abafaa6b8eb1.jpg\') repeat center center;background-size:auto',`beforesrc`='',`aftersrc`='background: url(\'/pro/upload//img/20180328/5abafaf4c1b02.jpg\') no-repeat center center;background-size:cover' WHERE `id` = 5 [ RunTime:0.1670s ]
SQL: SELECT * FROM `list` WHERE `id` = 5 LIMIT 1   [ RunTime:0.0007s ]

[ 2018-03-28T10:17:02+08:00 ] 192.168.1.20 /pro/index.php/home/index/getOne
INFO: [ app_init ] --START--
INFO: Run Behavior\BuildLiteBehavior [ RunTime:0.000026s ]
INFO: [ app_init ] --END-- [ RunTime:0.001018s ]
INFO: [ app_begin ] --START--
INFO: Run Behavior\ReadHtmlCacheBehavior [ RunTime:0.001144s ]
INFO: [ app_begin ] --END-- [ RunTime:0.001236s ]
SQL: SHOW COLUMNS FROM `list` [ RunTime:0.0008s ]
SQL: SHOW COLUMNS FROM `list` [ RunTime:0.0008s ]
SQL: SELECT * FROM `list`  [ RunTime:0.0004s ]

[ 2018-03-28T10:40:22+08:00 ] 192.168.1.20 /pro/index.php/home/index/getOne
INFO: [ app_init ] --START--
INFO: Run Behavior\BuildLiteBehavior [ RunTime:0.000025s ]
INFO: [ app_init ] --END-- [ RunTime:0.001765s ]
INFO: [ app_begin ] --START--
INFO: Run Behavior\ReadHtmlCacheBehavior [ RunTime:0.001542s ]
INFO: [ app_begin ] --END-- [ RunTime:0.001633s ]
SQL: SHOW COLUMNS FROM `list` [ RunTime:0.0011s ]
SQL: SHOW COLUMNS FROM `list` [ RunTime:0.0006s ]
SQL: SELECT * FROM `list`  [ RunTime:0.0003s ]

[ 2018-03-28T10:42:41+08:00 ] 192.168.1.20 /pro/index.php/home/index/getOne
INFO: [ app_init ] --START--
INFO: Run Behavior\BuildLiteBehavior [ RunTime:0.000024s ]
INFO: [ app_init ] --END-- [ RunTime:0.000934s ]
INFO: [ app_begin ] --START--
INFO: Run Behavior\ReadHtmlCacheBehavior [ RunTime:0.001702s ]
INFO: [ app_begin ] --END-- [ RunTime:0.001820s ]
SQL: SHOW COLUMNS FROM `list` [ RunTime:0.0016s ]
SQL: SHOW COLUMNS FROM `list` [ RunTime:0.0008s ]
SQL: SELECT * FROM `list`  [ RunTime:0.0004s ]

[ 2018-03-28T10:42:57+08:00 ] 192.168.1.20 /pro/index.php/home/index/changeOne
INFO: [ app_init ] --START--
INFO: Run Behavior\BuildLiteBehavior [ RunTime:0.000014s ]
INFO: [ app_init ] --END-- [ RunTime:0.000515s ]
INFO: [ app_begin ] --START--
INFO: Run Behavior\ReadHtmlCacheBehavior [ RunTime:0.000979s ]
INFO: [ app_begin ] --END-- [ RunTime:0.001054s ]
SQL: SHOW COLUMNS FROM `list` [ RunTime:0.0013s ]
SQL: SHOW COLUMNS FROM `list` [ RunTime:0.0008s ]
SQL: SELECT * FROM `list` WHERE `id` = 5  [ RunTime:0.0004s ]
SQL: UPDATE `list` SET `name`='地毯',`width`='1000',`height`='800',`long`='3000',`left`='0',`top`='',`right`='',`bottom`='0',`translatex`='',`translatey`='',`translatez`='',`rotatex`='',`rotatey`='',`rotatez`='',`topsrc`='background: url(\'/pro/upload//img/20180328/5abafa739703a.jpg\') no-repeat center center;background-size:cover',`bottomsrc`='background: url(\'/pro/upload//img/20180328/5abafa84cecac.jpg\') repeat center center;background-size:auto',`leftsrc`='background: url(\'/pro/upload//img/20180328/5abafaa6b8eb1.jpg\') repeat center center;background-size:auto',`rightsrc`='background: url(\'/pro/upload//img/20180328/5abafaa6b8eb1.jpg\') repeat center center;background-size:auto',`beforesrc`='display:none',`aftersrc`='background: url(\'/pro/upload//img/20180328/5abafaf4c1b02.jpg\') no-repeat center center;background-size:cover' WHERE `id` = 5 [ RunTime:0.2613s ]
SQL: SELECT * FROM `list` WHERE `id` = 5 LIMIT 1   [ RunTime:0.0005s ]

[ 2018-03-28T10:42:57+08:00 ] 192.168.1.20 /pro/index.php/home/index/getOne
INFO: [ app_init ] --START--
INFO: Run Behavior\BuildLiteBehavior [ RunTime:0.000022s ]
INFO: [ app_init ] --END-- [ RunTime:0.000793s ]
INFO: [ app_begin ] --START--
INFO: Run Behavior\ReadHtmlCacheBehavior [ RunTime:0.001270s ]
INFO: [ app_begin ] --END-- [ RunTime:0.001357s ]
SQL: SHOW COLUMNS FROM `list` [ RunTime:0.0011s ]
SQL: SHOW COLUMNS FROM `list` [ RunTime:0.0010s ]
SQL: SELECT * FROM `list`  [ RunTime:0.0005s ]

[ 2018-03-28T10:42:59+08:00 ] 192.168.1.20 /pro/index.php
INFO: [ app_init ] --START--
INFO: Run Behavior\BuildLiteBehavior [ RunTime:0.000022s ]
INFO: [ app_init ] --END-- [ RunTime:0.000816s ]
INFO: [ app_begin ] --START--
INFO: Run Behavior\ReadHtmlCacheBehavior [ RunTime:0.001355s ]
INFO: [ app_begin ] --END-- [ RunTime:0.001445s ]
ERR: 非法操作:index

[ 2018-03-28T10:42:59+08:00 ] 192.168.1.20 /pro/index.php/home/index/getOne
INFO: [ app_init ] --START--
INFO: Run Behavior\BuildLiteBehavior [ RunTime:0.000024s ]
INFO: [ app_init ] --END-- [ RunTime:0.000832s ]
INFO: [ app_begin ] --START--
INFO: Run Behavior\ReadHtmlCacheBehavior [ RunTime:0.001168s ]
INFO: [ app_begin ] --END-- [ RunTime:0.001258s ]
SQL: SHOW COLUMNS FROM `list` [ RunTime:0.0097s ]
SQL: SHOW COLUMNS FROM `list` [ RunTime:0.0011s ]
SQL: SELECT * FROM `list`  [ RunTime:0.0006s ]

[ 2018-03-28T10:57:35+08:00 ] 192.168.1.20 /pro/index.php/home/index/getOne
INFO: [ app_init ] --START--
INFO: Run Behavior\BuildLiteBehavior [ RunTime:0.000024s ]
INFO: [ app_init ] --END-- [ RunTime:0.000915s ]
INFO: [ app_begin ] --START--
INFO: Run Behavior\ReadHtmlCacheBehavior [ RunTime:0.001142s ]
INFO: [ app_begin ] --END-- [ RunTime:0.001211s ]
SQL: SHOW COLUMNS FROM `list` [ RunTime:0.0016s ]
SQL: SHOW COLUMNS FROM `list` [ RunTime:0.0010s ]
SQL: SELECT * FROM `list`  [ RunTime:0.0005s ]

[ 2018-03-28T10:58:48+08:00 ] 192.168.1.20 /pro/index.php/home/index/getOne
INFO: [ app_init ] --START--
INFO: Run Behavior\BuildLiteBehavior [ RunTime:0.000025s ]
INFO: [ app_init ] --END-- [ RunTime:0.001041s ]
INFO: [ app_begin ] --START--
INFO: Run Behavior\ReadHtmlCacheBehavior [ RunTime:0.001490s ]
INFO: [ app_begin ] --END-- [ RunTime:0.001609s ]
SQL: SHOW COLUMNS FROM `list` [ RunTime:0.0013s ]
SQL: SHOW COLUMNS FROM `list` [ RunTime:0.0011s ]
SQL: SELECT * FROM `list`  [ RunTime:0.0006s ]

[ 2018-03-28T10:59:31+08:00 ] 192.168.1.20 /pro/index.php/home/index/getOne
INFO: [ app_init ] --START--
INFO: Run Behavior\BuildLiteBehavior [ RunTime:0.000027s ]
INFO: [ app_init ] --END-- [ RunTime:0.001124s ]
INFO: [ app_begin ] --START--
INFO: Run Behavior\ReadHtmlCacheBehavior [ RunTime:0.001471s ]
INFO: [ app_begin ] --END-- [ RunTime:0.001565s ]
SQL: SHOW COLUMNS FROM `list` [ RunTime:0.0012s ]
SQL: SHOW COLUMNS FROM `list` [ RunTime:0.0007s ]
SQL: SELECT * FROM `list`  [ RunTime:0.0005s ]

[ 2018-03-28T11:01:20+08:00 ] 192.168.1.20 /pro/index.php/home/index/getOne
INFO: [ app_init ] --START--
INFO: Run Behavior\BuildLiteBehavior [ RunTime:0.000026s ]
INFO: [ app_init ] --END-- [ RunTime:0.000869s ]
INFO: [ app_begin ] --START--
INFO: Run Behavior\ReadHtmlCacheBehavior [ RunTime:0.001235s ]
INFO: [ app_begin ] --END-- [ RunTime:0.001329s ]
SQL: SHOW COLUMNS FROM `list` [ RunTime:0.0016s ]
SQL: SHOW COLUMNS FROM `list` [ RunTime:0.0012s ]
SQL: SELECT * FROM `list`  [ RunTime:0.0007s ]

[ 2018-03-28T11:02:02+08:00 ] 192.168.1.20 /pro/index.php/home/index/getOne
INFO: [ app_init ] --START--
INFO: Run Behavior\BuildLiteBehavior [ RunTime:0.000022s ]
INFO: [ app_init ] --END-- [ RunTime:0.000893s ]
INFO: [ app_begin ] --START--
INFO: Run Behavior\ReadHtmlCacheBehavior [ RunTime:0.001441s ]
INFO: [ app_begin ] --END-- [ RunTime:0.001591s ]
SQL: SHOW COLUMNS FROM `list` [ RunTime:0.0014s ]
SQL: SHOW COLUMNS FROM `list` [ RunTime:0.0011s ]
SQL: SELECT * FROM `list`  [ RunTime:0.0007s ]

[ 2018-03-28T11:02:32+08:00 ] 192.168.1.20 /pro/index.php/home/index/getOne
INFO: [ app_init ] --START--
INFO: Run Behavior\BuildLiteBehavior [ RunTime:0.000022s ]
INFO: [ app_init ] --END-- [ RunTime:0.000973s ]
INFO: [ app_begin ] --START--
INFO: Run Behavior\ReadHtmlCacheBehavior [ RunTime:0.001324s ]
INFO: [ app_begin ] --END-- [ RunTime:0.001426s ]
SQL: SHOW COLUMNS FROM `list` [ RunTime:0.0016s ]
SQL: SHOW COLUMNS FROM `list` [ RunTime:0.0011s ]
SQL: SELECT * FROM `list`  [ RunTime:0.0007s ]

[ 2018-03-28T11:03:30+08:00 ] 192.168.1.20 /pro/index.php/home/index/getOne
INFO: [ app_init ] --START--
INFO: Run Behavior\BuildLiteBehavior [ RunTime:0.000083s ]
INFO: [ app_init ] --END-- [ RunTime:0.001717s ]
INFO: [ app_begin ] --START--
INFO: Run Behavior\ReadHtmlCacheBehavior [ RunTime:0.001694s ]
INFO: [ app_begin ] --END-- [ RunTime:0.001825s ]
SQL: SHOW COLUMNS FROM `list` [ RunTime:0.0012s ]
SQL: SHOW COLUMNS FROM `list` [ RunTime:0.0011s ]
SQL: SELECT * FROM `list`  [ RunTime:0.0006s ]

[ 2018-03-28T11:05:00+08:00 ] 192.168.1.20 /pro/index.php/home/index/getOne
INFO: [ app_init ] --START--
INFO: Run Behavior\BuildLiteBehavior [ RunTime:0.000026s ]
INFO: [ app_init ] --END-- [ RunTime:0.001531s ]
INFO: [ app_begin ] --START--
INFO: Run Behavior\ReadHtmlCacheBehavior [ RunTime:0.001623s ]
INFO: [ app_begin ] --END-- [ RunTime:0.001733s ]
SQL: SHOW COLUMNS FROM `list` [ RunTime:0.0013s ]
SQL: SHOW COLUMNS FROM `list` [ RunTime:0.0010s ]
SQL: SELECT * FROM `list`  [ RunTime:0.0006s ]

[ 2018-03-28T11:05:18+08:00 ] 192.168.1.20 /pro/index.php/home/index/getOne
INFO: [ app_init ] --START--
INFO: Run Behavior\BuildLiteBehavior [ RunTime:0.000024s ]
INFO: [ app_init ] --END-- [ RunTime:0.001125s ]
INFO: [ app_begin ] --START--
INFO: Run Behavior\ReadHtmlCacheBehavior [ RunTime:0.001690s ]
INFO: [ app_begin ] --END-- [ RunTime:0.001784s ]
SQL: SHOW COLUMNS FROM `list` [ RunTime:0.0025s ]
SQL: SHOW COLUMNS FROM `list` [ RunTime:0.0012s ]
SQL: SELECT * FROM `list`  [ RunTime:0.0005s ]

[ 2018-03-28T11:11:16+08:00 ] 192.168.1.20 /pro/index.php/home/index/getOne
INFO: [ app_init ] --START--
INFO: Run Behavior\BuildLiteBehavior [ RunTime:0.000021s ]
INFO: [ app_init ] --END-- [ RunTime:0.000877s ]
INFO: [ app_begin ] --START--
INFO: Run Behavior\ReadHtmlCacheBehavior [ RunTime:0.001160s ]
INFO: [ app_begin ] --END-- [ RunTime:0.001249s ]
SQL: SHOW COLUMNS FROM `list` [ RunTime:0.0015s ]
SQL: SHOW COLUMNS FROM `list` [ RunTime:0.0010s ]
SQL: SELECT * FROM `list`  [ RunTime:0.0006s ]

[ 2018-03-28T11:11:26+08:00 ] 192.168.1.20 /pro/index.php/home/index/getOne
INFO: [ app_init ] --START--
INFO: Run Behavior\BuildLiteBehavior [ RunTime:0.000022s ]
INFO: [ app_init ] --END-- [ RunTime:0.003792s ]
INFO: [ app_begin ] --START--
INFO: Run Behavior\ReadHtmlCacheBehavior [ RunTime:0.001592s ]
INFO: [ app_begin ] --END-- [ RunTime:0.001747s ]
SQL: SHOW COLUMNS FROM `list` [ RunTime:0.0010s ]
SQL: SHOW COLUMNS FROM `list` [ RunTime:0.0010s ]
SQL: SELECT * FROM `list`  [ RunTime:0.0006s ]

[ 2018-03-28T11:12:34+08:00 ] 192.168.1.20 /pro/index.php/home/index/getOne
INFO: [ app_init ] --START--
INFO: Run Behavior\BuildLiteBehavior [ RunTime:0.000024s ]
INFO: [ app_init ] --END-- [ RunTime:0.000787s ]
INFO: [ app_begin ] --START--
INFO: Run Behavior\ReadHtmlCacheBehavior [ RunTime:0.001240s ]
INFO: [ app_begin ] --END-- [ RunTime:0.001348s ]
SQL: SHOW COLUMNS FROM `list` [ RunTime:0.0013s ]
SQL: SHOW COLUMNS FROM `list` [ RunTime:0.0011s ]
SQL: SELECT * FROM `list`  [ RunTime:0.0006s ]

[ 2018-03-28T11:13:44+08:00 ] 192.168.1.20 /pro/index.php/home/index/getOne
INFO: [ app_init ] --START--
INFO: Run Behavior\BuildLiteBehavior [ RunTime:0.000023s ]
INFO: [ app_init ] --END-- [ RunTime:0.000916s ]
INFO: [ app_begin ] --START--
INFO: Run Behavior\ReadHtmlCacheBehavior [ RunTime:0.001361s ]
INFO: [ app_begin ] --END-- [ RunTime:0.001454s ]
SQL: SHOW COLUMNS FROM `list` [ RunTime:0.0013s ]
SQL: SHOW COLUMNS FROM `list` [ RunTime:0.0011s ]
SQL: SELECT * FROM `list`  [ RunTime:0.0005s ]

[ 2018-03-28T11:14:43+08:00 ] 192.168.1.20 /pro/index.php/home/index/getOne
INFO: [ app_init ] --START--
INFO: Run Behavior\BuildLiteBehavior [ RunTime:0.000023s ]
INFO: [ app_init ] --END-- [ RunTime:0.001007s ]
INFO: [ app_begin ] --START--
INFO: Run Behavior\ReadHtmlCacheBehavior [ RunTime:0.001330s ]
INFO: [ app_begin ] --END-- [ RunTime:0.001453s ]
SQL: SHOW COLUMNS FROM `list` [ RunTime:0.0011s ]
SQL: SHOW COLUMNS FROM `list` [ RunTime:0.0011s ]
SQL: SELECT * FROM `list`  [ RunTime:0.0006s ]

[ 2018-03-28T11:14:44+08:00 ] 192.168.1.20 /pro/index.php/home/index/getOne
INFO: [ app_init ] --START--
INFO: Run Behavior\BuildLiteBehavior [ RunTime:0.000024s ]
INFO: [ app_init ] --END-- [ RunTime:0.000874s ]
INFO: [ app_begin ] --START--
INFO: Run Behavior\ReadHtmlCacheBehavior [ RunTime:0.001172s ]
INFO: [ app_begin ] --END-- [ RunTime:0.001268s ]
SQL: SHOW COLUMNS FROM `list` [ RunTime:0.0009s ]
SQL: SHOW COLUMNS FROM `list` [ RunTime:0.0010s ]
SQL: SELECT * FROM `list`  [ RunTime:0.0005s ]

[ 2018-03-28T11:16:04+08:00 ] 192.168.1.20 /pro/index.php/home/index/getOne
INFO: [ app_init ] --START--
INFO: Run Behavior\BuildLiteBehavior [ RunTime:0.000021s ]
INFO: [ app_init ] --END-- [ RunTime:0.000779s ]
INFO: [ app_begin ] --START--
INFO: Run Behavior\ReadHtmlCacheBehavior [ RunTime:0.001192s ]
INFO: [ app_begin ] --END-- [ RunTime:0.001282s ]
SQL: SHOW COLUMNS FROM `list` [ RunTime:0.0033s ]
SQL: SHOW COLUMNS FROM `list` [ RunTime:0.0012s ]
SQL: SELECT * FROM `list`  [ RunTime:0.0006s ]

[ 2018-03-28T11:16:09+08:00 ] 192.168.1.20 /pro/index.php/home/index/getOne
INFO: [ app_init ] --START--
INFO: Run Behavior\BuildLiteBehavior [ RunTime:0.000025s ]
INFO: [ app_init ] --END-- [ RunTime:0.001018s ]
INFO: [ app_begin ] --START--
INFO: Run Behavior\ReadHtmlCacheBehavior [ RunTime:0.001463s ]
INFO: [ app_begin ] --END-- [ RunTime:0.001561s ]
SQL: SHOW COLUMNS FROM `list` [ RunTime:0.0010s ]
SQL: SHOW COLUMNS FROM `list` [ RunTime:0.0013s ]
SQL: SELECT * FROM `list`  [ RunTime:0.0008s ]

[ 2018-03-28T11:18:22+08:00 ] 192.168.1.20 /pro/index.php/home/index/getOne
INFO: [ app_init ] --START--
INFO: Run Behavior\BuildLiteBehavior [ RunTime:0.000022s ]
INFO: [ app_init ] --END-- [ RunTime:0.000894s ]
INFO: [ app_begin ] --START--
INFO: Run Behavior\ReadHtmlCacheBehavior [ RunTime:0.001305s ]
INFO: [ app_begin ] --END-- [ RunTime:0.001410s ]
SQL: SHOW COLUMNS FROM `list` [ RunTime:0.0012s ]
SQL: SHOW COLUMNS FROM `list` [ RunTime:0.0011s ]
SQL: SELECT * FROM `list`  [ RunTime:0.0006s ]

[ 2018-03-28T11:19:09+08:00 ] 192.168.1.20 /pro/index.php/home/index/getOne
INFO: [ app_init ] --START--
INFO: Run Behavior\BuildLiteBehavior [ RunTime:0.000021s ]
INFO: [ app_init ] --END-- [ RunTime:0.000805s ]
INFO: [ app_begin ] --START--
INFO: Run Behavior\ReadHtmlCacheBehavior [ RunTime:0.001119s ]
INFO: [ app_begin ] --END-- [ RunTime:0.001214s ]
SQL: SHOW COLUMNS FROM `list` [ RunTime:0.0012s ]
SQL: SHOW COLUMNS FROM `list` [ RunTime:0.0298s ]
SQL: SELECT * FROM `list`  [ RunTime:0.0010s ]

[ 2018-03-28T11:27:52+08:00 ] 192.168.1.20 /pro/index.php/home/index/getOne
INFO: [ app_init ] --START--
INFO: Run Behavior\BuildLiteBehavior [ RunTime:0.000022s ]
INFO: [ app_init ] --END-- [ RunTime:0.000910s ]
INFO: [ app_begin ] --START--
INFO: Run Behavior\ReadHtmlCacheBehavior [ RunTime:0.001545s ]
INFO: [ app_begin ] --END-- [ RunTime:0.001666s ]
SQL: SHOW COLUMNS FROM `list` [ RunTime:0.0013s ]
SQL: SHOW COLUMNS FROM `list` [ RunTime:0.0015s ]
SQL: SELECT * FROM `list`  [ RunTime:0.0006s ]

[ 2018-03-28T11:38:36+08:00 ] 192.168.1.20 /pro/index.php/home/index/getOne
INFO: [ app_init ] --START--
INFO: Run Behavior\BuildLiteBehavior [ RunTime:0.000024s ]
INFO: [ app_init ] --END-- [ RunTime:0.000929s ]
INFO: [ app_begin ] --START--
INFO: Run Behavior\ReadHtmlCacheBehavior [ RunTime:0.001276s ]
INFO: [ app_begin ] --END-- [ RunTime:0.001393s ]
SQL: SHOW COLUMNS FROM `list` [ RunTime:0.0013s ]
SQL: SHOW COLUMNS FROM `list` [ RunTime:0.0013s ]
SQL: SELECT * FROM `list`  [ RunTime:0.0007s ]

[ 2018-03-28T11:38:39+08:00 ] 192.168.1.20 /pro/index.php/home/index/getOne
INFO: [ app_init ] --START--
INFO: Run Behavior\BuildLiteBehavior [ RunTime:0.000024s ]
INFO: [ app_init ] --END-- [ RunTime:0.000891s ]
INFO: [ app_begin ] --START--
INFO: Run Behavior\ReadHtmlCacheBehavior [ RunTime:0.001281s ]
INFO: [ app_begin ] --END-- [ RunTime:0.001376s ]
SQL: SHOW COLUMNS FROM `list` [ RunTime:0.0012s ]
SQL: SHOW COLUMNS FROM `list` [ RunTime:0.0012s ]
SQL: SELECT * FROM `list`  [ RunTime:0.0007s ]

[ 2018-03-28T11:41:27+08:00 ] 192.168.1.20 /pro/index.php/home/index/changeOne
INFO: [ app_init ] --START--
INFO: Run Behavior\BuildLiteBehavior [ RunTime:0.000015s ]
INFO: [ app_init ] --END-- [ RunTime:0.000641s ]
INFO: [ app_begin ] --START--
INFO: Run Behavior\ReadHtmlCacheBehavior [ RunTime:0.001109s ]
INFO: [ app_begin ] --END-- [ RunTime:0.001190s ]
SQL: SHOW COLUMNS FROM `list` [ RunTime:0.0138s ]
SQL: SHOW COLUMNS FROM `list` [ RunTime:0.0010s ]
SQL: SELECT * FROM `list` WHERE `id` = 6  [ RunTime:0.0006s ]
SQL: UPDATE `list` SET `name`='壁挂1',`width`='10',`height`='200',`long`='200',`left`='0',`top`='',`right`='',`bottom`='250',`translatex`='15',`translatey`='',`translatez`='-226',`rotatex`='',`rotatey`='',`rotatez`='',`topsrc`='/pro/upload//img/20180322/5ab369074cccd.jpg',`bottomsrc`='/pro/upload//img/20180322/5ab3696adf3fb.jpg',`leftsrc`='/pro/upload//img/20180322/5ab36936789fc.jpg',`rightsrc`='',`beforesrc`='/pro/upload//img/20180322/5ab3692447081.jpg',`aftersrc`='/pro/upload//img/20180322/5ab3691b67550.jpg' WHERE `id` = 6 [ RunTime:0.3084s ]
SQL: SELECT * FROM `list` WHERE `id` = 6 LIMIT 1   [ RunTime:0.0010s ]

[ 2018-03-28T11:41:27+08:00 ] 192.168.1.20 /pro/index.php/home/index/getOne
INFO: [ app_init ] --START--
INFO: Run Behavior\BuildLiteBehavior [ RunTime:0.000037s ]
INFO: [ app_init ] --END-- [ RunTime:0.001113s ]
INFO: [ app_begin ] --START--
INFO: Run Behavior\ReadHtmlCacheBehavior [ RunTime:0.001312s ]
INFO: [ app_begin ] --END-- [ RunTime:0.001408s ]
SQL: SHOW COLUMNS FROM `list` [ RunTime:0.0033s ]
SQL: SHOW COLUMNS FROM `list` [ RunTime:0.0016s ]
SQL: SELECT * FROM `list`  [ RunTime:0.0007s ]

