[ 2018-03-21T11:02:49+08:00 ] 192.168.1.20 /attp/index.php/home/index
INFO: [ app_init ] --START--
INFO: Run Behavior\BuildLiteBehavior [ RunTime:0.000015s ]
INFO: [ app_init ] --END-- [ RunTime:0.000728s ]
INFO: [ app_begin ] --START--
INFO: Run Behavior\ReadHtmlCacheBehavior [ RunTime:0.021710s ]
INFO: [ app_begin ] --END-- [ RunTime:0.021787s ]
ERR: 非法操作:index

[ 2018-03-21T11:02:59+08:00 ] 192.168.1.20 /attp/index.php/home/deleteOne
INFO: [ app_init ] --START--
INFO: Run Behavior\BuildLiteBehavior [ RunTime:0.000014s ]
INFO: [ app_init ] --END-- [ RunTime:0.000658s ]
INFO: [ app_begin ] --START--
INFO: Run Behavior\ReadHtmlCacheBehavior [ RunTime:0.001045s ]
INFO: [ app_begin ] --END-- [ RunTime:0.001107s ]
ERR: 无法加载控制器:DeleteOne

[ 2018-03-21T11:03:22+08:00 ] 192.168.1.20 /attp/index.php/Home/index/deleteOne
INFO: [ app_init ] --START--
INFO: Run Behavior\BuildLiteBehavior [ RunTime:0.000014s ]
INFO: [ app_init ] --END-- [ RunTime:0.000670s ]
INFO: [ app_begin ] --START--
INFO: Run Behavior\ReadHtmlCacheBehavior [ RunTime:0.001069s ]
INFO: [ app_begin ] --END-- [ RunTime:0.001119s ]

[ 2018-03-21T11:30:53+08:00 ] 192.168.1.20 /attp/index.php/Home/index/getOne
INFO: [ app_init ] --START--
INFO: Run Behavior\BuildLiteBehavior [ RunTime:0.000018s ]
INFO: [ app_init ] --END-- [ RunTime:0.000758s ]
INFO: [ app_begin ] --START--
INFO: Run Behavior\ReadHtmlCacheBehavior [ RunTime:0.001041s ]
INFO: [ app_begin ] --END-- [ RunTime:0.001090s ]
SQL: SHOW COLUMNS FROM `list` [ RunTime:0.0053s ]
SQL: SHOW COLUMNS FROM `list` [ RunTime:0.0011s ]
SQL: SELECT * FROM `list` WHERE `id` = 0  [ RunTime:0.0005s ]

[ 2018-03-21T11:31:24+08:00 ] 192.168.1.20 /attp/index.php/Home/index/getOne
INFO: [ app_init ] --START--
INFO: Run Behavior\BuildLiteBehavior [ RunTime:0.000014s ]
INFO: [ app_init ] --END-- [ RunTime:0.000635s ]
INFO: [ app_begin ] --START--
INFO: Run Behavior\ReadHtmlCacheBehavior [ RunTime:0.000825s ]
INFO: [ app_begin ] --END-- [ RunTime:0.000889s ]
SQL: SHOW COLUMNS FROM `list` [ RunTime:0.0027s ]
SQL: SHOW COLUMNS FROM `list` [ RunTime:0.0009s ]
SQL: SELECT * FROM `list` WHERE `id` = 0  [ RunTime:0.0004s ]

[ 2018-03-21T11:31:27+08:00 ] 192.168.1.20 /attp/index.php/Home/index/getOne
INFO: [ app_init ] --START--
INFO: Run Behavior\BuildLiteBehavior [ RunTime:0.000019s ]
INFO: [ app_init ] --END-- [ RunTime:0.000768s ]
INFO: [ app_begin ] --START--
INFO: Run Behavior\ReadHtmlCacheBehavior [ RunTime:0.001010s ]
INFO: [ app_begin ] --END-- [ RunTime:0.001066s ]
SQL: SHOW COLUMNS FROM `list` [ RunTime:0.0031s ]
SQL: SHOW COLUMNS FROM `list` [ RunTime:0.0007s ]
SQL: SELECT * FROM `list` WHERE `id` = 0  [ RunTime:0.0003s ]

[ 2018-03-21T11:31:47+08:00 ] 192.168.1.20 /attp/index.php/Home/index/getOne?id=1
INFO: [ app_init ] --START--
INFO: Run Behavior\BuildLiteBehavior [ RunTime:0.000015s ]
INFO: [ app_init ] --END-- [ RunTime:0.000737s ]
INFO: [ app_begin ] --START--
INFO: Run Behavior\ReadHtmlCacheBehavior [ RunTime:0.000844s ]
INFO: [ app_begin ] --END-- [ RunTime:0.000894s ]
SQL: SHOW COLUMNS FROM `list` [ RunTime:0.0028s ]
SQL: SHOW COLUMNS FROM `list` [ RunTime:0.0007s ]
SQL: SELECT * FROM `list` WHERE `id` = 1  [ RunTime:0.0004s ]

[ 2018-03-21T11:32:39+08:00 ] 192.168.1.20 /attp/index.php/Home/index/getOne?id=1
INFO: [ app_init ] --START--
INFO: Run Behavior\BuildLiteBehavior [ RunTime:0.000014s ]
INFO: [ app_init ] --END-- [ RunTime:0.000659s ]
INFO: [ app_begin ] --START--
INFO: Run Behavior\ReadHtmlCacheBehavior [ RunTime:0.001047s ]
INFO: [ app_begin ] --END-- [ RunTime:0.001105s ]
SQL: SHOW COLUMNS FROM `list` [ RunTime:0.0025s ]
SQL: SHOW COLUMNS FROM `list` [ RunTime:0.0007s ]
SQL: SELECT * FROM `list` WHERE `id` = 1  [ RunTime:0.0004s ]

[ 2018-03-21T11:32:40+08:00 ] 192.168.1.20 /attp/index.php/Home/index/getOne?id=1
INFO: [ app_init ] --START--
INFO: Run Behavior\BuildLiteBehavior [ RunTime:0.000034s ]
INFO: [ app_init ] --END-- [ RunTime:0.000863s ]
INFO: [ app_begin ] --START--
INFO: Run Behavior\ReadHtmlCacheBehavior [ RunTime:0.000951s ]
INFO: [ app_begin ] --END-- [ RunTime:0.001009s ]
SQL: SHOW COLUMNS FROM `list` [ RunTime:0.0024s ]
SQL: SHOW COLUMNS FROM `list` [ RunTime:0.0009s ]
SQL: SELECT * FROM `list` WHERE `id` = 1  [ RunTime:0.0004s ]

[ 2018-03-21T11:32:44+08:00 ] 192.168.1.20 /attp/index.php/Home/index/getOne
INFO: [ app_init ] --START--
INFO: Run Behavior\BuildLiteBehavior [ RunTime:0.000014s ]
INFO: [ app_init ] --END-- [ RunTime:0.000501s ]
INFO: [ app_begin ] --START--
INFO: Run Behavior\ReadHtmlCacheBehavior [ RunTime:0.001037s ]
INFO: [ app_begin ] --END-- [ RunTime:0.001106s ]
SQL: SHOW COLUMNS FROM `list` [ RunTime:0.0024s ]
SQL: SHOW COLUMNS FROM `list` [ RunTime:0.0007s ]
SQL: SELECT * FROM `list`  [ RunTime:0.0004s ]

[ 2018-03-21T11:32:47+08:00 ] 192.168.1.20 /attp/index.php/Home/index/getOne
INFO: [ app_init ] --START--
INFO: Run Behavior\BuildLiteBehavior [ RunTime:0.000023s ]
INFO: [ app_init ] --END-- [ RunTime:0.000789s ]
INFO: [ app_begin ] --START--
INFO: Run Behavior\ReadHtmlCacheBehavior [ RunTime:0.001454s ]
INFO: [ app_begin ] --END-- [ RunTime:0.001540s ]
SQL: SHOW COLUMNS FROM `list` [ RunTime:0.0030s ]
SQL: SHOW COLUMNS FROM `list` [ RunTime:0.0010s ]
SQL: SELECT * FROM `list`  [ RunTime:0.0004s ]

[ 2018-03-21T11:33:11+08:00 ] 192.168.1.20 /attp/index.php/Home/index/getOne
INFO: [ app_init ] --START--
INFO: Run Behavior\BuildLiteBehavior [ RunTime:0.000030s ]
INFO: [ app_init ] --END-- [ RunTime:0.000674s ]
INFO: [ app_begin ] --START--
INFO: Run Behavior\ReadHtmlCacheBehavior [ RunTime:0.001163s ]
INFO: [ app_begin ] --END-- [ RunTime:0.001228s ]
SQL: SHOW COLUMNS FROM `list` [ RunTime:0.0026s ]
SQL: SHOW COLUMNS FROM `list` [ RunTime:0.0007s ]
SQL: SELECT * FROM `list`  [ RunTime:0.0004s ]

[ 2018-03-21T11:33:17+08:00 ] 192.168.1.20 /attp/index.php/Home/index/getOne?id=1
INFO: [ app_init ] --START--
INFO: Run Behavior\BuildLiteBehavior [ RunTime:0.000016s ]
INFO: [ app_init ] --END-- [ RunTime:0.000652s ]
INFO: [ app_begin ] --START--
INFO: Run Behavior\ReadHtmlCacheBehavior [ RunTime:0.000989s ]
INFO: [ app_begin ] --END-- [ RunTime:0.001061s ]
SQL: SHOW COLUMNS FROM `list` [ RunTime:0.0023s ]
SQL: SHOW COLUMNS FROM `list` [ RunTime:0.0008s ]
SQL: SELECT * FROM `list` WHERE `id` = 1  [ RunTime:0.0172s ]

[ 2018-03-21T11:33:21+08:00 ] 192.168.1.20 /attp/index.php/Home/index/getOne?id=2
INFO: [ app_init ] --START--
INFO: Run Behavior\BuildLiteBehavior [ RunTime:0.000015s ]
INFO: [ app_init ] --END-- [ RunTime:0.000718s ]
INFO: [ app_begin ] --START--
INFO: Run Behavior\ReadHtmlCacheBehavior [ RunTime:0.001090s ]
INFO: [ app_begin ] --END-- [ RunTime:0.001191s ]
SQL: SHOW COLUMNS FROM `list` [ RunTime:0.0030s ]
SQL: SHOW COLUMNS FROM `list` [ RunTime:0.0009s ]
SQL: SELECT * FROM `list` WHERE `id` = 2  [ RunTime:0.0004s ]

[ 2018-03-21T13:49:21+08:00 ] 192.168.1.20 /attp/index.php/Home/index/getOne
INFO: [ app_init ] --START--
INFO: Run Behavior\BuildLiteBehavior [ RunTime:0.000022s ]
INFO: [ app_init ] --END-- [ RunTime:0.000970s ]
INFO: [ app_begin ] --START--
INFO: Run Behavior\ReadHtmlCacheBehavior [ RunTime:0.000964s ]
INFO: [ app_begin ] --END-- [ RunTime:0.001025s ]
SQL: SHOW COLUMNS FROM `list` [ RunTime:0.0257s ]
SQL: SHOW COLUMNS FROM `list` [ RunTime:0.0007s ]
SQL: SELECT * FROM `list`  [ RunTime:0.0004s ]

[ 2018-03-21T13:49:40+08:00 ] 192.168.1.20 /attp/index.php/Home/index/getOne
INFO: [ app_init ] --START--
INFO: Run Behavior\BuildLiteBehavior [ RunTime:0.000018s ]
INFO: [ app_init ] --END-- [ RunTime:0.000710s ]
INFO: [ app_begin ] --START--
INFO: Run Behavior\ReadHtmlCacheBehavior [ RunTime:0.001088s ]
INFO: [ app_begin ] --END-- [ RunTime:0.001156s ]
SQL: SHOW COLUMNS FROM `list` [ RunTime:0.0035s ]
SQL: SHOW COLUMNS FROM `list` [ RunTime:0.0017s ]
SQL: SELECT * FROM `list`  [ RunTime:0.0005s ]

[ 2018-03-21T13:49:43+08:00 ] 192.168.1.20 /attp/index.php/Home/index/getOne
INFO: [ app_init ] --START--
INFO: Run Behavior\BuildLiteBehavior [ RunTime:0.000022s ]
INFO: [ app_init ] --END-- [ RunTime:0.000802s ]
INFO: [ app_begin ] --START--
INFO: Run Behavior\ReadHtmlCacheBehavior [ RunTime:0.001232s ]
INFO: [ app_begin ] --END-- [ RunTime:0.001341s ]
SQL: SHOW COLUMNS FROM `list` [ RunTime:0.0035s ]
SQL: SHOW COLUMNS FROM `list` [ RunTime:0.0007s ]
SQL: SELECT * FROM `list`  [ RunTime:0.0004s ]

[ 2018-03-21T13:50:55+08:00 ] 192.168.1.20 /attp/index.php/Home/index/getOne
INFO: [ app_init ] --START--
INFO: Run Behavior\BuildLiteBehavior [ RunTime:0.000025s ]
INFO: [ app_init ] --END-- [ RunTime:0.001004s ]
INFO: [ app_begin ] --START--
INFO: Run Behavior\ReadHtmlCacheBehavior [ RunTime:0.002594s ]
INFO: [ app_begin ] --END-- [ RunTime:0.002890s ]
SQL: SHOW COLUMNS FROM `list` [ RunTime:0.0031s ]
SQL: SHOW COLUMNS FROM `list` [ RunTime:0.0011s ]
SQL: SELECT * FROM `list`  [ RunTime:0.0006s ]

[ 2018-03-21T13:52:00+08:00 ] 192.168.1.20 /attp/index.php/Home/index/getOne
INFO: [ app_init ] --START--
INFO: Run Behavior\BuildLiteBehavior [ RunTime:0.000022s ]
INFO: [ app_init ] --END-- [ RunTime:0.000813s ]
INFO: [ app_begin ] --START--
INFO: Run Behavior\ReadHtmlCacheBehavior [ RunTime:0.002238s ]
INFO: [ app_begin ] --END-- [ RunTime:0.002403s ]
SQL: SHOW COLUMNS FROM `list` [ RunTime:0.0018s ]
SQL: SHOW COLUMNS FROM `list` [ RunTime:0.0011s ]
SQL: SELECT * FROM `list`  [ RunTime:0.0006s ]

[ 2018-03-21T13:55:54+08:00 ] 192.168.1.20 /attp/index.php/Home/index/getOne
INFO: [ app_init ] --START--
INFO: Run Behavior\BuildLiteBehavior [ RunTime:0.000023s ]
INFO: [ app_init ] --END-- [ RunTime:0.000942s ]
INFO: [ app_begin ] --START--
INFO: Run Behavior\ReadHtmlCacheBehavior [ RunTime:0.001360s ]
INFO: [ app_begin ] --END-- [ RunTime:0.001464s ]
SQL: SHOW COLUMNS FROM `list` [ RunTime:0.0044s ]
SQL: SHOW COLUMNS FROM `list` [ RunTime:0.0013s ]
SQL: SELECT * FROM `list`  [ RunTime:0.0004s ]

[ 2018-03-21T13:56:03+08:00 ] 192.168.1.20 /attp/index.php/Home/index/getOne
INFO: [ app_init ] --START--
INFO: Run Behavior\BuildLiteBehavior [ RunTime:0.000028s ]
INFO: [ app_init ] --END-- [ RunTime:0.002547s ]
INFO: [ app_begin ] --START--
INFO: Run Behavior\ReadHtmlCacheBehavior [ RunTime:0.001720s ]
INFO: [ app_begin ] --END-- [ RunTime:0.001860s ]
SQL: SHOW COLUMNS FROM `list` [ RunTime:0.0037s ]
SQL: SHOW COLUMNS FROM `list` [ RunTime:0.0010s ]
SQL: SELECT * FROM `list`  [ RunTime:0.0008s ]

[ 2018-03-21T13:57:25+08:00 ] 192.168.1.20 /attp/index.php/Home/index/getOne
INFO: [ app_init ] --START--
INFO: Run Behavior\BuildLiteBehavior [ RunTime:0.000026s ]
INFO: [ app_init ] --END-- [ RunTime:0.000894s ]
INFO: [ app_begin ] --START--
INFO: Run Behavior\ReadHtmlCacheBehavior [ RunTime:0.003507s ]
INFO: [ app_begin ] --END-- [ RunTime:0.003645s ]
SQL: SHOW COLUMNS FROM `list` [ RunTime:0.0569s ]
SQL: SHOW COLUMNS FROM `list` [ RunTime:0.0010s ]
SQL: SELECT * FROM `list`  [ RunTime:0.0005s ]

[ 2018-03-21T14:01:27+08:00 ] 192.168.1.20 /attp/index.php/Home/index/getOne
INFO: [ app_init ] --START--
INFO: Run Behavior\BuildLiteBehavior [ RunTime:0.000024s ]
INFO: [ app_init ] --END-- [ RunTime:0.001036s ]
INFO: [ app_begin ] --START--
INFO: Run Behavior\ReadHtmlCacheBehavior [ RunTime:0.001414s ]
INFO: [ app_begin ] --END-- [ RunTime:0.001510s ]
SQL: SHOW COLUMNS FROM `list` [ RunTime:0.0030s ]
SQL: SHOW COLUMNS FROM `list` [ RunTime:0.0008s ]
SQL: SELECT * FROM `list`  [ RunTime:0.0445s ]

[ 2018-03-21T14:04:18+08:00 ] 192.168.1.20 /attp/index.php/Home/index/getOne
INFO: [ app_init ] --START--
INFO: Run Behavior\BuildLiteBehavior [ RunTime:0.000045s ]
INFO: [ app_init ] --END-- [ RunTime:0.001504s ]
INFO: [ app_begin ] --START--
INFO: Run Behavior\ReadHtmlCacheBehavior [ RunTime:0.001392s ]
INFO: [ app_begin ] --END-- [ RunTime:0.001488s ]
SQL: SHOW COLUMNS FROM `list` [ RunTime:0.0140s ]
SQL: SHOW COLUMNS FROM `list` [ RunTime:0.0011s ]
SQL: SELECT * FROM `list`  [ RunTime:0.0004s ]

[ 2018-03-21T14:04:31+08:00 ] 192.168.1.20 /attp/index.php/Home/index/deleteOne
INFO: [ app_init ] --START--
INFO: Run Behavior\BuildLiteBehavior [ RunTime:0.000016s ]
INFO: [ app_init ] --END-- [ RunTime:0.000642s ]
INFO: [ app_begin ] --START--
INFO: Run Behavior\ReadHtmlCacheBehavior [ RunTime:0.000864s ]
INFO: [ app_begin ] --END-- [ RunTime:0.000927s ]
SQL: SHOW COLUMNS FROM `list` [ RunTime:0.0022s ]
SQL: SHOW COLUMNS FROM `list` [ RunTime:0.0013s ]
SQL: SELECT * FROM `list` WHERE `id` = 2 LIMIT 1   [ RunTime:0.0005s ]
SQL: DELETE FROM `list` WHERE `id` = 2 [ RunTime:0.1412s ]

[ 2018-03-21T14:04:31+08:00 ] 192.168.1.20 /attp/index.php/Home/index/getOne
INFO: [ app_init ] --START--
INFO: Run Behavior\BuildLiteBehavior [ RunTime:0.000014s ]
INFO: [ app_init ] --END-- [ RunTime:0.000527s ]
INFO: [ app_begin ] --START--
INFO: Run Behavior\ReadHtmlCacheBehavior [ RunTime:0.000765s ]
INFO: [ app_begin ] --END-- [ RunTime:0.000848s ]
SQL: SHOW COLUMNS FROM `list` [ RunTime:0.0025s ]
SQL: SHOW COLUMNS FROM `list` [ RunTime:0.0010s ]
SQL: SELECT * FROM `list`  [ RunTime:0.0004s ]

[ 2018-03-21T14:04:49+08:00 ] 192.168.1.20 /attp/index.php/Home/index/deleteOne
INFO: [ app_init ] --START--
INFO: Run Behavior\BuildLiteBehavior [ RunTime:0.000028s ]
INFO: [ app_init ] --END-- [ RunTime:0.000690s ]
INFO: [ app_begin ] --START--
INFO: Run Behavior\ReadHtmlCacheBehavior [ RunTime:0.000877s ]
INFO: [ app_begin ] --END-- [ RunTime:0.000929s ]
SQL: SHOW COLUMNS FROM `list` [ RunTime:0.0021s ]
SQL: SHOW COLUMNS FROM `list` [ RunTime:0.0008s ]
SQL: SELECT * FROM `list` WHERE `id` = 1 LIMIT 1   [ RunTime:0.0004s ]
SQL: DELETE FROM `list` WHERE `id` = 1 [ RunTime:0.1087s ]

[ 2018-03-21T14:04:49+08:00 ] 192.168.1.20 /attp/index.php/Home/index/getOne
INFO: [ app_init ] --START--
INFO: Run Behavior\BuildLiteBehavior [ RunTime:0.000020s ]
INFO: [ app_init ] --END-- [ RunTime:0.001000s ]
INFO: [ app_begin ] --START--
INFO: Run Behavior\ReadHtmlCacheBehavior [ RunTime:0.001056s ]
INFO: [ app_begin ] --END-- [ RunTime:0.001138s ]
SQL: SHOW COLUMNS FROM `list` [ RunTime:0.0211s ]
SQL: SHOW COLUMNS FROM `list` [ RunTime:0.0008s ]
SQL: SELECT * FROM `list`  [ RunTime:0.0003s ]

[ 2018-03-21T14:05:35+08:00 ] 192.168.1.20 /attp/index.php/Home/index/getOne
INFO: [ app_init ] --START--
INFO: Run Behavior\BuildLiteBehavior [ RunTime:0.000024s ]
INFO: [ app_init ] --END-- [ RunTime:0.000902s ]
INFO: [ app_begin ] --START--
INFO: Run Behavior\ReadHtmlCacheBehavior [ RunTime:0.001425s ]
INFO: [ app_begin ] --END-- [ RunTime:0.001524s ]
SQL: SHOW COLUMNS FROM `list` [ RunTime:0.0036s ]
SQL: SHOW COLUMNS FROM `list` [ RunTime:0.0011s ]
SQL: SELECT * FROM `list`  [ RunTime:0.0005s ]

[ 2018-03-21T14:32:42+08:00 ] 192.168.1.20 /attp/index.php/Home/index/getOne
INFO: [ app_init ] --START--
INFO: Run Behavior\BuildLiteBehavior [ RunTime:0.000024s ]
INFO: [ app_init ] --END-- [ RunTime:0.000916s ]
INFO: [ app_begin ] --START--
INFO: Run Behavior\ReadHtmlCacheBehavior [ RunTime:0.001323s ]
INFO: [ app_begin ] --END-- [ RunTime:0.001413s ]
SQL: SHOW COLUMNS FROM `list` [ RunTime:0.0350s ]
SQL: SHOW COLUMNS FROM `list` [ RunTime:0.0170s ]
SQL: SELECT * FROM `list`  [ RunTime:0.0015s ]

[ 2018-03-21T14:36:11+08:00 ] 192.168.1.20 /attp/index.php/Home/index/getOne
INFO: [ app_init ] --START--
INFO: Run Behavior\BuildLiteBehavior [ RunTime:0.000025s ]
INFO: [ app_init ] --END-- [ RunTime:0.001037s ]
INFO: [ app_begin ] --START--
INFO: Run Behavior\ReadHtmlCacheBehavior [ RunTime:0.004859s ]
INFO: [ app_begin ] --END-- [ RunTime:0.004946s ]
SQL: SHOW COLUMNS FROM `list` [ RunTime:0.0135s ]
SQL: SHOW COLUMNS FROM `list` [ RunTime:0.0010s ]
SQL: SELECT * FROM `list`  [ RunTime:0.0005s ]

[ 2018-03-21T14:37:05+08:00 ] 192.168.1.20 /attp/index.php/Home/index/getOne
INFO: [ app_init ] --START--
INFO: Run Behavior\BuildLiteBehavior [ RunTime:0.000021s ]
INFO: [ app_init ] --END-- [ RunTime:0.001552s ]
INFO: [ app_begin ] --START--
INFO: Run Behavior\ReadHtmlCacheBehavior [ RunTime:0.001502s ]
INFO: [ app_begin ] --END-- [ RunTime:0.001600s ]
SQL: SHOW COLUMNS FROM `list` [ RunTime:0.0050s ]
SQL: SHOW COLUMNS FROM `list` [ RunTime:0.0013s ]
SQL: SELECT * FROM `list`  [ RunTime:0.0004s ]

[ 2018-03-21T14:37:07+08:00 ] 192.168.1.20 /attp/index.php/Home/index/getOne
INFO: [ app_init ] --START--
INFO: Run Behavior\BuildLiteBehavior [ RunTime:0.000018s ]
INFO: [ app_init ] --END-- [ RunTime:0.000960s ]
INFO: [ app_begin ] --START--
INFO: Run Behavior\ReadHtmlCacheBehavior [ RunTime:0.001691s ]
INFO: [ app_begin ] --END-- [ RunTime:0.001784s ]
SQL: SHOW COLUMNS FROM `list` [ RunTime:0.0146s ]
SQL: SHOW COLUMNS FROM `list` [ RunTime:0.0010s ]
SQL: SELECT * FROM `list`  [ RunTime:0.0006s ]

[ 2018-03-21T14:38:05+08:00 ] 192.168.1.20 /attp/index.php/Home/index/getOne
INFO: [ app_init ] --START--
INFO: Run Behavior\BuildLiteBehavior [ RunTime:0.000026s ]
INFO: [ app_init ] --END-- [ RunTime:0.000956s ]
INFO: [ app_begin ] --START--
INFO: Run Behavior\ReadHtmlCacheBehavior [ RunTime:0.002233s ]
INFO: [ app_begin ] --END-- [ RunTime:0.002339s ]
SQL: SHOW COLUMNS FROM `list` [ RunTime:0.0011s ]
SQL: SHOW COLUMNS FROM `list` [ RunTime:0.0011s ]
SQL: SELECT * FROM `list`  [ RunTime:0.0005s ]

[ 2018-03-21T14:38:08+08:00 ] 192.168.1.20 /attp/index.php/Home/index/createOne
INFO: [ app_init ] --START--
INFO: Run Behavior\BuildLiteBehavior [ RunTime:0.000020s ]
INFO: [ app_init ] --END-- [ RunTime:0.000523s ]
INFO: [ app_begin ] --START--
INFO: Run Behavior\ReadHtmlCacheBehavior [ RunTime:0.000943s ]
INFO: [ app_begin ] --END-- [ RunTime:0.001019s ]
SQL: SHOW COLUMNS FROM `list` [ RunTime:0.0023s ]
SQL: SHOW COLUMNS FROM `list` [ RunTime:0.0008s ]
SQL: SELECT * FROM `list` WHERE `name` = '名称'  [ RunTime:0.0004s ]
SQL: INSERT INTO `list` (`name`,`width`,`height`,`long`,`translatex`,`translatey`,`translatez`,`rotatex`,`rotatey`,`rotatez`) VALUES ('名称','100','100','100','0','0','0','0','0','0') [ RunTime:0.0501s ]
SQL: SELECT * FROM `list` WHERE `name` = '名称' LIMIT 1   [ RunTime:0.0006s ]

[ 2018-03-21T14:38:08+08:00 ] 192.168.1.20 /attp/index.php/Home/index/getOne
INFO: [ app_init ] --START--
INFO: Run Behavior\BuildLiteBehavior [ RunTime:0.000023s ]
INFO: [ app_init ] --END-- [ RunTime:0.000794s ]
INFO: [ app_begin ] --START--
INFO: Run Behavior\ReadHtmlCacheBehavior [ RunTime:0.001235s ]
INFO: [ app_begin ] --END-- [ RunTime:0.001326s ]
SQL: SHOW COLUMNS FROM `list` [ RunTime:0.0010s ]
SQL: SHOW COLUMNS FROM `list` [ RunTime:0.0009s ]
SQL: SELECT * FROM `list`  [ RunTime:0.0004s ]

[ 2018-03-21T14:38:12+08:00 ] 192.168.1.20 /attp/index.php/Home/index/createOne
INFO: [ app_init ] --START--
INFO: Run Behavior\BuildLiteBehavior [ RunTime:0.000016s ]
INFO: [ app_init ] --END-- [ RunTime:0.000690s ]
INFO: [ app_begin ] --START--
INFO: Run Behavior\ReadHtmlCacheBehavior [ RunTime:0.000799s ]
INFO: [ app_begin ] --END-- [ RunTime:0.000855s ]
SQL: SHOW COLUMNS FROM `list` [ RunTime:0.0010s ]
SQL: SHOW COLUMNS FROM `list` [ RunTime:0.0011s ]
SQL: SELECT * FROM `list` WHERE `name` = '名称'  [ RunTime:0.0004s ]

[ 2018-03-21T14:39:31+08:00 ] 192.168.1.20 /attp/index.php/Home/index/getOne
INFO: [ app_init ] --START--
INFO: Run Behavior\BuildLiteBehavior [ RunTime:0.000038s ]
INFO: [ app_init ] --END-- [ RunTime:0.001116s ]
INFO: [ app_begin ] --START--
INFO: Run Behavior\ReadHtmlCacheBehavior [ RunTime:0.000977s ]
INFO: [ app_begin ] --END-- [ RunTime:0.001051s ]
SQL: SHOW COLUMNS FROM `list` [ RunTime:0.0487s ]
SQL: SHOW COLUMNS FROM `list` [ RunTime:0.0007s ]
SQL: SELECT * FROM `list`  [ RunTime:0.0004s ]

[ 2018-03-21T14:39:49+08:00 ] 192.168.1.20 /attp/index.php/Home/index/getOne
INFO: [ app_init ] --START--
INFO: Run Behavior\BuildLiteBehavior [ RunTime:0.000024s ]
INFO: [ app_init ] --END-- [ RunTime:0.001118s ]
INFO: [ app_begin ] --START--
INFO: Run Behavior\ReadHtmlCacheBehavior [ RunTime:0.001600s ]
INFO: [ app_begin ] --END-- [ RunTime:0.001717s ]
SQL: SHOW COLUMNS FROM `list` [ RunTime:0.0010s ]
SQL: SHOW COLUMNS FROM `list` [ RunTime:0.0011s ]
SQL: SELECT * FROM `list`  [ RunTime:0.0006s ]

[ 2018-03-21T15:43:04+08:00 ] 192.168.1.20 /attp/index.php/Home/index/getOne
INFO: [ app_init ] --START--
INFO: Run Behavior\BuildLiteBehavior [ RunTime:0.000030s ]
INFO: [ app_init ] --END-- [ RunTime:0.001079s ]
INFO: [ app_begin ] --START--
INFO: Run Behavior\ReadHtmlCacheBehavior [ RunTime:0.001653s ]
INFO: [ app_begin ] --END-- [ RunTime:0.001738s ]
SQL: SHOW COLUMNS FROM `list` [ RunTime:0.0213s ]
SQL: SHOW COLUMNS FROM `list` [ RunTime:0.0016s ]
SQL: SELECT * FROM `list`  [ RunTime:0.0077s ]

[ 2018-03-21T15:43:45+08:00 ] 192.168.1.20 /attp/index.php/Home/index/getOne
INFO: [ app_init ] --START--
INFO: Run Behavior\BuildLiteBehavior [ RunTime:0.000048s ]
INFO: [ app_init ] --END-- [ RunTime:0.000903s ]
INFO: [ app_begin ] --START--
INFO: Run Behavior\ReadHtmlCacheBehavior [ RunTime:0.000980s ]
INFO: [ app_begin ] --END-- [ RunTime:0.001053s ]
SQL: SHOW COLUMNS FROM `list` [ RunTime:0.0053s ]
SQL: SHOW COLUMNS FROM `list` [ RunTime:0.0011s ]
SQL: SELECT * FROM `list`  [ RunTime:0.0004s ]

[ 2018-03-21T15:44:28+08:00 ] 192.168.1.20 /attp/index.php/Home/index/getOne
INFO: [ app_init ] --START--
INFO: Run Behavior\BuildLiteBehavior [ RunTime:0.000023s ]
INFO: [ app_init ] --END-- [ RunTime:0.000778s ]
INFO: [ app_begin ] --START--
INFO: Run Behavior\ReadHtmlCacheBehavior [ RunTime:0.001264s ]
INFO: [ app_begin ] --END-- [ RunTime:0.001354s ]
SQL: SHOW COLUMNS FROM `list` [ RunTime:0.0041s ]
SQL: SHOW COLUMNS FROM `list` [ RunTime:0.0009s ]
SQL: SELECT * FROM `list`  [ RunTime:0.0004s ]

[ 2018-03-21T15:44:31+08:00 ] 192.168.1.20 /attp/index.php/Home/index/getOne
INFO: [ app_init ] --START--
INFO: Run Behavior\BuildLiteBehavior [ RunTime:0.000031s ]
INFO: [ app_init ] --END-- [ RunTime:0.000959s ]
INFO: [ app_begin ] --START--
INFO: Run Behavior\ReadHtmlCacheBehavior [ RunTime:0.004850s ]
INFO: [ app_begin ] --END-- [ RunTime:0.004980s ]
SQL: SHOW COLUMNS FROM `list` [ RunTime:0.0025s ]
SQL: SHOW COLUMNS FROM `list` [ RunTime:0.0011s ]
SQL: SELECT * FROM `list`  [ RunTime:0.0006s ]

[ 2018-03-21T15:45:28+08:00 ] 192.168.1.20 /attp/index.php/Home/index/getOne
INFO: [ app_init ] --START--
INFO: Run Behavior\BuildLiteBehavior [ RunTime:0.000015s ]
INFO: [ app_init ] --END-- [ RunTime:0.000612s ]
INFO: [ app_begin ] --START--
INFO: Run Behavior\ReadHtmlCacheBehavior [ RunTime:0.000866s ]
INFO: [ app_begin ] --END-- [ RunTime:0.000928s ]
SQL: SHOW COLUMNS FROM `list` [ RunTime:0.0033s ]
SQL: SHOW COLUMNS FROM `list` [ RunTime:0.0012s ]
SQL: SELECT * FROM `list`  [ RunTime:0.0012s ]

[ 2018-03-21T15:45:47+08:00 ] 192.168.1.20 /attp/index.php/Home/index/getOne
INFO: [ app_init ] --START--
INFO: Run Behavior\BuildLiteBehavior [ RunTime:0.000015s ]
INFO: [ app_init ] --END-- [ RunTime:0.000609s ]
INFO: [ app_begin ] --START--
INFO: Run Behavior\ReadHtmlCacheBehavior [ RunTime:0.000814s ]
INFO: [ app_begin ] --END-- [ RunTime:0.000892s ]
SQL: SHOW COLUMNS FROM `list` [ RunTime:0.0027s ]
SQL: SHOW COLUMNS FROM `list` [ RunTime:0.0008s ]
SQL: SELECT * FROM `list`  [ RunTime:0.0003s ]

[ 2018-03-21T15:46:20+08:00 ] 192.168.1.20 /attp/index.php/Home/index/getOne
INFO: [ app_init ] --START--
INFO: Run Behavior\BuildLiteBehavior [ RunTime:0.000023s ]
INFO: [ app_init ] --END-- [ RunTime:0.001048s ]
INFO: [ app_begin ] --START--
INFO: Run Behavior\ReadHtmlCacheBehavior [ RunTime:0.000946s ]
INFO: [ app_begin ] --END-- [ RunTime:0.001019s ]
SQL: SHOW COLUMNS FROM `list` [ RunTime:0.0042s ]
SQL: SHOW COLUMNS FROM `list` [ RunTime:0.0018s ]
SQL: SELECT * FROM `list`  [ RunTime:0.0006s ]

[ 2018-03-21T15:47:06+08:00 ] 192.168.1.20 /attp/index.php/Home/index/getOne
INFO: [ app_init ] --START--
INFO: Run Behavior\BuildLiteBehavior [ RunTime:0.000024s ]
INFO: [ app_init ] --END-- [ RunTime:0.000911s ]
INFO: [ app_begin ] --START--
INFO: Run Behavior\ReadHtmlCacheBehavior [ RunTime:0.001710s ]
INFO: [ app_begin ] --END-- [ RunTime:0.001810s ]
SQL: SHOW COLUMNS FROM `list` [ RunTime:0.0035s ]
SQL: SHOW COLUMNS FROM `list` [ RunTime:0.0011s ]
SQL: SELECT * FROM `list`  [ RunTime:0.0005s ]

[ 2018-03-21T15:48:03+08:00 ] 192.168.1.20 /attp/index.php/Home/index/getOne
INFO: [ app_init ] --START--
INFO: Run Behavior\BuildLiteBehavior [ RunTime:0.000016s ]
INFO: [ app_init ] --END-- [ RunTime:0.000663s ]
INFO: [ app_begin ] --START--
INFO: Run Behavior\ReadHtmlCacheBehavior [ RunTime:0.000820s ]
INFO: [ app_begin ] --END-- [ RunTime:0.000884s ]
SQL: SHOW COLUMNS FROM `list` [ RunTime:0.0038s ]
SQL: SHOW COLUMNS FROM `list` [ RunTime:0.0015s ]
SQL: SELECT * FROM `list`  [ RunTime:0.0007s ]

[ 2018-03-21T15:49:12+08:00 ] 192.168.1.20 /attp/index.php/Home/index/getOne
INFO: [ app_init ] --START--
INFO: Run Behavior\BuildLiteBehavior [ RunTime:0.000016s ]
INFO: [ app_init ] --END-- [ RunTime:0.000669s ]
INFO: [ app_begin ] --START--
INFO: Run Behavior\ReadHtmlCacheBehavior [ RunTime:0.000967s ]
INFO: [ app_begin ] --END-- [ RunTime:0.001033s ]
SQL: SHOW COLUMNS FROM `list` [ RunTime:0.0033s ]
SQL: SHOW COLUMNS FROM `list` [ RunTime:0.0011s ]
SQL: SELECT * FROM `list`  [ RunTime:0.0021s ]

[ 2018-03-21T15:56:21+08:00 ] 192.168.1.20 /attp/index.php/Home/index/getOne
INFO: [ app_init ] --START--
INFO: Run Behavior\BuildLiteBehavior [ RunTime:0.000022s ]
INFO: [ app_init ] --END-- [ RunTime:0.001281s ]
INFO: [ app_begin ] --START--
INFO: Run Behavior\ReadHtmlCacheBehavior [ RunTime:0.000956s ]
INFO: [ app_begin ] --END-- [ RunTime:0.001048s ]
SQL: SHOW COLUMNS FROM `list` [ RunTime:0.0011s ]
SQL: SHOW COLUMNS FROM `list` [ RunTime:0.0012s ]
SQL: SELECT * FROM `list`  [ RunTime:0.0005s ]

[ 2018-03-21T15:56:37+08:00 ] 192.168.1.20 /attp/index.php/Home/index/getOne
INFO: [ app_init ] --START--
INFO: Run Behavior\BuildLiteBehavior [ RunTime:0.000017s ]
INFO: [ app_init ] --END-- [ RunTime:0.000828s ]
INFO: [ app_begin ] --START--
INFO: Run Behavior\ReadHtmlCacheBehavior [ RunTime:0.001182s ]
INFO: [ app_begin ] --END-- [ RunTime:0.001275s ]
SQL: SHOW COLUMNS FROM `list` [ RunTime:0.0036s ]
SQL: SHOW COLUMNS FROM `list` [ RunTime:0.0011s ]
SQL: SELECT * FROM `list`  [ RunTime:0.0004s ]

[ 2018-03-21T15:57:07+08:00 ] 192.168.1.20 /attp/index.php/Home/index/getOne
INFO: [ app_init ] --START--
INFO: Run Behavior\BuildLiteBehavior [ RunTime:0.000023s ]
INFO: [ app_init ] --END-- [ RunTime:0.000945s ]
INFO: [ app_begin ] --START--
INFO: Run Behavior\ReadHtmlCacheBehavior [ RunTime:0.000852s ]
INFO: [ app_begin ] --END-- [ RunTime:0.000914s ]
SQL: SHOW COLUMNS FROM `list` [ RunTime:0.0024s ]
SQL: SHOW COLUMNS FROM `list` [ RunTime:0.0009s ]
SQL: SELECT * FROM `list`  [ RunTime:0.0007s ]

[ 2018-03-21T15:58:13+08:00 ] 192.168.1.20 /attp/index.php/Home/index/getOne
INFO: [ app_init ] --START--
INFO: Run Behavior\BuildLiteBehavior [ RunTime:0.000024s ]
INFO: [ app_init ] --END-- [ RunTime:0.000821s ]
INFO: [ app_begin ] --START--
INFO: Run Behavior\ReadHtmlCacheBehavior [ RunTime:0.001783s ]
INFO: [ app_begin ] --END-- [ RunTime:0.001923s ]
SQL: SHOW COLUMNS FROM `list` [ RunTime:0.0034s ]
SQL: SHOW COLUMNS FROM `list` [ RunTime:0.0010s ]
SQL: SELECT * FROM `list`  [ RunTime:0.0005s ]

[ 2018-03-21T15:58:57+08:00 ] 192.168.1.20 /attp/index.php/Home/index/getOne
INFO: [ app_init ] --START--
INFO: Run Behavior\BuildLiteBehavior [ RunTime:0.000022s ]
INFO: [ app_init ] --END-- [ RunTime:0.000887s ]
INFO: [ app_begin ] --START--
INFO: Run Behavior\ReadHtmlCacheBehavior [ RunTime:0.001520s ]
INFO: [ app_begin ] --END-- [ RunTime:0.001624s ]
SQL: SHOW COLUMNS FROM `list` [ RunTime:0.0033s ]
SQL: SHOW COLUMNS FROM `list` [ RunTime:0.0010s ]
SQL: SELECT * FROM `list`  [ RunTime:0.0006s ]

[ 2018-03-21T15:59:34+08:00 ] 192.168.1.20 /attp/index.php/Home/index/getOne
INFO: [ app_init ] --START--
INFO: Run Behavior\BuildLiteBehavior [ RunTime:0.000020s ]
INFO: [ app_init ] --END-- [ RunTime:0.000917s ]
INFO: [ app_begin ] --START--
INFO: Run Behavior\ReadHtmlCacheBehavior [ RunTime:0.000817s ]
INFO: [ app_begin ] --END-- [ RunTime:0.000912s ]
SQL: SHOW COLUMNS FROM `list` [ RunTime:0.0032s ]
SQL: SHOW COLUMNS FROM `list` [ RunTime:0.0010s ]
SQL: SELECT * FROM `list`  [ RunTime:0.0004s ]

[ 2018-03-21T16:11:49+08:00 ] 192.168.1.20 /attp/index.php/Home/index/getOne
INFO: [ app_init ] --START--
INFO: Run Behavior\BuildLiteBehavior [ RunTime:0.000023s ]
INFO: [ app_init ] --END-- [ RunTime:0.000826s ]
INFO: [ app_begin ] --START--
INFO: Run Behavior\ReadHtmlCacheBehavior [ RunTime:0.001214s ]
INFO: [ app_begin ] --END-- [ RunTime:0.001302s ]
SQL: SHOW COLUMNS FROM `list` [ RunTime:0.0079s ]
SQL: SHOW COLUMNS FROM `list` [ RunTime:0.0008s ]
SQL: SELECT * FROM `list`  [ RunTime:0.0004s ]

[ 2018-03-21T16:17:02+08:00 ] 192.168.1.20 /attp/index.php/home/index/getOne
INFO: [ app_init ] --START--
INFO: Run Behavior\BuildLiteBehavior [ RunTime:0.001295s ]
INFO: [ app_init ] --END-- [ RunTime:0.002803s ]
INFO: [ app_begin ] --START--
INFO: Run Behavior\ReadHtmlCacheBehavior [ RunTime:0.001437s ]
INFO: [ app_begin ] --END-- [ RunTime:0.001535s ]
SQL: SHOW COLUMNS FROM `list` [ RunTime:0.0017s ]
SQL: SHOW COLUMNS FROM `list` [ RunTime:0.0013s ]
SQL: SELECT * FROM `list`  [ RunTime:0.0005s ]

[ 2018-03-21T16:17:25+08:00 ] 192.168.1.20 /attp/index.php/home/index/getOne
INFO: [ app_init ] --START--
INFO: Run Behavior\BuildLiteBehavior [ RunTime:0.000023s ]
INFO: [ app_init ] --END-- [ RunTime:0.000863s ]
INFO: [ app_begin ] --START--
INFO: Run Behavior\ReadHtmlCacheBehavior [ RunTime:0.001198s ]
INFO: [ app_begin ] --END-- [ RunTime:0.001292s ]
SQL: SHOW COLUMNS FROM `list` [ RunTime:0.0014s ]
SQL: SHOW COLUMNS FROM `list` [ RunTime:0.0013s ]
SQL: SELECT * FROM `list`  [ RunTime:0.0005s ]

[ 2018-03-21T16:17:50+08:00 ] 192.168.1.20 /attp/index.php/home/index/imgUpload
INFO: [ app_init ] --START--
INFO: Run Behavior\BuildLiteBehavior [ RunTime:0.000017s ]
INFO: [ app_init ] --END-- [ RunTime:0.000603s ]
INFO: [ app_begin ] --START--
INFO: Run Behavior\ReadHtmlCacheBehavior [ RunTime:0.000846s ]
INFO: [ app_begin ] --END-- [ RunTime:0.000907s ]
NOTIC: [2] call_user_func() expects parameter 1 to be a valid callback, no array or string given D:\web\attp\ThinkPHP\Library\Think\Upload.class.php 第 182 行.

[ 2018-03-21T16:40:37+08:00 ] 192.168.1.20 /attp/index.php/home/index/getOne
INFO: [ app_init ] --START--
INFO: Run Behavior\BuildLiteBehavior [ RunTime:0.000023s ]
INFO: [ app_init ] --END-- [ RunTime:0.002257s ]
INFO: [ app_begin ] --START--
INFO: Run Behavior\ReadHtmlCacheBehavior [ RunTime:0.001368s ]
INFO: [ app_begin ] --END-- [ RunTime:0.001524s ]
SQL: SHOW COLUMNS FROM `list` [ RunTime:0.0070s ]
SQL: SHOW COLUMNS FROM `list` [ RunTime:0.0011s ]
SQL: SELECT * FROM `list`  [ RunTime:0.0006s ]

[ 2018-03-21T17:00:57+08:00 ] 192.168.1.20 /attp/index.php/home/index/getOne
INFO: [ app_init ] --START--
INFO: Run Behavior\BuildLiteBehavior [ RunTime:0.000019s ]
INFO: [ app_init ] --END-- [ RunTime:0.001152s ]
INFO: [ app_begin ] --START--
INFO: Run Behavior\ReadHtmlCacheBehavior [ RunTime:0.001895s ]
INFO: [ app_begin ] --END-- [ RunTime:0.002037s ]
SQL: SHOW COLUMNS FROM `list` [ RunTime:0.0113s ]
SQL: SHOW COLUMNS FROM `list` [ RunTime:0.0012s ]
SQL: SELECT * FROM `list`  [ RunTime:0.0005s ]

[ 2018-03-21T17:01:04+08:00 ] 192.168.1.20 /attp/index.php/home/index/imgUpload
INFO: [ app_init ] --START--
INFO: Run Behavior\BuildLiteBehavior [ RunTime:0.000017s ]
INFO: [ app_init ] --END-- [ RunTime:0.000792s ]
INFO: [ app_begin ] --START--
INFO: Run Behavior\ReadHtmlCacheBehavior [ RunTime:0.002281s ]
INFO: [ app_begin ] --END-- [ RunTime:0.002956s ]
NOTIC: [2] call_user_func() expects parameter 1 to be a valid callback, no array or string given D:\web\attp\ThinkPHP\Library\Think\Upload.class.php 第 182 行.

[ 2018-03-21T17:02:24+08:00 ] 192.168.1.20 /attp/index.php/home/index/getOne
INFO: [ app_init ] --START--
INFO: Run Behavior\BuildLiteBehavior [ RunTime:0.000136s ]
INFO: [ app_init ] --END-- [ RunTime:0.008922s ]
INFO: [ app_begin ] --START--
INFO: Run Behavior\ReadHtmlCacheBehavior [ RunTime:0.003667s ]
INFO: [ app_begin ] --END-- [ RunTime:0.003749s ]
SQL: SHOW COLUMNS FROM `list` [ RunTime:0.0014s ]
SQL: SHOW COLUMNS FROM `list` [ RunTime:0.0012s ]
SQL: SELECT * FROM `list`  [ RunTime:0.0005s ]

[ 2018-03-21T17:02:27+08:00 ] 192.168.1.20 /attp/index.php/home/index/imgUpload
INFO: [ app_init ] --START--
INFO: Run Behavior\BuildLiteBehavior [ RunTime:0.000022s ]
INFO: [ app_init ] --END-- [ RunTime:0.001021s ]
INFO: [ app_begin ] --START--
INFO: Run Behavior\ReadHtmlCacheBehavior [ RunTime:0.001681s ]
INFO: [ app_begin ] --END-- [ RunTime:0.001817s ]
NOTIC: [2] call_user_func() expects parameter 1 to be a valid callback, no array or string given D:\web\attp\ThinkPHP\Library\Think\Upload.class.php 第 182 行.

[ 2018-03-21T17:03:12+08:00 ] 192.168.1.20 /attp/index.php/home/index/getOne
INFO: [ app_init ] --START--
INFO: Run Behavior\BuildLiteBehavior [ RunTime:0.000024s ]
INFO: [ app_init ] --END-- [ RunTime:0.001728s ]
INFO: [ app_begin ] --START--
INFO: Run Behavior\ReadHtmlCacheBehavior [ RunTime:0.001580s ]
INFO: [ app_begin ] --END-- [ RunTime:0.001728s ]
SQL: SHOW COLUMNS FROM `list` [ RunTime:0.0019s ]
SQL: SHOW COLUMNS FROM `list` [ RunTime:0.0011s ]
SQL: SELECT * FROM `list`  [ RunTime:0.0006s ]

[ 2018-03-21T17:03:25+08:00 ] 192.168.1.20 /attp/index.php/home/index/getOne
INFO: [ app_init ] --START--
INFO: Run Behavior\BuildLiteBehavior [ RunTime:0.000018s ]
INFO: [ app_init ] --END-- [ RunTime:0.000719s ]
INFO: [ app_begin ] --START--
INFO: Run Behavior\ReadHtmlCacheBehavior [ RunTime:0.001174s ]
INFO: [ app_begin ] --END-- [ RunTime:0.001260s ]
SQL: SHOW COLUMNS FROM `list` [ RunTime:0.0010s ]
SQL: SHOW COLUMNS FROM `list` [ RunTime:0.0019s ]
SQL: SELECT * FROM `list`  [ RunTime:0.0016s ]

[ 2018-03-21T17:03:30+08:00 ] 192.168.1.20 /attp/index.php/home/index/imgUpload
INFO: [ app_init ] --START--
INFO: Run Behavior\BuildLiteBehavior [ RunTime:0.000023s ]
INFO: [ app_init ] --END-- [ RunTime:0.000570s ]
INFO: [ app_begin ] --START--
INFO: Run Behavior\ReadHtmlCacheBehavior [ RunTime:0.000968s ]
INFO: [ app_begin ] --END-- [ RunTime:0.001025s ]
NOTIC: [2] call_user_func() expects parameter 1 to be a valid callback, no array or string given D:\web\attp\ThinkPHP\Library\Think\Upload.class.php 第 182 行.

[ 2018-03-21T17:05:33+08:00 ] 192.168.1.20 /attp/index.php/home/index/getOne
INFO: [ app_init ] --START--
INFO: Run Behavior\BuildLiteBehavior [ RunTime:0.000265s ]
INFO: [ app_init ] --END-- [ RunTime:0.001743s ]
INFO: [ app_begin ] --START--
INFO: Run Behavior\ReadHtmlCacheBehavior [ RunTime:0.001377s ]
INFO: [ app_begin ] --END-- [ RunTime:0.001480s ]
SQL: SHOW COLUMNS FROM `list` [ RunTime:0.0012s ]
SQL: SHOW COLUMNS FROM `list` [ RunTime:0.0009s ]
SQL: SELECT * FROM `list`  [ RunTime:0.0005s ]

[ 2018-03-21T17:06:50+08:00 ] 192.168.1.20 /attp/index.php/home/index/getOne
INFO: [ app_init ] --START--
INFO: Run Behavior\BuildLiteBehavior [ RunTime:0.000029s ]
INFO: [ app_init ] --END-- [ RunTime:0.001147s ]
INFO: [ app_begin ] --START--
INFO: Run Behavior\ReadHtmlCacheBehavior [ RunTime:0.005257s ]
INFO: [ app_begin ] --END-- [ RunTime:0.005532s ]
SQL: SHOW COLUMNS FROM `list` [ RunTime:0.0020s ]
SQL: SHOW COLUMNS FROM `list` [ RunTime:0.0024s ]
SQL: SELECT * FROM `list`  [ RunTime:0.0006s ]

[ 2018-03-21T17:08:46+08:00 ] 192.168.1.20 /attp/index.php/home/index/getOne
INFO: [ app_init ] --START--
INFO: Run Behavior\BuildLiteBehavior [ RunTime:0.000015s ]
INFO: [ app_init ] --END-- [ RunTime:0.000625s ]
INFO: [ app_begin ] --START--
INFO: Run Behavior\ReadHtmlCacheBehavior [ RunTime:0.000928s ]
INFO: [ app_begin ] --END-- [ RunTime:0.000993s ]
SQL: SHOW COLUMNS FROM `list` [ RunTime:0.0013s ]
SQL: SHOW COLUMNS FROM `list` [ RunTime:0.0010s ]
SQL: SELECT * FROM `list`  [ RunTime:0.0006s ]

