[ 2018-03-22T14:47:06+08:00 ] 192.168.1.20 /pro/index.php/home/index/getOne
INFO: [ app_init ] --START--
INFO: Run Behavior\BuildLiteBehavior [ RunTime:0.000022s ]
INFO: [ app_init ] --END-- [ RunTime:0.001025s ]
INFO: [ app_begin ] --START--
INFO: Run Behavior\ReadHtmlCacheBehavior [ RunTime:0.001083s ]
INFO: [ app_begin ] --END-- [ RunTime:0.001167s ]
SQL: SHOW COLUMNS FROM `list` [ RunTime:0.0013s ]
SQL: SHOW COLUMNS FROM `list` [ RunTime:0.0009s ]
SQL: SELECT * FROM `list`  [ RunTime:0.0005s ]

[ 2018-03-22T14:47:42+08:00 ] 192.168.1.20 /pro/index.php/home/index/createOne
INFO: [ app_init ] --START--
INFO: Run Behavior\BuildLiteBehavior [ RunTime:0.000013s ]
INFO: [ app_init ] --END-- [ RunTime:0.000687s ]
INFO: [ app_begin ] --START--
INFO: Run Behavior\ReadHtmlCacheBehavior [ RunTime:0.000987s ]
INFO: [ app_begin ] --END-- [ RunTime:0.001046s ]

[ 2018-03-22T14:47:56+08:00 ] 192.168.1.20 /pro/index.php/home/index/createOne
INFO: [ app_init ] --START--
INFO: Run Behavior\BuildLiteBehavior [ RunTime:0.000016s ]
INFO: [ app_init ] --END-- [ RunTime:0.000700s ]
INFO: [ app_begin ] --START--
INFO: Run Behavior\ReadHtmlCacheBehavior [ RunTime:0.002942s ]
INFO: [ app_begin ] --END-- [ RunTime:0.003047s ]
SQL: SHOW COLUMNS FROM `list` [ RunTime:0.0012s ]
SQL: SHOW COLUMNS FROM `list` [ RunTime:0.0007s ]
SQL: SELECT * FROM `list` WHERE `name` = '地毯'  [ RunTime:0.0005s ]
SQL: INSERT INTO `list` (`name`,`width`,`height`,`long`,`left`,`top`,`right`,`bottom`,`translatex`,`translatey`,`translatez`,`rotatex`,`rotatey`,`rotatez`,`topsrc`,`bottomsrc`,`leftsrc`,`rightsrc`,`beforesrc`,`aftersrc`) VALUES ('地毯','500','50','1000','','','','','','','','','','','','','','','','') [ RunTime:0.0819s ]
SQL: SELECT * FROM `list` WHERE `name` = '地毯' LIMIT 1   [ RunTime:0.0004s ]

[ 2018-03-22T14:47:56+08:00 ] 192.168.1.20 /pro/index.php/home/index/getOne
INFO: [ app_init ] --START--
INFO: Run Behavior\BuildLiteBehavior [ RunTime:0.000013s ]
INFO: [ app_init ] --END-- [ RunTime:0.000478s ]
INFO: [ app_begin ] --START--
INFO: Run Behavior\ReadHtmlCacheBehavior [ RunTime:0.000774s ]
INFO: [ app_begin ] --END-- [ RunTime:0.000836s ]
SQL: SHOW COLUMNS FROM `list` [ RunTime:0.0008s ]
SQL: SHOW COLUMNS FROM `list` [ RunTime:0.0007s ]
SQL: SELECT * FROM `list`  [ RunTime:0.0004s ]

[ 2018-03-22T14:51:33+08:00 ] 192.168.1.20 /pro/index.php/home/index/getOne
INFO: [ app_init ] --START--
INFO: Run Behavior\BuildLiteBehavior [ RunTime:0.000025s ]
INFO: [ app_init ] --END-- [ RunTime:0.001223s ]
INFO: [ app_begin ] --START--
INFO: Run Behavior\ReadHtmlCacheBehavior [ RunTime:0.001494s ]
INFO: [ app_begin ] --END-- [ RunTime:0.001591s ]
SQL: SHOW COLUMNS FROM `list` [ RunTime:0.0016s ]
SQL: SHOW COLUMNS FROM `list` [ RunTime:0.0010s ]
SQL: SELECT * FROM `list`  [ RunTime:0.0008s ]

[ 2018-03-22T14:51:58+08:00 ] 192.168.1.20 /pro/index.php/home/index/changeOne
INFO: [ app_init ] --START--
INFO: Run Behavior\BuildLiteBehavior [ RunTime:0.000022s ]
INFO: [ app_init ] --END-- [ RunTime:0.000936s ]
INFO: [ app_begin ] --START--
INFO: Run Behavior\ReadHtmlCacheBehavior [ RunTime:0.001018s ]
INFO: [ app_begin ] --END-- [ RunTime:0.001071s ]
SQL: SHOW COLUMNS FROM `list` [ RunTime:0.0014s ]
SQL: SHOW COLUMNS FROM `list` [ RunTime:0.0009s ]
SQL: SELECT * FROM `list` WHERE `id` = 5  [ RunTime:0.0005s ]
SQL: UPDATE `list` SET `name`='地毯',`width`='500',`height`='50',`long`='1000',`left`='0',`top`='',`right`='',`bottom`='0',`translatex`='',`translatey`='',`translatez`='',`rotatex`='',`rotatey`='',`rotatez`='',`topsrc`='',`bottomsrc`='',`leftsrc`='',`rightsrc`='',`beforesrc`='',`aftersrc`='' WHERE `id` = 5 [ RunTime:0.0792s ]
SQL: SELECT * FROM `list` WHERE `id` = 5 LIMIT 1   [ RunTime:0.0004s ]

[ 2018-03-22T14:51:58+08:00 ] 192.168.1.20 /pro/index.php/home/index/getOne
INFO: [ app_init ] --START--
INFO: Run Behavior\BuildLiteBehavior [ RunTime:0.000021s ]
INFO: [ app_init ] --END-- [ RunTime:0.000863s ]
INFO: [ app_begin ] --START--
INFO: Run Behavior\ReadHtmlCacheBehavior [ RunTime:0.002482s ]
INFO: [ app_begin ] --END-- [ RunTime:0.002605s ]
SQL: SHOW COLUMNS FROM `list` [ RunTime:0.0011s ]
SQL: SHOW COLUMNS FROM `list` [ RunTime:0.0009s ]
SQL: SELECT * FROM `list`  [ RunTime:0.0004s ]

[ 2018-03-22T14:54:08+08:00 ] 192.168.1.20 /pro/index.php/home/index/getOne
INFO: [ app_init ] --START--
INFO: Run Behavior\BuildLiteBehavior [ RunTime:0.000035s ]
INFO: [ app_init ] --END-- [ RunTime:0.001134s ]
INFO: [ app_begin ] --START--
INFO: Run Behavior\ReadHtmlCacheBehavior [ RunTime:0.001325s ]
INFO: [ app_begin ] --END-- [ RunTime:0.001418s ]
SQL: SHOW COLUMNS FROM `list` [ RunTime:0.0013s ]
SQL: SHOW COLUMNS FROM `list` [ RunTime:0.0020s ]
SQL: SELECT * FROM `list`  [ RunTime:0.0004s ]

[ 2018-03-22T14:58:08+08:00 ] 192.168.1.20 /pro/index.php/home/index/getOne
INFO: [ app_init ] --START--
INFO: Run Behavior\BuildLiteBehavior [ RunTime:0.000023s ]
INFO: [ app_init ] --END-- [ RunTime:0.000977s ]
INFO: [ app_begin ] --START--
INFO: Run Behavior\ReadHtmlCacheBehavior [ RunTime:0.001485s ]
INFO: [ app_begin ] --END-- [ RunTime:0.001587s ]
SQL: SHOW COLUMNS FROM `list` [ RunTime:0.0012s ]
SQL: SHOW COLUMNS FROM `list` [ RunTime:0.0008s ]
SQL: SELECT * FROM `list`  [ RunTime:0.0005s ]

[ 2018-03-22T15:00:27+08:00 ] 192.168.1.20 /pro/index.php/home/index/getOne
INFO: [ app_init ] --START--
INFO: Run Behavior\BuildLiteBehavior [ RunTime:0.000022s ]
INFO: [ app_init ] --END-- [ RunTime:0.000951s ]
INFO: [ app_begin ] --START--
INFO: Run Behavior\ReadHtmlCacheBehavior [ RunTime:0.001327s ]
INFO: [ app_begin ] --END-- [ RunTime:0.001423s ]
SQL: SHOW COLUMNS FROM `list` [ RunTime:0.0016s ]
SQL: SHOW COLUMNS FROM `list` [ RunTime:0.0008s ]
SQL: SELECT * FROM `list`  [ RunTime:0.0004s ]

[ 2018-03-22T15:00:29+08:00 ] 192.168.1.20 /pro/index.php/home/index/getOne
INFO: [ app_init ] --START--
INFO: Run Behavior\BuildLiteBehavior [ RunTime:0.000021s ]
INFO: [ app_init ] --END-- [ RunTime:0.000849s ]
INFO: [ app_begin ] --START--
INFO: Run Behavior\ReadHtmlCacheBehavior [ RunTime:0.002767s ]
INFO: [ app_begin ] --END-- [ RunTime:0.002849s ]
SQL: SHOW COLUMNS FROM `list` [ RunTime:0.0011s ]
SQL: SHOW COLUMNS FROM `list` [ RunTime:0.0007s ]
SQL: SELECT * FROM `list`  [ RunTime:0.0004s ]

[ 2018-03-22T15:00:39+08:00 ] 192.168.1.20 /pro/index.php/home/index/changeOne
INFO: [ app_init ] --START--
INFO: Run Behavior\BuildLiteBehavior [ RunTime:0.000013s ]
INFO: [ app_init ] --END-- [ RunTime:0.000652s ]
INFO: [ app_begin ] --START--
INFO: Run Behavior\ReadHtmlCacheBehavior [ RunTime:0.000910s ]
INFO: [ app_begin ] --END-- [ RunTime:0.000965s ]
SQL: SHOW COLUMNS FROM `list` [ RunTime:0.0011s ]
SQL: SHOW COLUMNS FROM `list` [ RunTime:0.0007s ]
SQL: SELECT * FROM `list` WHERE `id` = 5  [ RunTime:0.0005s ]
SQL: UPDATE `list` SET `name`='地毯',`width`='1000',`height`='50',`long`='1000',`left`='0',`top`='',`right`='',`bottom`='0',`translatex`='',`translatey`='',`translatez`='',`rotatex`='',`rotatey`='',`rotatez`='',`topsrc`='',`bottomsrc`='',`leftsrc`='',`rightsrc`='',`beforesrc`='',`aftersrc`='' WHERE `id` = 5 [ RunTime:0.0960s ]
SQL: SELECT * FROM `list` WHERE `id` = 5 LIMIT 1   [ RunTime:0.0005s ]

[ 2018-03-22T15:00:39+08:00 ] 192.168.1.20 /pro/index.php/home/index/getOne
INFO: [ app_init ] --START--
INFO: Run Behavior\BuildLiteBehavior [ RunTime:0.000015s ]
INFO: [ app_init ] --END-- [ RunTime:0.000683s ]
INFO: [ app_begin ] --START--
INFO: Run Behavior\ReadHtmlCacheBehavior [ RunTime:0.001049s ]
INFO: [ app_begin ] --END-- [ RunTime:0.001119s ]
SQL: SHOW COLUMNS FROM `list` [ RunTime:0.0015s ]
SQL: SHOW COLUMNS FROM `list` [ RunTime:0.0007s ]
SQL: SELECT * FROM `list`  [ RunTime:0.0004s ]

[ 2018-03-22T15:01:00+08:00 ] 192.168.1.20 /pro/index.php/home/index/getOne
INFO: [ app_init ] --START--
INFO: Run Behavior\BuildLiteBehavior [ RunTime:0.000026s ]
INFO: [ app_init ] --END-- [ RunTime:0.000956s ]
INFO: [ app_begin ] --START--
INFO: Run Behavior\ReadHtmlCacheBehavior [ RunTime:0.001639s ]
INFO: [ app_begin ] --END-- [ RunTime:0.001744s ]
SQL: SHOW COLUMNS FROM `list` [ RunTime:0.0011s ]
SQL: SHOW COLUMNS FROM `list` [ RunTime:0.0010s ]
SQL: SELECT * FROM `list`  [ RunTime:0.0006s ]

[ 2018-03-22T15:01:20+08:00 ] 192.168.1.20 /pro/index.php/home/index/changeOne
INFO: [ app_init ] --START--
INFO: Run Behavior\BuildLiteBehavior [ RunTime:0.000020s ]
INFO: [ app_init ] --END-- [ RunTime:0.000778s ]
INFO: [ app_begin ] --START--
INFO: Run Behavior\ReadHtmlCacheBehavior [ RunTime:0.001126s ]
INFO: [ app_begin ] --END-- [ RunTime:0.001286s ]
SQL: SHOW COLUMNS FROM `list` [ RunTime:0.0012s ]
SQL: SHOW COLUMNS FROM `list` [ RunTime:0.0010s ]
SQL: SELECT * FROM `list` WHERE `id` = 5  [ RunTime:0.0006s ]
SQL: UPDATE `list` SET `name`='地毯',`width`='1000',`height`='5',`long`='1000',`left`='0',`top`='',`right`='',`bottom`='0',`translatex`='',`translatey`='',`translatez`='',`rotatex`='',`rotatey`='',`rotatez`='',`topsrc`='',`bottomsrc`='',`leftsrc`='',`rightsrc`='',`beforesrc`='',`aftersrc`='' WHERE `id` = 5 [ RunTime:0.0665s ]
SQL: SELECT * FROM `list` WHERE `id` = 5 LIMIT 1   [ RunTime:0.0007s ]

[ 2018-03-22T15:01:20+08:00 ] 192.168.1.20 /pro/index.php/home/index/getOne
INFO: [ app_init ] --START--
INFO: Run Behavior\BuildLiteBehavior [ RunTime:0.000022s ]
INFO: [ app_init ] --END-- [ RunTime:0.000979s ]
INFO: [ app_begin ] --START--
INFO: Run Behavior\ReadHtmlCacheBehavior [ RunTime:0.001146s ]
INFO: [ app_begin ] --END-- [ RunTime:0.001267s ]
SQL: SHOW COLUMNS FROM `list` [ RunTime:0.0012s ]
SQL: SHOW COLUMNS FROM `list` [ RunTime:0.0010s ]
SQL: SELECT * FROM `list`  [ RunTime:0.0006s ]

[ 2018-03-22T15:01:42+08:00 ] 192.168.1.20 /pro/index.php/home/index/imgUpload
INFO: [ app_init ] --START--
INFO: Run Behavior\BuildLiteBehavior [ RunTime:0.000023s ]
INFO: [ app_init ] --END-- [ RunTime:0.000842s ]
INFO: [ app_begin ] --START--
INFO: Run Behavior\ReadHtmlCacheBehavior [ RunTime:0.001128s ]
INFO: [ app_begin ] --END-- [ RunTime:0.001216s ]
NOTIC: [2] call_user_func() expects parameter 1 to be a valid callback, no array or string given D:\web\pro\ThinkPHP\Library\Think\Upload.class.php 第 182 行.

[ 2018-03-22T15:02:24+08:00 ] 192.168.1.20 /pro/index.php/home/index/changeOne
INFO: [ app_init ] --START--
INFO: Run Behavior\BuildLiteBehavior [ RunTime:0.000014s ]
INFO: [ app_init ] --END-- [ RunTime:0.000925s ]
INFO: [ app_begin ] --START--
INFO: Run Behavior\ReadHtmlCacheBehavior [ RunTime:0.001045s ]
INFO: [ app_begin ] --END-- [ RunTime:0.001098s ]
SQL: SHOW COLUMNS FROM `list` [ RunTime:0.0010s ]
SQL: SHOW COLUMNS FROM `list` [ RunTime:0.0008s ]
SQL: SELECT * FROM `list` WHERE `id` = 5  [ RunTime:0.0005s ]
SQL: UPDATE `list` SET `name`='地毯',`width`='1000',`height`='5',`long`='1000',`left`='0',`top`='',`right`='',`bottom`='0',`translatex`='',`translatey`='',`translatez`='',`rotatex`='',`rotatey`='',`rotatez`='',`topsrc`='/pro/upload//img/20180322/5ab354d6cccc6.jpg',`bottomsrc`='',`leftsrc`='',`rightsrc`='',`beforesrc`='',`aftersrc`='' WHERE `id` = 5 [ RunTime:0.0935s ]
SQL: SELECT * FROM `list` WHERE `id` = 5 LIMIT 1   [ RunTime:0.0134s ]

[ 2018-03-22T15:02:24+08:00 ] 192.168.1.20 /pro/index.php/home/index/getOne
INFO: [ app_init ] --START--
INFO: Run Behavior\BuildLiteBehavior [ RunTime:0.000016s ]
INFO: [ app_init ] --END-- [ RunTime:0.000733s ]
INFO: [ app_begin ] --START--
INFO: Run Behavior\ReadHtmlCacheBehavior [ RunTime:0.001369s ]
INFO: [ app_begin ] --END-- [ RunTime:0.001482s ]
SQL: SHOW COLUMNS FROM `list` [ RunTime:0.0009s ]
SQL: SHOW COLUMNS FROM `list` [ RunTime:0.0007s ]
SQL: SELECT * FROM `list`  [ RunTime:0.0004s ]

[ 2018-03-22T15:02:50+08:00 ] 192.168.1.20 /pro/index.php/home/index/getOne
INFO: [ app_init ] --START--
INFO: Run Behavior\BuildLiteBehavior [ RunTime:0.000023s ]
INFO: [ app_init ] --END-- [ RunTime:0.000908s ]
INFO: [ app_begin ] --START--
INFO: Run Behavior\ReadHtmlCacheBehavior [ RunTime:0.003224s ]
INFO: [ app_begin ] --END-- [ RunTime:0.003530s ]
SQL: SHOW COLUMNS FROM `list` [ RunTime:0.0007s ]
SQL: SHOW COLUMNS FROM `list` [ RunTime:0.0007s ]
SQL: SELECT * FROM `list`  [ RunTime:0.0003s ]

[ 2018-03-22T15:03:20+08:00 ] 192.168.1.20 /pro/index.php/home/index/getOne
INFO: [ app_init ] --START--
INFO: Run Behavior\BuildLiteBehavior [ RunTime:0.000032s ]
INFO: [ app_init ] --END-- [ RunTime:0.000972s ]
INFO: [ app_begin ] --START--
INFO: Run Behavior\ReadHtmlCacheBehavior [ RunTime:0.001515s ]
INFO: [ app_begin ] --END-- [ RunTime:0.001615s ]
SQL: SHOW COLUMNS FROM `list` [ RunTime:0.0011s ]
SQL: SHOW COLUMNS FROM `list` [ RunTime:0.0010s ]
SQL: SELECT * FROM `list`  [ RunTime:0.0006s ]

[ 2018-03-22T15:07:03+08:00 ] 192.168.1.20 /pro/index.php/home/index/getOne
INFO: [ app_init ] --START--
INFO: Run Behavior\BuildLiteBehavior [ RunTime:0.000037s ]
INFO: [ app_init ] --END-- [ RunTime:0.001189s ]
INFO: [ app_begin ] --START--
INFO: Run Behavior\ReadHtmlCacheBehavior [ RunTime:0.001577s ]
INFO: [ app_begin ] --END-- [ RunTime:0.001664s ]
SQL: SHOW COLUMNS FROM `list` [ RunTime:0.0014s ]
SQL: SHOW COLUMNS FROM `list` [ RunTime:0.0012s ]
SQL: SELECT * FROM `list`  [ RunTime:0.0004s ]

[ 2018-03-22T15:07:14+08:00 ] 192.168.1.20 /pro/index.php/home/index/getOne
INFO: [ app_init ] --START--
INFO: Run Behavior\BuildLiteBehavior [ RunTime:0.000037s ]
INFO: [ app_init ] --END-- [ RunTime:0.000986s ]
INFO: [ app_begin ] --START--
INFO: Run Behavior\ReadHtmlCacheBehavior [ RunTime:0.001196s ]
INFO: [ app_begin ] --END-- [ RunTime:0.001287s ]
SQL: SHOW COLUMNS FROM `list` [ RunTime:0.0012s ]
SQL: SHOW COLUMNS FROM `list` [ RunTime:0.0010s ]
SQL: SELECT * FROM `list`  [ RunTime:0.0006s ]

[ 2018-03-22T15:07:36+08:00 ] 192.168.1.20 /pro/index.php/home/index/getOne
INFO: [ app_init ] --START--
INFO: Run Behavior\BuildLiteBehavior [ RunTime:0.000021s ]
INFO: [ app_init ] --END-- [ RunTime:0.000890s ]
INFO: [ app_begin ] --START--
INFO: Run Behavior\ReadHtmlCacheBehavior [ RunTime:0.001106s ]
INFO: [ app_begin ] --END-- [ RunTime:0.001182s ]
SQL: SHOW COLUMNS FROM `list` [ RunTime:0.0010s ]
SQL: SHOW COLUMNS FROM `list` [ RunTime:0.0010s ]
SQL: SELECT * FROM `list`  [ RunTime:0.0005s ]

[ 2018-03-22T15:09:22+08:00 ] 192.168.1.20 /pro/index.php/home/index/changeOne
INFO: [ app_init ] --START--
INFO: Run Behavior\BuildLiteBehavior [ RunTime:0.000013s ]
INFO: [ app_init ] --END-- [ RunTime:0.000715s ]
INFO: [ app_begin ] --START--
INFO: Run Behavior\ReadHtmlCacheBehavior [ RunTime:0.001173s ]
INFO: [ app_begin ] --END-- [ RunTime:0.001249s ]
SQL: SHOW COLUMNS FROM `list` [ RunTime:0.0011s ]
SQL: SHOW COLUMNS FROM `list` [ RunTime:0.0007s ]
SQL: SELECT * FROM `list` WHERE `id` = 5  [ RunTime:0.0005s ]
SQL: UPDATE `list` SET `name`='地毯',`width`='839',`height`='5',`long`='1000',`left`='',`top`='',`right`='0',`bottom`='0',`translatex`='',`translatey`='',`translatez`='',`rotatex`='41',`rotatey`='20',`rotatez`='61',`topsrc`='/pro/upload//img/20180322/5ab354d6cccc6.jpg',`bottomsrc`='',`leftsrc`='',`rightsrc`='',`beforesrc`='',`aftersrc`='' WHERE `id` = 5 [ RunTime:0.0483s ]
SQL: SELECT * FROM `list` WHERE `id` = 5 LIMIT 1   [ RunTime:0.0005s ]

[ 2018-03-22T15:09:22+08:00 ] 192.168.1.20 /pro/index.php/home/index/getOne
INFO: [ app_init ] --START--
INFO: Run Behavior\BuildLiteBehavior [ RunTime:0.000013s ]
INFO: [ app_init ] --END-- [ RunTime:0.000610s ]
INFO: [ app_begin ] --START--
INFO: Run Behavior\ReadHtmlCacheBehavior [ RunTime:0.000906s ]
INFO: [ app_begin ] --END-- [ RunTime:0.000956s ]
SQL: SHOW COLUMNS FROM `list` [ RunTime:0.0009s ]
SQL: SHOW COLUMNS FROM `list` [ RunTime:0.0008s ]
SQL: SELECT * FROM `list`  [ RunTime:0.0004s ]

[ 2018-03-22T15:09:25+08:00 ] 192.168.1.20 /pro/index.php/home/index/getOne
INFO: [ app_init ] --START--
INFO: Run Behavior\BuildLiteBehavior [ RunTime:0.000026s ]
INFO: [ app_init ] --END-- [ RunTime:0.000911s ]
INFO: [ app_begin ] --START--
INFO: Run Behavior\ReadHtmlCacheBehavior [ RunTime:0.001308s ]
INFO: [ app_begin ] --END-- [ RunTime:0.001420s ]
SQL: SHOW COLUMNS FROM `list` [ RunTime:0.0011s ]
SQL: SHOW COLUMNS FROM `list` [ RunTime:0.0011s ]
SQL: SELECT * FROM `list`  [ RunTime:0.0007s ]

[ 2018-03-22T15:09:36+08:00 ] 192.168.1.20 /pro/index.php/home/index/getOne
INFO: [ app_init ] --START--
INFO: Run Behavior\BuildLiteBehavior [ RunTime:0.000024s ]
INFO: [ app_init ] --END-- [ RunTime:0.001211s ]
INFO: [ app_begin ] --START--
INFO: Run Behavior\ReadHtmlCacheBehavior [ RunTime:0.001444s ]
INFO: [ app_begin ] --END-- [ RunTime:0.001541s ]
SQL: SHOW COLUMNS FROM `list` [ RunTime:0.0009s ]
SQL: SHOW COLUMNS FROM `list` [ RunTime:0.0010s ]
SQL: SELECT * FROM `list`  [ RunTime:0.0006s ]

[ 2018-03-22T16:08:30+08:00 ] 192.168.1.20 /pro/index.php/home/index/getOne
INFO: [ app_init ] --START--
INFO: Run Behavior\BuildLiteBehavior [ RunTime:0.000024s ]
INFO: [ app_init ] --END-- [ RunTime:0.001790s ]
INFO: [ app_begin ] --START--
INFO: Run Behavior\ReadHtmlCacheBehavior [ RunTime:0.002350s ]
INFO: [ app_begin ] --END-- [ RunTime:0.002479s ]
SQL: SHOW COLUMNS FROM `list` [ RunTime:0.0028s ]
SQL: SHOW COLUMNS FROM `list` [ RunTime:0.0012s ]
SQL: SELECT * FROM `list`  [ RunTime:0.0007s ]

[ 2018-03-22T16:08:53+08:00 ] 192.168.1.20 /pro/index.php/home/index/changeOne
INFO: [ app_init ] --START--
INFO: Run Behavior\BuildLiteBehavior [ RunTime:0.000031s ]
INFO: [ app_init ] --END-- [ RunTime:0.000810s ]
INFO: [ app_begin ] --START--
INFO: Run Behavior\ReadHtmlCacheBehavior [ RunTime:0.001045s ]
INFO: [ app_begin ] --END-- [ RunTime:0.001116s ]
SQL: SHOW COLUMNS FROM `list` [ RunTime:0.0013s ]
SQL: SHOW COLUMNS FROM `list` [ RunTime:0.0008s ]
SQL: SELECT * FROM `list` WHERE `id` = 5  [ RunTime:0.0005s ]
SQL: UPDATE `list` SET `name`='地毯',`width`='839',`height`='5',`long`='1000',`left`='0',`top`='',`right`='',`bottom`='0',`translatex`='',`translatey`='',`translatez`='',`rotatex`='41',`rotatey`='20',`rotatez`='61',`topsrc`='/pro/upload//img/20180322/5ab354d6cccc6.jpg',`bottomsrc`='',`leftsrc`='',`rightsrc`='',`beforesrc`='',`aftersrc`='' WHERE `id` = 5 [ RunTime:0.0710s ]
SQL: SELECT * FROM `list` WHERE `id` = 5 LIMIT 1   [ RunTime:0.0004s ]

[ 2018-03-22T16:08:53+08:00 ] 192.168.1.20 /pro/index.php/home/index/getOne
INFO: [ app_init ] --START--
INFO: Run Behavior\BuildLiteBehavior [ RunTime:0.000015s ]
INFO: [ app_init ] --END-- [ RunTime:0.000876s ]
INFO: [ app_begin ] --START--
INFO: Run Behavior\ReadHtmlCacheBehavior [ RunTime:0.001962s ]
INFO: [ app_begin ] --END-- [ RunTime:0.002122s ]
SQL: SHOW COLUMNS FROM `list` [ RunTime:0.0012s ]
SQL: SHOW COLUMNS FROM `list` [ RunTime:0.0010s ]
SQL: SELECT * FROM `list`  [ RunTime:0.0004s ]

[ 2018-03-22T16:09:06+08:00 ] 192.168.1.20 /pro/index.php/home/index/changeOne
INFO: [ app_init ] --START--
INFO: Run Behavior\BuildLiteBehavior [ RunTime:0.000013s ]
INFO: [ app_init ] --END-- [ RunTime:0.000533s ]
INFO: [ app_begin ] --START--
INFO: Run Behavior\ReadHtmlCacheBehavior [ RunTime:0.000993s ]
INFO: [ app_begin ] --END-- [ RunTime:0.001044s ]
SQL: SHOW COLUMNS FROM `list` [ RunTime:0.0008s ]
SQL: SHOW COLUMNS FROM `list` [ RunTime:0.0007s ]
SQL: SELECT * FROM `list` WHERE `id` = 5  [ RunTime:0.0005s ]
SQL: UPDATE `list` SET `name`='地毯',`width`='813',`height`='5',`long`='1000',`left`='0',`top`='',`right`='',`bottom`='0',`translatex`='',`translatey`='',`translatez`='',`rotatex`='41',`rotatey`='20',`rotatez`='61',`topsrc`='/pro/upload//img/20180322/5ab354d6cccc6.jpg',`bottomsrc`='',`leftsrc`='',`rightsrc`='',`beforesrc`='',`aftersrc`='' WHERE `id` = 5 [ RunTime:0.0587s ]
SQL: SELECT * FROM `list` WHERE `id` = 5 LIMIT 1   [ RunTime:0.0006s ]

[ 2018-03-22T16:09:06+08:00 ] 192.168.1.20 /pro/index.php/home/index/getOne
INFO: [ app_init ] --START--
INFO: Run Behavior\BuildLiteBehavior [ RunTime:0.000015s ]
INFO: [ app_init ] --END-- [ RunTime:0.000570s ]
INFO: [ app_begin ] --START--
INFO: Run Behavior\ReadHtmlCacheBehavior [ RunTime:0.001175s ]
INFO: [ app_begin ] --END-- [ RunTime:0.001292s ]
SQL: SHOW COLUMNS FROM `list` [ RunTime:0.0010s ]
SQL: SHOW COLUMNS FROM `list` [ RunTime:0.0007s ]
SQL: SELECT * FROM `list`  [ RunTime:0.0004s ]

[ 2018-03-22T16:11:02+08:00 ] 192.168.1.20 /pro/index.php/home/index/getOne
INFO: [ app_init ] --START--
INFO: Run Behavior\BuildLiteBehavior [ RunTime:0.000024s ]
INFO: [ app_init ] --END-- [ RunTime:0.000975s ]
INFO: [ app_begin ] --START--
INFO: Run Behavior\ReadHtmlCacheBehavior [ RunTime:0.001812s ]
INFO: [ app_begin ] --END-- [ RunTime:0.002017s ]
SQL: SHOW COLUMNS FROM `list` [ RunTime:0.0014s ]
SQL: SHOW COLUMNS FROM `list` [ RunTime:0.0012s ]
SQL: SELECT * FROM `list`  [ RunTime:0.0006s ]

[ 2018-03-22T16:14:06+08:00 ] 192.168.1.20 /pro/index.php/home/index/getOne
INFO: [ app_init ] --START--
INFO: Run Behavior\BuildLiteBehavior [ RunTime:0.000022s ]
INFO: [ app_init ] --END-- [ RunTime:0.000944s ]
INFO: [ app_begin ] --START--
INFO: Run Behavior\ReadHtmlCacheBehavior [ RunTime:0.002047s ]
INFO: [ app_begin ] --END-- [ RunTime:0.002206s ]
SQL: SHOW COLUMNS FROM `list` [ RunTime:0.0016s ]
SQL: SHOW COLUMNS FROM `list` [ RunTime:0.0011s ]
SQL: SELECT * FROM `list`  [ RunTime:0.0007s ]

[ 2018-03-22T16:14:53+08:00 ] 192.168.1.20 /pro/index.php/home/index/createOne
INFO: [ app_init ] --START--
INFO: Run Behavior\BuildLiteBehavior [ RunTime:0.000012s ]
INFO: [ app_init ] --END-- [ RunTime:0.000670s ]
INFO: [ app_begin ] --START--
INFO: Run Behavior\ReadHtmlCacheBehavior [ RunTime:0.001066s ]
INFO: [ app_begin ] --END-- [ RunTime:0.001120s ]
SQL: SHOW COLUMNS FROM `list` [ RunTime:0.0010s ]
SQL: SHOW COLUMNS FROM `list` [ RunTime:0.0009s ]
SQL: SELECT * FROM `list` WHERE `name` = '房屋1'  [ RunTime:0.0006s ]
SQL: INSERT INTO `list` (`name`,`width`,`height`,`long`,`left`,`top`,`right`,`bottom`,`translatex`,`translatey`,`translatez`,`rotatex`,`rotatey`,`rotatez`,`topsrc`,`bottomsrc`,`leftsrc`,`rightsrc`,`beforesrc`,`aftersrc`) VALUES ('房屋1','100','100','200','0','','','0','','','','','','','','','','','','') [ RunTime:0.0855s ]
SQL: SELECT * FROM `list` WHERE `name` = '房屋1' LIMIT 1   [ RunTime:0.0005s ]

[ 2018-03-22T16:14:53+08:00 ] 192.168.1.20 /pro/index.php/home/index/getOne
INFO: [ app_init ] --START--
INFO: Run Behavior\BuildLiteBehavior [ RunTime:0.000046s ]
INFO: [ app_init ] --END-- [ RunTime:0.001331s ]
INFO: [ app_begin ] --START--
INFO: Run Behavior\ReadHtmlCacheBehavior [ RunTime:0.001223s ]
INFO: [ app_begin ] --END-- [ RunTime:0.001329s ]
SQL: SHOW COLUMNS FROM `list` [ RunTime:0.0052s ]
SQL: SHOW COLUMNS FROM `list` [ RunTime:0.0010s ]
SQL: SELECT * FROM `list`  [ RunTime:0.0006s ]

[ 2018-03-22T16:17:10+08:00 ] 192.168.1.20 /pro/index.php/home/index/getOne
INFO: [ app_init ] --START--
INFO: Run Behavior\BuildLiteBehavior [ RunTime:0.000023s ]
INFO: [ app_init ] --END-- [ RunTime:0.003373s ]
INFO: [ app_begin ] --START--
INFO: Run Behavior\ReadHtmlCacheBehavior [ RunTime:0.001423s ]
INFO: [ app_begin ] --END-- [ RunTime:0.001516s ]
SQL: SHOW COLUMNS FROM `list` [ RunTime:0.0011s ]
SQL: SHOW COLUMNS FROM `list` [ RunTime:0.0008s ]
SQL: SELECT * FROM `list`  [ RunTime:0.0006s ]

[ 2018-03-22T16:18:32+08:00 ] 192.168.1.20 /pro/index.php/home/index/changeOne
INFO: [ app_init ] --START--
INFO: Run Behavior\BuildLiteBehavior [ RunTime:0.000024s ]
INFO: [ app_init ] --END-- [ RunTime:0.000976s ]
INFO: [ app_begin ] --START--
INFO: Run Behavior\ReadHtmlCacheBehavior [ RunTime:0.002551s ]
INFO: [ app_begin ] --END-- [ RunTime:0.002750s ]
SQL: SHOW COLUMNS FROM `list` [ RunTime:0.0013s ]
SQL: SHOW COLUMNS FROM `list` [ RunTime:0.0010s ]
SQL: SELECT * FROM `list` WHERE `id` = 6  [ RunTime:0.0007s ]
SQL: UPDATE `list` SET `name`='房屋1',`width`='100',`height`='100',`long`='200',`left`='0',`top`='',`right`='',`bottom`='18',`translatex`='',`translatey`='',`translatez`='',`rotatex`='',`rotatey`='',`rotatez`='',`topsrc`='',`bottomsrc`='',`leftsrc`='',`rightsrc`='',`beforesrc`='',`aftersrc`='' WHERE `id` = 6 [ RunTime:0.0428s ]
SQL: SELECT * FROM `list` WHERE `id` = 6 LIMIT 1   [ RunTime:0.0004s ]

[ 2018-03-22T16:18:32+08:00 ] 192.168.1.20 /pro/index.php/home/index/getOne
INFO: [ app_init ] --START--
INFO: Run Behavior\BuildLiteBehavior [ RunTime:0.000047s ]
INFO: [ app_init ] --END-- [ RunTime:0.000911s ]
INFO: [ app_begin ] --START--
INFO: Run Behavior\ReadHtmlCacheBehavior [ RunTime:0.001868s ]
INFO: [ app_begin ] --END-- [ RunTime:0.002008s ]
SQL: SHOW COLUMNS FROM `list` [ RunTime:0.0011s ]
SQL: SHOW COLUMNS FROM `list` [ RunTime:0.0010s ]
SQL: SELECT * FROM `list`  [ RunTime:0.0005s ]

[ 2018-03-22T16:19:25+08:00 ] 192.168.1.20 /pro/index.php/home/index/getOne
INFO: [ app_init ] --START--
INFO: Run Behavior\BuildLiteBehavior [ RunTime:0.000023s ]
INFO: [ app_init ] --END-- [ RunTime:0.001018s ]
INFO: [ app_begin ] --START--
INFO: Run Behavior\ReadHtmlCacheBehavior [ RunTime:0.001765s ]
INFO: [ app_begin ] --END-- [ RunTime:0.001874s ]
SQL: SHOW COLUMNS FROM `list` [ RunTime:0.0032s ]
SQL: SHOW COLUMNS FROM `list` [ RunTime:0.0011s ]
SQL: SELECT * FROM `list`  [ RunTime:0.0007s ]

[ 2018-03-22T16:21:03+08:00 ] 192.168.1.20 /pro/index.php/home/index/getOne
INFO: [ app_init ] --START--
INFO: Run Behavior\BuildLiteBehavior [ RunTime:0.000124s ]
INFO: [ app_init ] --END-- [ RunTime:0.002699s ]
INFO: [ app_begin ] --START--
INFO: Run Behavior\ReadHtmlCacheBehavior [ RunTime:0.001927s ]
INFO: [ app_begin ] --END-- [ RunTime:0.002054s ]
SQL: SHOW COLUMNS FROM `list` [ RunTime:0.0015s ]
SQL: SHOW COLUMNS FROM `list` [ RunTime:0.0009s ]
SQL: SELECT * FROM `list`  [ RunTime:0.0005s ]

[ 2018-03-22T16:25:08+08:00 ] 192.168.1.20 /pro/index.php/home/index/getOne
INFO: [ app_init ] --START--
INFO: Run Behavior\BuildLiteBehavior [ RunTime:0.000086s ]
INFO: [ app_init ] --END-- [ RunTime:0.001688s ]
INFO: [ app_begin ] --START--
INFO: Run Behavior\ReadHtmlCacheBehavior [ RunTime:0.001653s ]
INFO: [ app_begin ] --END-- [ RunTime:0.001781s ]
SQL: SHOW COLUMNS FROM `list` [ RunTime:0.0021s ]
SQL: SHOW COLUMNS FROM `list` [ RunTime:0.0013s ]
SQL: SELECT * FROM `list`  [ RunTime:0.0005s ]

[ 2018-03-22T16:25:50+08:00 ] 192.168.1.20 /pro/index.php/home/index/getOne
INFO: [ app_init ] --START--
INFO: Run Behavior\BuildLiteBehavior [ RunTime:0.000026s ]
INFO: [ app_init ] --END-- [ RunTime:0.001006s ]
INFO: [ app_begin ] --START--
INFO: Run Behavior\ReadHtmlCacheBehavior [ RunTime:0.001095s ]
INFO: [ app_begin ] --END-- [ RunTime:0.001194s ]
SQL: SHOW COLUMNS FROM `list` [ RunTime:0.0016s ]
SQL: SHOW COLUMNS FROM `list` [ RunTime:0.0011s ]
SQL: SELECT * FROM `list`  [ RunTime:0.0006s ]

[ 2018-03-22T16:25:51+08:00 ] 192.168.1.20 /pro/index.php/home/index/getOne
INFO: [ app_init ] --START--
INFO: Run Behavior\BuildLiteBehavior [ RunTime:0.000014s ]
INFO: [ app_init ] --END-- [ RunTime:0.000583s ]
INFO: [ app_begin ] --START--
INFO: Run Behavior\ReadHtmlCacheBehavior [ RunTime:0.001085s ]
INFO: [ app_begin ] --END-- [ RunTime:0.001162s ]
SQL: SHOW COLUMNS FROM `list` [ RunTime:0.0008s ]
SQL: SHOW COLUMNS FROM `list` [ RunTime:0.0007s ]
SQL: SELECT * FROM `list`  [ RunTime:0.0017s ]

[ 2018-03-22T16:26:45+08:00 ] 192.168.1.20 /pro/index.php/home/index/changeOne
INFO: [ app_init ] --START--
INFO: Run Behavior\BuildLiteBehavior [ RunTime:0.000013s ]
INFO: [ app_init ] --END-- [ RunTime:0.000519s ]
INFO: [ app_begin ] --START--
INFO: Run Behavior\ReadHtmlCacheBehavior [ RunTime:0.000932s ]
INFO: [ app_begin ] --END-- [ RunTime:0.001013s ]
SQL: SHOW COLUMNS FROM `list` [ RunTime:0.0008s ]
SQL: SHOW COLUMNS FROM `list` [ RunTime:0.0007s ]
SQL: SELECT * FROM `list` WHERE `id` = 6  [ RunTime:0.0005s ]
SQL: UPDATE `list` SET `name`='房屋1',`width`='175',`height`='177',`long`='200',`left`='0',`top`='',`right`='',`bottom`='18',`translatex`='',`translatey`='',`translatez`='-226',`rotatex`='',`rotatey`='',`rotatez`='',`topsrc`='',`bottomsrc`='',`leftsrc`='',`rightsrc`='',`beforesrc`='',`aftersrc`='' WHERE `id` = 6 [ RunTime:0.0657s ]
SQL: SELECT * FROM `list` WHERE `id` = 6 LIMIT 1   [ RunTime:0.0006s ]

[ 2018-03-22T16:26:45+08:00 ] 192.168.1.20 /pro/index.php/home/index/getOne
INFO: [ app_init ] --START--
INFO: Run Behavior\BuildLiteBehavior [ RunTime:0.000022s ]
INFO: [ app_init ] --END-- [ RunTime:0.000799s ]
INFO: [ app_begin ] --START--
INFO: Run Behavior\ReadHtmlCacheBehavior [ RunTime:0.001051s ]
INFO: [ app_begin ] --END-- [ RunTime:0.001125s ]
SQL: SHOW COLUMNS FROM `list` [ RunTime:0.0012s ]
SQL: SHOW COLUMNS FROM `list` [ RunTime:0.0009s ]
SQL: SELECT * FROM `list`  [ RunTime:0.0005s ]

[ 2018-03-22T16:27:11+08:00 ] 192.168.1.20 /pro/index.php/home/index/imgUpload
INFO: [ app_init ] --START--
INFO: Run Behavior\BuildLiteBehavior [ RunTime:0.000013s ]
INFO: [ app_init ] --END-- [ RunTime:0.000594s ]
INFO: [ app_begin ] --START--
INFO: Run Behavior\ReadHtmlCacheBehavior [ RunTime:0.000858s ]
INFO: [ app_begin ] --END-- [ RunTime:0.000907s ]
NOTIC: [2] call_user_func() expects parameter 1 to be a valid callback, no array or string given D:\web\pro\ThinkPHP\Library\Think\Upload.class.php 第 182 行.

[ 2018-03-22T16:27:51+08:00 ] 192.168.1.20 /pro/index.php/home/index/imgUpload
INFO: [ app_init ] --START--
INFO: Run Behavior\BuildLiteBehavior [ RunTime:0.000013s ]
INFO: [ app_init ] --END-- [ RunTime:0.000558s ]
INFO: [ app_begin ] --START--
INFO: Run Behavior\ReadHtmlCacheBehavior [ RunTime:0.000867s ]
INFO: [ app_begin ] --END-- [ RunTime:0.000914s ]
NOTIC: [2] call_user_func() expects parameter 1 to be a valid callback, no array or string given D:\web\pro\ThinkPHP\Library\Think\Upload.class.php 第 182 行.

[ 2018-03-22T16:28:11+08:00 ] 192.168.1.20 /pro/index.php/home/index/imgUpload
INFO: [ app_init ] --START--
INFO: Run Behavior\BuildLiteBehavior [ RunTime:0.000014s ]
INFO: [ app_init ] --END-- [ RunTime:0.000710s ]
INFO: [ app_begin ] --START--
INFO: Run Behavior\ReadHtmlCacheBehavior [ RunTime:0.001297s ]
INFO: [ app_begin ] --END-- [ RunTime:0.001373s ]
NOTIC: [2] call_user_func() expects parameter 1 to be a valid callback, no array or string given D:\web\pro\ThinkPHP\Library\Think\Upload.class.php 第 182 行.

[ 2018-03-22T16:28:16+08:00 ] 192.168.1.20 /pro/index.php/home/index/imgUpload
INFO: [ app_init ] --START--
INFO: Run Behavior\BuildLiteBehavior [ RunTime:0.000014s ]
INFO: [ app_init ] --END-- [ RunTime:0.000803s ]
INFO: [ app_begin ] --START--
INFO: Run Behavior\ReadHtmlCacheBehavior [ RunTime:0.000929s ]
INFO: [ app_begin ] --END-- [ RunTime:0.000983s ]

[ 2018-03-22T16:28:20+08:00 ] 192.168.1.20 /pro/index.php/home/index/imgUpload
INFO: [ app_init ] --START--
INFO: Run Behavior\BuildLiteBehavior [ RunTime:0.000013s ]
INFO: [ app_init ] --END-- [ RunTime:0.000597s ]
INFO: [ app_begin ] --START--
INFO: Run Behavior\ReadHtmlCacheBehavior [ RunTime:0.000902s ]
INFO: [ app_begin ] --END-- [ RunTime:0.000950s ]
NOTIC: [2] call_user_func() expects parameter 1 to be a valid callback, no array or string given D:\web\pro\ThinkPHP\Library\Think\Upload.class.php 第 182 行.

[ 2018-03-22T16:28:38+08:00 ] 192.168.1.20 /pro/index.php/home/index/imgUpload
INFO: [ app_init ] --START--
INFO: Run Behavior\BuildLiteBehavior [ RunTime:0.000018s ]
INFO: [ app_init ] --END-- [ RunTime:0.001199s ]
INFO: [ app_begin ] --START--
INFO: Run Behavior\ReadHtmlCacheBehavior [ RunTime:0.000968s ]
INFO: [ app_begin ] --END-- [ RunTime:0.001030s ]
NOTIC: [2] call_user_func() expects parameter 1 to be a valid callback, no array or string given D:\web\pro\ThinkPHP\Library\Think\Upload.class.php 第 182 行.

[ 2018-03-22T16:29:30+08:00 ] 192.168.1.20 /pro/index.php/home/index/imgUpload
INFO: [ app_init ] --START--
INFO: Run Behavior\BuildLiteBehavior [ RunTime:0.000014s ]
INFO: [ app_init ] --END-- [ RunTime:0.000580s ]
INFO: [ app_begin ] --START--
INFO: Run Behavior\ReadHtmlCacheBehavior [ RunTime:0.000999s ]
INFO: [ app_begin ] --END-- [ RunTime:0.001066s ]
NOTIC: [2] call_user_func() expects parameter 1 to be a valid callback, no array or string given D:\web\pro\ThinkPHP\Library\Think\Upload.class.php 第 182 行.

[ 2018-03-22T16:29:38+08:00 ] 192.168.1.20 /pro/index.php/home/index/changeOne
INFO: [ app_init ] --START--
INFO: Run Behavior\BuildLiteBehavior [ RunTime:0.000019s ]
INFO: [ app_init ] --END-- [ RunTime:0.000726s ]
INFO: [ app_begin ] --START--
INFO: Run Behavior\ReadHtmlCacheBehavior [ RunTime:0.001243s ]
INFO: [ app_begin ] --END-- [ RunTime:0.001301s ]
SQL: SHOW COLUMNS FROM `list` [ RunTime:0.0012s ]
SQL: SHOW COLUMNS FROM `list` [ RunTime:0.0008s ]
SQL: SELECT * FROM `list` WHERE `id` = 6  [ RunTime:0.0005s ]
SQL: UPDATE `list` SET `name`='房屋1',`width`='175',`height`='177',`long`='200',`left`='0',`top`='',`right`='',`bottom`='18',`translatex`='15',`translatey`='',`translatez`='-226',`rotatex`='',`rotatey`='',`rotatez`='',`topsrc`='/pro/upload//img/20180322/5ab369074cccd.jpg',`bottomsrc`='/pro/upload//img/20180322/5ab3696adf3fb.jpg',`leftsrc`='/pro/upload//img/20180322/5ab36936789fc.jpg',`rightsrc`='',`beforesrc`='/pro/upload//img/20180322/5ab3692447081.jpg',`aftersrc`='/pro/upload//img/20180322/5ab3691b67550.jpg' WHERE `id` = 6 [ RunTime:0.0422s ]
SQL: SELECT * FROM `list` WHERE `id` = 6 LIMIT 1   [ RunTime:0.0005s ]

[ 2018-03-22T16:29:38+08:00 ] 192.168.1.20 /pro/index.php/home/index/getOne
INFO: [ app_init ] --START--
INFO: Run Behavior\BuildLiteBehavior [ RunTime:0.000013s ]
INFO: [ app_init ] --END-- [ RunTime:0.000716s ]
INFO: [ app_begin ] --START--
INFO: Run Behavior\ReadHtmlCacheBehavior [ RunTime:0.001185s ]
INFO: [ app_begin ] --END-- [ RunTime:0.001265s ]
SQL: SHOW COLUMNS FROM `list` [ RunTime:0.0007s ]
SQL: SHOW COLUMNS FROM `list` [ RunTime:0.0008s ]
SQL: SELECT * FROM `list`  [ RunTime:0.0005s ]

[ 2018-03-22T16:29:40+08:00 ] 192.168.1.20 /pro/index.php/home/index/getOne
INFO: [ app_init ] --START--
INFO: Run Behavior\BuildLiteBehavior [ RunTime:0.000023s ]
INFO: [ app_init ] --END-- [ RunTime:0.001029s ]
INFO: [ app_begin ] --START--
INFO: Run Behavior\ReadHtmlCacheBehavior [ RunTime:0.001623s ]
INFO: [ app_begin ] --END-- [ RunTime:0.001718s ]
SQL: SHOW COLUMNS FROM `list` [ RunTime:0.0011s ]
SQL: SHOW COLUMNS FROM `list` [ RunTime:0.0010s ]
SQL: SELECT * FROM `list`  [ RunTime:0.0005s ]

