[ 2018-03-22T09:32:15+08:00 ] 192.168.1.20 /pro/apps/view/0
INFO: [ app_init ] --START--
INFO: Run Behavior\BuildLiteBehavior [ RunTime:0.000023s ]
INFO: [ app_init ] --END-- [ RunTime:0.001370s ]
ERR: 无法加载模块:Apps

[ 2018-03-22T09:32:41+08:00 ] 192.168.1.20 /pro/apps/view/0
INFO: [ app_init ] --START--
INFO: Run Behavior\BuildLiteBehavior [ RunTime:0.000021s ]
INFO: [ app_init ] --END-- [ RunTime:0.000732s ]
ERR: 无法加载模块:Apps

[ 2018-03-22T09:33:41+08:00 ] 192.168.1.20 /pro/apps/view/0
INFO: [ app_init ] --START--
INFO: Run Behavior\BuildLiteBehavior [ RunTime:0.000023s ]
INFO: [ app_init ] --END-- [ RunTime:0.000906s ]
ERR: 无法加载模块:Apps

[ 2018-03-22T09:35:22+08:00 ] 192.168.1.20 /pro/apps/view/0
INFO: [ app_init ] --START--
INFO: Run Behavior\BuildLiteBehavior [ RunTime:0.000017s ]
INFO: [ app_init ] --END-- [ RunTime:0.000699s ]
ERR: 无法加载模块:Apps

[ 2018-03-22T09:37:16+08:00 ] 192.168.1.20 /pro/apps/view/0
INFO: [ app_init ] --START--
INFO: Run Behavior\BuildLiteBehavior [ RunTime:0.000015s ]
INFO: [ app_init ] --END-- [ RunTime:0.000576s ]
ERR: 无法加载模块:Apps

[ 2018-03-22T09:39:13+08:00 ] 192.168.1.20 /pro/apps/view/0
INFO: [ app_init ] --START--
INFO: Run Behavior\BuildLiteBehavior [ RunTime:0.000024s ]
INFO: [ app_init ] --END-- [ RunTime:0.000851s ]
ERR: 无法加载模块:Apps

[ 2018-03-22T09:40:10+08:00 ] 192.168.1.20 /pro/apps/view/0
INFO: [ app_init ] --START--
INFO: Run Behavior\BuildLiteBehavior [ RunTime:0.000022s ]
INFO: [ app_init ] --END-- [ RunTime:0.000991s ]
ERR: 无法加载模块:Apps

[ 2018-03-22T09:40:46+08:00 ] 192.168.1.20 /pro/apps/view/0
INFO: [ app_init ] --START--
INFO: Run Behavior\BuildLiteBehavior [ RunTime:0.000017s ]
INFO: [ app_init ] --END-- [ RunTime:0.000601s ]
ERR: 无法加载模块:Apps

[ 2018-03-22T09:41:12+08:00 ] 192.168.1.20 /pro/apps/view/0
INFO: [ app_init ] --START--
INFO: Run Behavior\BuildLiteBehavior [ RunTime:0.000017s ]
INFO: [ app_init ] --END-- [ RunTime:0.000616s ]
ERR: 无法加载模块:Apps

[ 2018-03-22T09:46:51+08:00 ] 192.168.1.20 /pro/apps/view/0
INFO: [ app_init ] --START--
INFO: Run Behavior\BuildLiteBehavior [ RunTime:0.000023s ]
INFO: [ app_init ] --END-- [ RunTime:0.000907s ]
ERR: 无法加载模块:Apps

[ 2018-03-22T09:48:06+08:00 ] 192.168.1.20 /pro/apps/view/0
INFO: [ app_init ] --START--
INFO: Run Behavior\BuildLiteBehavior [ RunTime:0.000015s ]
INFO: [ app_init ] --END-- [ RunTime:0.000672s ]
ERR: 无法加载模块:Apps

[ 2018-03-22T09:49:14+08:00 ] 192.168.1.20 /pro/apps/view/0
INFO: [ app_init ] --START--
INFO: Run Behavior\BuildLiteBehavior [ RunTime:0.000016s ]
INFO: [ app_init ] --END-- [ RunTime:0.000667s ]
ERR: 无法加载模块:Apps

[ 2018-03-22T09:51:01+08:00 ] 192.168.1.20 /pro/apps/view/0
INFO: [ app_init ] --START--
INFO: Run Behavior\BuildLiteBehavior [ RunTime:0.000015s ]
INFO: [ app_init ] --END-- [ RunTime:0.000596s ]
ERR: 无法加载模块:Apps

[ 2018-03-22T09:51:58+08:00 ] 192.168.1.20 /pro/apps/view/0
INFO: [ app_init ] --START--
INFO: Run Behavior\BuildLiteBehavior [ RunTime:0.000017s ]
INFO: [ app_init ] --END-- [ RunTime:0.000636s ]
ERR: 无法加载模块:Apps

[ 2018-03-22T09:52:43+08:00 ] 192.168.1.20 /pro/apps/view/0
INFO: [ app_init ] --START--
INFO: Run Behavior\BuildLiteBehavior [ RunTime:0.000029s ]
INFO: [ app_init ] --END-- [ RunTime:0.001372s ]
ERR: 无法加载模块:Apps

[ 2018-03-22T09:53:31+08:00 ] 192.168.1.20 /pro/apps/view/0
INFO: [ app_init ] --START--
INFO: Run Behavior\BuildLiteBehavior [ RunTime:0.000016s ]
INFO: [ app_init ] --END-- [ RunTime:0.000633s ]
ERR: 无法加载模块:Apps

[ 2018-03-22T09:54:31+08:00 ] 192.168.1.20 /pro/apps/view/0
INFO: [ app_init ] --START--
INFO: Run Behavior\BuildLiteBehavior [ RunTime:0.000017s ]
INFO: [ app_init ] --END-- [ RunTime:0.000633s ]
ERR: 无法加载模块:Apps

[ 2018-03-22T09:55:08+08:00 ] 192.168.1.20 /pro/apps/view/0
INFO: [ app_init ] --START--
INFO: Run Behavior\BuildLiteBehavior [ RunTime:0.000022s ]
INFO: [ app_init ] --END-- [ RunTime:0.000606s ]
ERR: 无法加载模块:Apps

[ 2018-03-22T09:57:54+08:00 ] 192.168.1.20 /pro/apps/view/0
INFO: [ app_init ] --START--
INFO: Run Behavior\BuildLiteBehavior [ RunTime:0.000017s ]
INFO: [ app_init ] --END-- [ RunTime:0.000780s ]
ERR: 无法加载模块:Apps

[ 2018-03-22T10:00:23+08:00 ] 192.168.1.20 /pro/apps/view/0
INFO: [ app_init ] --START--
INFO: Run Behavior\BuildLiteBehavior [ RunTime:0.000018s ]
INFO: [ app_init ] --END-- [ RunTime:0.000611s ]
ERR: 无法加载模块:Apps

[ 2018-03-22T10:01:36+08:00 ] 192.168.1.20 /pro/apps/view/0
INFO: [ app_init ] --START--
INFO: Run Behavior\BuildLiteBehavior [ RunTime:0.000015s ]
INFO: [ app_init ] --END-- [ RunTime:0.000518s ]
ERR: 无法加载模块:Apps

[ 2018-03-22T10:02:02+08:00 ] 192.168.1.20 /pro/apps/view/0
INFO: [ app_init ] --START--
INFO: Run Behavior\BuildLiteBehavior [ RunTime:0.000021s ]
INFO: [ app_init ] --END-- [ RunTime:0.000652s ]
ERR: 无法加载模块:Apps

[ 2018-03-22T10:02:20+08:00 ] 192.168.1.20 /pro/apps/view/0
INFO: [ app_init ] --START--
INFO: Run Behavior\BuildLiteBehavior [ RunTime:0.000016s ]
INFO: [ app_init ] --END-- [ RunTime:0.000599s ]
ERR: 无法加载模块:Apps

[ 2018-03-22T10:02:43+08:00 ] 192.168.1.20 /pro/apps/view/0
INFO: [ app_init ] --START--
INFO: Run Behavior\BuildLiteBehavior [ RunTime:0.000022s ]
INFO: [ app_init ] --END-- [ RunTime:0.000870s ]
ERR: 无法加载模块:Apps

[ 2018-03-22T10:03:03+08:00 ] 192.168.1.20 /pro/apps/view/0
INFO: [ app_init ] --START--
INFO: Run Behavior\BuildLiteBehavior [ RunTime:0.000021s ]
INFO: [ app_init ] --END-- [ RunTime:0.000849s ]
ERR: 无法加载模块:Apps

[ 2018-03-22T10:09:52+08:00 ] 192.168.1.20 /pro/apps/view/0
INFO: [ app_init ] --START--
INFO: Run Behavior\BuildLiteBehavior [ RunTime:0.000015s ]
INFO: [ app_init ] --END-- [ RunTime:0.000577s ]
ERR: 无法加载模块:Apps

[ 2018-03-22T10:10:38+08:00 ] 192.168.1.20 /pro/apps/view/0
INFO: [ app_init ] --START--
INFO: Run Behavior\BuildLiteBehavior [ RunTime:0.000023s ]
INFO: [ app_init ] --END-- [ RunTime:0.001081s ]
ERR: 无法加载模块:Apps

[ 2018-03-22T10:13:08+08:00 ] 192.168.1.20 /pro/apps/view/0
INFO: [ app_init ] --START--
INFO: Run Behavior\BuildLiteBehavior [ RunTime:0.000016s ]
INFO: [ app_init ] --END-- [ RunTime:0.000723s ]
ERR: 无法加载模块:Apps

[ 2018-03-22T10:13:38+08:00 ] 192.168.1.20 /pro/apps/view/0
INFO: [ app_init ] --START--
INFO: Run Behavior\BuildLiteBehavior [ RunTime:0.000016s ]
INFO: [ app_init ] --END-- [ RunTime:0.000861s ]
ERR: 无法加载模块:Apps

[ 2018-03-22T10:13:46+08:00 ] 192.168.1.20 /pro/apps/view/0
INFO: [ app_init ] --START--
INFO: Run Behavior\BuildLiteBehavior [ RunTime:0.000025s ]
INFO: [ app_init ] --END-- [ RunTime:0.000868s ]
ERR: 无法加载模块:Apps

[ 2018-03-22T10:16:36+08:00 ] 192.168.1.20 /pro/apps/view/0
INFO: [ app_init ] --START--
INFO: Run Behavior\BuildLiteBehavior [ RunTime:0.000015s ]
INFO: [ app_init ] --END-- [ RunTime:0.000639s ]
ERR: 无法加载模块:Apps

[ 2018-03-22T10:19:55+08:00 ] 192.168.1.20 /pro/apps/view/0
INFO: [ app_init ] --START--
INFO: Run Behavior\BuildLiteBehavior [ RunTime:0.000024s ]
INFO: [ app_init ] --END-- [ RunTime:0.001091s ]
ERR: 无法加载模块:Apps

[ 2018-03-22T10:20:04+08:00 ] 192.168.1.20 /pro/apps/view/0
INFO: [ app_init ] --START--
INFO: Run Behavior\BuildLiteBehavior [ RunTime:0.000016s ]
INFO: [ app_init ] --END-- [ RunTime:0.000658s ]
ERR: 无法加载模块:Apps

[ 2018-03-22T10:20:46+08:00 ] 192.168.1.20 /pro/apps/view/0
INFO: [ app_init ] --START--
INFO: Run Behavior\BuildLiteBehavior [ RunTime:0.000022s ]
INFO: [ app_init ] --END-- [ RunTime:0.000732s ]
ERR: 无法加载模块:Apps

[ 2018-03-22T10:21:20+08:00 ] 192.168.1.20 /pro/apps/view/0
INFO: [ app_init ] --START--
INFO: Run Behavior\BuildLiteBehavior [ RunTime:0.000015s ]
INFO: [ app_init ] --END-- [ RunTime:0.000631s ]
ERR: 无法加载模块:Apps

[ 2018-03-22T10:21:55+08:00 ] 192.168.1.20 /pro/apps/view/0
INFO: [ app_init ] --START--
INFO: Run Behavior\BuildLiteBehavior [ RunTime:0.000017s ]
INFO: [ app_init ] --END-- [ RunTime:0.000637s ]
ERR: 无法加载模块:Apps

[ 2018-03-22T10:22:10+08:00 ] 192.168.1.20 /pro/apps/view/0
INFO: [ app_init ] --START--
INFO: Run Behavior\BuildLiteBehavior [ RunTime:0.000064s ]
INFO: [ app_init ] --END-- [ RunTime:0.002266s ]
ERR: 无法加载模块:Apps

[ 2018-03-22T10:22:11+08:00 ] 192.168.1.20 /pro/apps/view/0
INFO: [ app_init ] --START--
INFO: Run Behavior\BuildLiteBehavior [ RunTime:0.000024s ]
INFO: [ app_init ] --END-- [ RunTime:0.000819s ]
ERR: 无法加载模块:Apps

[ 2018-03-22T10:22:11+08:00 ] 192.168.1.20 /pro/apps/view/0
INFO: [ app_init ] --START--
INFO: Run Behavior\BuildLiteBehavior [ RunTime:0.000021s ]
INFO: [ app_init ] --END-- [ RunTime:0.000769s ]
ERR: 无法加载模块:Apps

[ 2018-03-22T10:22:11+08:00 ] 192.168.1.20 /pro/apps/view/0
INFO: [ app_init ] --START--
INFO: Run Behavior\BuildLiteBehavior [ RunTime:0.000037s ]
INFO: [ app_init ] --END-- [ RunTime:0.000867s ]
ERR: 无法加载模块:Apps

[ 2018-03-22T10:22:11+08:00 ] 192.168.1.20 /pro/apps/view/0
INFO: [ app_init ] --START--
INFO: Run Behavior\BuildLiteBehavior [ RunTime:0.000027s ]
INFO: [ app_init ] --END-- [ RunTime:0.000889s ]
ERR: 无法加载模块:Apps

[ 2018-03-22T10:22:11+08:00 ] 192.168.1.20 /pro/apps/view/0
INFO: [ app_init ] --START--
INFO: Run Behavior\BuildLiteBehavior [ RunTime:0.000022s ]
INFO: [ app_init ] --END-- [ RunTime:0.000869s ]
ERR: 无法加载模块:Apps

[ 2018-03-22T10:22:11+08:00 ] 192.168.1.20 /pro/apps/view/0
INFO: [ app_init ] --START--
INFO: Run Behavior\BuildLiteBehavior [ RunTime:0.000018s ]
INFO: [ app_init ] --END-- [ RunTime:0.000709s ]
ERR: 无法加载模块:Apps

[ 2018-03-22T10:22:11+08:00 ] 192.168.1.20 /pro/apps/view/0
INFO: [ app_init ] --START--
INFO: Run Behavior\BuildLiteBehavior [ RunTime:0.000017s ]
INFO: [ app_init ] --END-- [ RunTime:0.000717s ]
ERR: 无法加载模块:Apps

[ 2018-03-22T10:22:11+08:00 ] 192.168.1.20 /pro/apps/view/0
INFO: [ app_init ] --START--
INFO: Run Behavior\BuildLiteBehavior [ RunTime:0.000017s ]
INFO: [ app_init ] --END-- [ RunTime:0.000668s ]
ERR: 无法加载模块:Apps

[ 2018-03-22T10:22:12+08:00 ] 192.168.1.20 /pro/apps/view/0
INFO: [ app_init ] --START--
INFO: Run Behavior\BuildLiteBehavior [ RunTime:0.000019s ]
INFO: [ app_init ] --END-- [ RunTime:0.000570s ]
ERR: 无法加载模块:Apps

[ 2018-03-22T10:22:12+08:00 ] 192.168.1.20 /pro/apps/view/0
INFO: [ app_init ] --START--
INFO: Run Behavior\BuildLiteBehavior [ RunTime:0.000028s ]
INFO: [ app_init ] --END-- [ RunTime:0.001994s ]
ERR: 无法加载模块:Apps

[ 2018-03-22T10:22:12+08:00 ] 192.168.1.20 /pro/apps/view/0
INFO: [ app_init ] --START--
INFO: Run Behavior\BuildLiteBehavior [ RunTime:0.000020s ]
INFO: [ app_init ] --END-- [ RunTime:0.000594s ]
ERR: 无法加载模块:Apps

[ 2018-03-22T10:22:12+08:00 ] 192.168.1.20 /pro/apps/view/0
INFO: [ app_init ] --START--
INFO: Run Behavior\BuildLiteBehavior [ RunTime:0.000025s ]
INFO: [ app_init ] --END-- [ RunTime:0.000816s ]
ERR: 无法加载模块:Apps

[ 2018-03-22T10:22:12+08:00 ] 192.168.1.20 /pro/apps/view/0
INFO: [ app_init ] --START--
INFO: Run Behavior\BuildLiteBehavior [ RunTime:0.000016s ]
INFO: [ app_init ] --END-- [ RunTime:0.000805s ]
ERR: 无法加载模块:Apps

[ 2018-03-22T10:22:12+08:00 ] 192.168.1.20 /pro/apps/view/0
INFO: [ app_init ] --START--
INFO: Run Behavior\BuildLiteBehavior [ RunTime:0.000023s ]
INFO: [ app_init ] --END-- [ RunTime:0.000941s ]
ERR: 无法加载模块:Apps

[ 2018-03-22T10:22:12+08:00 ] 192.168.1.20 /pro/apps/view/0
INFO: [ app_init ] --START--
INFO: Run Behavior\BuildLiteBehavior [ RunTime:0.000015s ]
INFO: [ app_init ] --END-- [ RunTime:0.000630s ]
ERR: 无法加载模块:Apps

[ 2018-03-22T10:22:12+08:00 ] 192.168.1.20 /pro/apps/view/0
INFO: [ app_init ] --START--
INFO: Run Behavior\BuildLiteBehavior [ RunTime:0.000024s ]
INFO: [ app_init ] --END-- [ RunTime:0.000911s ]
ERR: 无法加载模块:Apps

[ 2018-03-22T10:22:12+08:00 ] 192.168.1.20 /pro/apps/view/0
INFO: [ app_init ] --START--
INFO: Run Behavior\BuildLiteBehavior [ RunTime:0.000016s ]
INFO: [ app_init ] --END-- [ RunTime:0.000593s ]
ERR: 无法加载模块:Apps

[ 2018-03-22T10:22:12+08:00 ] 192.168.1.20 /pro/apps/view/0
INFO: [ app_init ] --START--
INFO: Run Behavior\BuildLiteBehavior [ RunTime:0.000015s ]
INFO: [ app_init ] --END-- [ RunTime:0.000614s ]
ERR: 无法加载模块:Apps

[ 2018-03-22T10:22:13+08:00 ] 192.168.1.20 /pro/apps/view/0
INFO: [ app_init ] --START--
INFO: Run Behavior\BuildLiteBehavior [ RunTime:0.000029s ]
INFO: [ app_init ] --END-- [ RunTime:0.000615s ]
ERR: 无法加载模块:Apps

[ 2018-03-22T10:22:13+08:00 ] 192.168.1.20 /pro/apps/view/0
INFO: [ app_init ] --START--
INFO: Run Behavior\BuildLiteBehavior [ RunTime:0.000023s ]
INFO: [ app_init ] --END-- [ RunTime:0.000999s ]
ERR: 无法加载模块:Apps

[ 2018-03-22T10:22:13+08:00 ] 192.168.1.20 /pro/apps/view/0
INFO: [ app_init ] --START--
INFO: Run Behavior\BuildLiteBehavior [ RunTime:0.000022s ]
INFO: [ app_init ] --END-- [ RunTime:0.000833s ]
ERR: 无法加载模块:Apps

[ 2018-03-22T10:22:13+08:00 ] 192.168.1.20 /pro/apps/view/0
INFO: [ app_init ] --START--
INFO: Run Behavior\BuildLiteBehavior [ RunTime:0.000021s ]
INFO: [ app_init ] --END-- [ RunTime:0.000823s ]
ERR: 无法加载模块:Apps

[ 2018-03-22T10:22:13+08:00 ] 192.168.1.20 /pro/apps/view/0
INFO: [ app_init ] --START--
INFO: Run Behavior\BuildLiteBehavior [ RunTime:0.000028s ]
INFO: [ app_init ] --END-- [ RunTime:0.000944s ]
ERR: 无法加载模块:Apps

[ 2018-03-22T10:22:13+08:00 ] 192.168.1.20 /pro/apps/view/0
INFO: [ app_init ] --START--
INFO: Run Behavior\BuildLiteBehavior [ RunTime:0.000016s ]
INFO: [ app_init ] --END-- [ RunTime:0.000668s ]
ERR: 无法加载模块:Apps

[ 2018-03-22T10:22:13+08:00 ] 192.168.1.20 /pro/apps/view/0
INFO: [ app_init ] --START--
INFO: Run Behavior\BuildLiteBehavior [ RunTime:0.000024s ]
INFO: [ app_init ] --END-- [ RunTime:0.000872s ]
ERR: 无法加载模块:Apps

[ 2018-03-22T10:22:13+08:00 ] 192.168.1.20 /pro/apps/view/0
INFO: [ app_init ] --START--
INFO: Run Behavior\BuildLiteBehavior [ RunTime:0.000023s ]
INFO: [ app_init ] --END-- [ RunTime:0.000805s ]
ERR: 无法加载模块:Apps

[ 2018-03-22T10:22:13+08:00 ] 192.168.1.20 /pro/apps/view/0
INFO: [ app_init ] --START--
INFO: Run Behavior\BuildLiteBehavior [ RunTime:0.000019s ]
INFO: [ app_init ] --END-- [ RunTime:0.000696s ]
ERR: 无法加载模块:Apps

[ 2018-03-22T10:22:13+08:00 ] 192.168.1.20 /pro/apps/view/0
INFO: [ app_init ] --START--
INFO: Run Behavior\BuildLiteBehavior [ RunTime:0.000021s ]
INFO: [ app_init ] --END-- [ RunTime:0.000788s ]
ERR: 无法加载模块:Apps

[ 2018-03-22T10:22:14+08:00 ] 192.168.1.20 /pro/apps/view/0
INFO: [ app_init ] --START--
INFO: Run Behavior\BuildLiteBehavior [ RunTime:0.000024s ]
INFO: [ app_init ] --END-- [ RunTime:0.000965s ]
ERR: 无法加载模块:Apps

[ 2018-03-22T10:22:14+08:00 ] 192.168.1.20 /pro/apps/view/0
INFO: [ app_init ] --START--
INFO: Run Behavior\BuildLiteBehavior [ RunTime:0.000021s ]
INFO: [ app_init ] --END-- [ RunTime:0.000786s ]
ERR: 无法加载模块:Apps

[ 2018-03-22T10:22:14+08:00 ] 192.168.1.20 /pro/apps/view/0
INFO: [ app_init ] --START--
INFO: Run Behavior\BuildLiteBehavior [ RunTime:0.000019s ]
INFO: [ app_init ] --END-- [ RunTime:0.000730s ]
ERR: 无法加载模块:Apps

[ 2018-03-22T10:22:14+08:00 ] 192.168.1.20 /pro/apps/view/0
INFO: [ app_init ] --START--
INFO: Run Behavior\BuildLiteBehavior [ RunTime:0.000021s ]
INFO: [ app_init ] --END-- [ RunTime:0.000858s ]
ERR: 无法加载模块:Apps

[ 2018-03-22T10:22:14+08:00 ] 192.168.1.20 /pro/apps/view/0
INFO: [ app_init ] --START--
INFO: Run Behavior\BuildLiteBehavior [ RunTime:0.000028s ]
INFO: [ app_init ] --END-- [ RunTime:0.000945s ]
ERR: 无法加载模块:Apps

[ 2018-03-22T10:22:14+08:00 ] 192.168.1.20 /pro/apps/view/0
INFO: [ app_init ] --START--
INFO: Run Behavior\BuildLiteBehavior [ RunTime:0.000019s ]
INFO: [ app_init ] --END-- [ RunTime:0.000676s ]
ERR: 无法加载模块:Apps

[ 2018-03-22T10:22:14+08:00 ] 192.168.1.20 /pro/apps/view/0
INFO: [ app_init ] --START--
INFO: Run Behavior\BuildLiteBehavior [ RunTime:0.000023s ]
INFO: [ app_init ] --END-- [ RunTime:0.000896s ]
ERR: 无法加载模块:Apps

[ 2018-03-22T10:22:14+08:00 ] 192.168.1.20 /pro/apps/view/0
INFO: [ app_init ] --START--
INFO: Run Behavior\BuildLiteBehavior [ RunTime:0.000022s ]
INFO: [ app_init ] --END-- [ RunTime:0.000705s ]
ERR: 无法加载模块:Apps

[ 2018-03-22T10:22:14+08:00 ] 192.168.1.20 /pro/apps/view/0
INFO: [ app_init ] --START--
INFO: Run Behavior\BuildLiteBehavior [ RunTime:0.000023s ]
INFO: [ app_init ] --END-- [ RunTime:0.000829s ]
ERR: 无法加载模块:Apps

[ 2018-03-22T10:22:15+08:00 ] 192.168.1.20 /pro/apps/view/0
INFO: [ app_init ] --START--
INFO: Run Behavior\BuildLiteBehavior [ RunTime:0.000059s ]
INFO: [ app_init ] --END-- [ RunTime:0.001302s ]
ERR: 无法加载模块:Apps

[ 2018-03-22T10:22:15+08:00 ] 192.168.1.20 /pro/apps/view/0
INFO: [ app_init ] --START--
INFO: Run Behavior\BuildLiteBehavior [ RunTime:0.000025s ]
INFO: [ app_init ] --END-- [ RunTime:0.000916s ]
ERR: 无法加载模块:Apps

[ 2018-03-22T10:22:15+08:00 ] 192.168.1.20 /pro/apps/view/0
INFO: [ app_init ] --START--
INFO: Run Behavior\BuildLiteBehavior [ RunTime:0.000034s ]
INFO: [ app_init ] --END-- [ RunTime:0.000859s ]
ERR: 无法加载模块:Apps

[ 2018-03-22T10:22:15+08:00 ] 192.168.1.20 /pro/apps/view/0
INFO: [ app_init ] --START--
INFO: Run Behavior\BuildLiteBehavior [ RunTime:0.000021s ]
INFO: [ app_init ] --END-- [ RunTime:0.000615s ]
ERR: 无法加载模块:Apps

[ 2018-03-22T10:22:15+08:00 ] 192.168.1.20 /pro/apps/view/0
INFO: [ app_init ] --START--
INFO: Run Behavior\BuildLiteBehavior [ RunTime:0.000015s ]
INFO: [ app_init ] --END-- [ RunTime:0.000550s ]
ERR: 无法加载模块:Apps

[ 2018-03-22T10:22:15+08:00 ] 192.168.1.20 /pro/apps/view/0
INFO: [ app_init ] --START--
INFO: Run Behavior\BuildLiteBehavior [ RunTime:0.000026s ]
INFO: [ app_init ] --END-- [ RunTime:0.000788s ]
ERR: 无法加载模块:Apps

[ 2018-03-22T10:22:15+08:00 ] 192.168.1.20 /pro/apps/view/0
INFO: [ app_init ] --START--
INFO: Run Behavior\BuildLiteBehavior [ RunTime:0.000017s ]
INFO: [ app_init ] --END-- [ RunTime:0.000643s ]
ERR: 无法加载模块:Apps

[ 2018-03-22T10:22:15+08:00 ] 192.168.1.20 /pro/apps/view/0
INFO: [ app_init ] --START--
INFO: Run Behavior\BuildLiteBehavior [ RunTime:0.000022s ]
INFO: [ app_init ] --END-- [ RunTime:0.000793s ]
ERR: 无法加载模块:Apps

[ 2018-03-22T10:22:15+08:00 ] 192.168.1.20 /pro/apps/view/0
INFO: [ app_init ] --START--
INFO: Run Behavior\BuildLiteBehavior [ RunTime:0.000053s ]
INFO: [ app_init ] --END-- [ RunTime:0.000928s ]
ERR: 无法加载模块:Apps

[ 2018-03-22T10:22:15+08:00 ] 192.168.1.20 /pro/apps/view/0
INFO: [ app_init ] --START--
INFO: Run Behavior\BuildLiteBehavior [ RunTime:0.000022s ]
INFO: [ app_init ] --END-- [ RunTime:0.000796s ]
ERR: 无法加载模块:Apps

[ 2018-03-22T10:22:16+08:00 ] 192.168.1.20 /pro/apps/view/0
INFO: [ app_init ] --START--
INFO: Run Behavior\BuildLiteBehavior [ RunTime:0.000023s ]
INFO: [ app_init ] --END-- [ RunTime:0.000888s ]
ERR: 无法加载模块:Apps

[ 2018-03-22T10:22:16+08:00 ] 192.168.1.20 /pro/apps/view/0
INFO: [ app_init ] --START--
INFO: Run Behavior\BuildLiteBehavior [ RunTime:0.000022s ]
INFO: [ app_init ] --END-- [ RunTime:0.000820s ]
ERR: 无法加载模块:Apps

[ 2018-03-22T10:22:16+08:00 ] 192.168.1.20 /pro/apps/view/0
INFO: [ app_init ] --START--
INFO: Run Behavior\BuildLiteBehavior [ RunTime:0.000022s ]
INFO: [ app_init ] --END-- [ RunTime:0.000769s ]
ERR: 无法加载模块:Apps

[ 2018-03-22T10:22:16+08:00 ] 192.168.1.20 /pro/apps/view/0
INFO: [ app_init ] --START--
INFO: Run Behavior\BuildLiteBehavior [ RunTime:0.000024s ]
INFO: [ app_init ] --END-- [ RunTime:0.000771s ]
ERR: 无法加载模块:Apps

[ 2018-03-22T10:22:16+08:00 ] 192.168.1.20 /pro/apps/view/0
INFO: [ app_init ] --START--
INFO: Run Behavior\BuildLiteBehavior [ RunTime:0.000022s ]
INFO: [ app_init ] --END-- [ RunTime:0.000824s ]
ERR: 无法加载模块:Apps

[ 2018-03-22T10:22:16+08:00 ] 192.168.1.20 /pro/apps/view/0
INFO: [ app_init ] --START--
INFO: Run Behavior\BuildLiteBehavior [ RunTime:0.000022s ]
INFO: [ app_init ] --END-- [ RunTime:0.000850s ]
ERR: 无法加载模块:Apps

[ 2018-03-22T10:22:16+08:00 ] 192.168.1.20 /pro/apps/view/0
INFO: [ app_init ] --START--
INFO: Run Behavior\BuildLiteBehavior [ RunTime:0.000026s ]
INFO: [ app_init ] --END-- [ RunTime:0.000841s ]
ERR: 无法加载模块:Apps

[ 2018-03-22T10:22:16+08:00 ] 192.168.1.20 /pro/apps/view/0
INFO: [ app_init ] --START--
INFO: Run Behavior\BuildLiteBehavior [ RunTime:0.000023s ]
INFO: [ app_init ] --END-- [ RunTime:0.000895s ]
ERR: 无法加载模块:Apps

[ 2018-03-22T10:22:16+08:00 ] 192.168.1.20 /pro/apps/view/0
INFO: [ app_init ] --START--
INFO: Run Behavior\BuildLiteBehavior [ RunTime:0.000023s ]
INFO: [ app_init ] --END-- [ RunTime:0.000862s ]
ERR: 无法加载模块:Apps

[ 2018-03-22T10:22:16+08:00 ] 192.168.1.20 /pro/apps/view/0
INFO: [ app_init ] --START--
INFO: Run Behavior\BuildLiteBehavior [ RunTime:0.000025s ]
INFO: [ app_init ] --END-- [ RunTime:0.001643s ]
ERR: 无法加载模块:Apps

[ 2018-03-22T10:22:17+08:00 ] 192.168.1.20 /pro/apps/view/0
INFO: [ app_init ] --START--
INFO: Run Behavior\BuildLiteBehavior [ RunTime:0.000022s ]
INFO: [ app_init ] --END-- [ RunTime:0.000831s ]
ERR: 无法加载模块:Apps

[ 2018-03-22T10:22:17+08:00 ] 192.168.1.20 /pro/apps/view/0
INFO: [ app_init ] --START--
INFO: Run Behavior\BuildLiteBehavior [ RunTime:0.000043s ]
INFO: [ app_init ] --END-- [ RunTime:0.000852s ]
ERR: 无法加载模块:Apps

[ 2018-03-22T10:22:17+08:00 ] 192.168.1.20 /pro/apps/view/0
INFO: [ app_init ] --START--
INFO: Run Behavior\BuildLiteBehavior [ RunTime:0.000027s ]
INFO: [ app_init ] --END-- [ RunTime:0.000929s ]
ERR: 无法加载模块:Apps

[ 2018-03-22T10:22:17+08:00 ] 192.168.1.20 /pro/apps/view/0
INFO: [ app_init ] --START--
INFO: Run Behavior\BuildLiteBehavior [ RunTime:0.000023s ]
INFO: [ app_init ] --END-- [ RunTime:0.000860s ]
ERR: 无法加载模块:Apps

[ 2018-03-22T10:22:17+08:00 ] 192.168.1.20 /pro/apps/view/0
INFO: [ app_init ] --START--
INFO: Run Behavior\BuildLiteBehavior [ RunTime:0.000023s ]
INFO: [ app_init ] --END-- [ RunTime:0.000884s ]
ERR: 无法加载模块:Apps

[ 2018-03-22T10:22:17+08:00 ] 192.168.1.20 /pro/apps/view/0
INFO: [ app_init ] --START--
INFO: Run Behavior\BuildLiteBehavior [ RunTime:0.000015s ]
INFO: [ app_init ] --END-- [ RunTime:0.000609s ]
ERR: 无法加载模块:Apps

[ 2018-03-22T10:22:17+08:00 ] 192.168.1.20 /pro/apps/view/0
INFO: [ app_init ] --START--
INFO: Run Behavior\BuildLiteBehavior [ RunTime:0.000016s ]
INFO: [ app_init ] --END-- [ RunTime:0.000646s ]
ERR: 无法加载模块:Apps

[ 2018-03-22T10:22:17+08:00 ] 192.168.1.20 /pro/apps/view/0
INFO: [ app_init ] --START--
INFO: Run Behavior\BuildLiteBehavior [ RunTime:0.000015s ]
INFO: [ app_init ] --END-- [ RunTime:0.000546s ]
ERR: 无法加载模块:Apps

[ 2018-03-22T10:22:17+08:00 ] 192.168.1.20 /pro/apps/view/0
INFO: [ app_init ] --START--
INFO: Run Behavior\BuildLiteBehavior [ RunTime:0.000015s ]
INFO: [ app_init ] --END-- [ RunTime:0.000561s ]
ERR: 无法加载模块:Apps

[ 2018-03-22T10:22:18+08:00 ] 192.168.1.20 /pro/apps/view/0
INFO: [ app_init ] --START--
INFO: Run Behavior\BuildLiteBehavior [ RunTime:0.000016s ]
INFO: [ app_init ] --END-- [ RunTime:0.000616s ]
ERR: 无法加载模块:Apps

[ 2018-03-22T10:22:18+08:00 ] 192.168.1.20 /pro/apps/view/0
INFO: [ app_init ] --START--
INFO: Run Behavior\BuildLiteBehavior [ RunTime:0.000015s ]
INFO: [ app_init ] --END-- [ RunTime:0.000585s ]
ERR: 无法加载模块:Apps

[ 2018-03-22T10:22:18+08:00 ] 192.168.1.20 /pro/apps/view/0
INFO: [ app_init ] --START--
INFO: Run Behavior\BuildLiteBehavior [ RunTime:0.000015s ]
INFO: [ app_init ] --END-- [ RunTime:0.000670s ]
ERR: 无法加载模块:Apps

[ 2018-03-22T10:22:18+08:00 ] 192.168.1.20 /pro/apps/view/0
INFO: [ app_init ] --START--
INFO: Run Behavior\BuildLiteBehavior [ RunTime:0.000016s ]
INFO: [ app_init ] --END-- [ RunTime:0.000641s ]
ERR: 无法加载模块:Apps

[ 2018-03-22T10:22:18+08:00 ] 192.168.1.20 /pro/apps/view/0
INFO: [ app_init ] --START--
INFO: Run Behavior\BuildLiteBehavior [ RunTime:0.000026s ]
INFO: [ app_init ] --END-- [ RunTime:0.000644s ]
ERR: 无法加载模块:Apps

[ 2018-03-22T10:22:18+08:00 ] 192.168.1.20 /pro/apps/view/0
INFO: [ app_init ] --START--
INFO: Run Behavior\BuildLiteBehavior [ RunTime:0.000016s ]
INFO: [ app_init ] --END-- [ RunTime:0.000747s ]
ERR: 无法加载模块:Apps

[ 2018-03-22T10:22:18+08:00 ] 192.168.1.20 /pro/apps/view/0
INFO: [ app_init ] --START--
INFO: Run Behavior\BuildLiteBehavior [ RunTime:0.000016s ]
INFO: [ app_init ] --END-- [ RunTime:0.000564s ]
ERR: 无法加载模块:Apps

[ 2018-03-22T10:22:18+08:00 ] 192.168.1.20 /pro/apps/view/0
INFO: [ app_init ] --START--
INFO: Run Behavior\BuildLiteBehavior [ RunTime:0.000037s ]
INFO: [ app_init ] --END-- [ RunTime:0.000654s ]
ERR: 无法加载模块:Apps

[ 2018-03-22T10:22:18+08:00 ] 192.168.1.20 /pro/apps/view/0
INFO: [ app_init ] --START--
INFO: Run Behavior\BuildLiteBehavior [ RunTime:0.000026s ]
INFO: [ app_init ] --END-- [ RunTime:0.000784s ]
ERR: 无法加载模块:Apps

[ 2018-03-22T10:22:18+08:00 ] 192.168.1.20 /pro/apps/view/0
INFO: [ app_init ] --START--
INFO: Run Behavior\BuildLiteBehavior [ RunTime:0.000016s ]
INFO: [ app_init ] --END-- [ RunTime:0.000667s ]
ERR: 无法加载模块:Apps

[ 2018-03-22T10:22:19+08:00 ] 192.168.1.20 /pro/apps/view/0
INFO: [ app_init ] --START--
INFO: Run Behavior\BuildLiteBehavior [ RunTime:0.000016s ]
INFO: [ app_init ] --END-- [ RunTime:0.000797s ]
ERR: 无法加载模块:Apps

[ 2018-03-22T10:22:19+08:00 ] 192.168.1.20 /pro/apps/view/0
INFO: [ app_init ] --START--
INFO: Run Behavior\BuildLiteBehavior [ RunTime:0.000020s ]
INFO: [ app_init ] --END-- [ RunTime:0.000769s ]
ERR: 无法加载模块:Apps

[ 2018-03-22T10:22:19+08:00 ] 192.168.1.20 /pro/apps/view/0
INFO: [ app_init ] --START--
INFO: Run Behavior\BuildLiteBehavior [ RunTime:0.000020s ]
INFO: [ app_init ] --END-- [ RunTime:0.000784s ]
ERR: 无法加载模块:Apps

[ 2018-03-22T10:22:19+08:00 ] 192.168.1.20 /pro/apps/view/0
INFO: [ app_init ] --START--
INFO: Run Behavior\BuildLiteBehavior [ RunTime:0.000058s ]
INFO: [ app_init ] --END-- [ RunTime:0.000846s ]
ERR: 无法加载模块:Apps

[ 2018-03-22T10:22:19+08:00 ] 192.168.1.20 /pro/apps/view/0
INFO: [ app_init ] --START--
INFO: Run Behavior\BuildLiteBehavior [ RunTime:0.000021s ]
INFO: [ app_init ] --END-- [ RunTime:0.000804s ]
ERR: 无法加载模块:Apps

[ 2018-03-22T10:22:19+08:00 ] 192.168.1.20 /pro/apps/view/0
INFO: [ app_init ] --START--
INFO: Run Behavior\BuildLiteBehavior [ RunTime:0.000024s ]
INFO: [ app_init ] --END-- [ RunTime:0.000829s ]
ERR: 无法加载模块:Apps

[ 2018-03-22T10:22:19+08:00 ] 192.168.1.20 /pro/apps/view/0
INFO: [ app_init ] --START--
INFO: Run Behavior\BuildLiteBehavior [ RunTime:0.000020s ]
INFO: [ app_init ] --END-- [ RunTime:0.000752s ]
ERR: 无法加载模块:Apps

[ 2018-03-22T10:22:19+08:00 ] 192.168.1.20 /pro/apps/view/0
INFO: [ app_init ] --START--
INFO: Run Behavior\BuildLiteBehavior [ RunTime:0.000022s ]
INFO: [ app_init ] --END-- [ RunTime:0.000832s ]
ERR: 无法加载模块:Apps

[ 2018-03-22T10:22:19+08:00 ] 192.168.1.20 /pro/apps/view/0
INFO: [ app_init ] --START--
INFO: Run Behavior\BuildLiteBehavior [ RunTime:0.000014s ]
INFO: [ app_init ] --END-- [ RunTime:0.000534s ]
ERR: 无法加载模块:Apps

[ 2018-03-22T10:22:19+08:00 ] 192.168.1.20 /pro/apps/view/0
INFO: [ app_init ] --START--
INFO: Run Behavior\BuildLiteBehavior [ RunTime:0.000029s ]
INFO: [ app_init ] --END-- [ RunTime:0.000817s ]
ERR: 无法加载模块:Apps

[ 2018-03-22T10:22:20+08:00 ] 192.168.1.20 /pro/apps/view/0
INFO: [ app_init ] --START--
INFO: Run Behavior\BuildLiteBehavior [ RunTime:0.000021s ]
INFO: [ app_init ] --END-- [ RunTime:0.000805s ]
ERR: 无法加载模块:Apps

[ 2018-03-22T10:22:20+08:00 ] 192.168.1.20 /pro/apps/view/0
INFO: [ app_init ] --START--
INFO: Run Behavior\BuildLiteBehavior [ RunTime:0.000025s ]
INFO: [ app_init ] --END-- [ RunTime:0.000824s ]
ERR: 无法加载模块:Apps

[ 2018-03-22T10:22:20+08:00 ] 192.168.1.20 /pro/apps/view/0
INFO: [ app_init ] --START--
INFO: Run Behavior\BuildLiteBehavior [ RunTime:0.000022s ]
INFO: [ app_init ] --END-- [ RunTime:0.001034s ]
ERR: 无法加载模块:Apps

[ 2018-03-22T10:22:20+08:00 ] 192.168.1.20 /pro/apps/view/0
INFO: [ app_init ] --START--
INFO: Run Behavior\BuildLiteBehavior [ RunTime:0.000021s ]
INFO: [ app_init ] --END-- [ RunTime:0.000744s ]
ERR: 无法加载模块:Apps

[ 2018-03-22T10:22:20+08:00 ] 192.168.1.20 /pro/apps/view/0
INFO: [ app_init ] --START--
INFO: Run Behavior\BuildLiteBehavior [ RunTime:0.000015s ]
INFO: [ app_init ] --END-- [ RunTime:0.000624s ]
ERR: 无法加载模块:Apps

[ 2018-03-22T10:22:20+08:00 ] 192.168.1.20 /pro/apps/view/0
INFO: [ app_init ] --START--
INFO: Run Behavior\BuildLiteBehavior [ RunTime:0.000038s ]
INFO: [ app_init ] --END-- [ RunTime:0.000819s ]
ERR: 无法加载模块:Apps

[ 2018-03-22T10:22:20+08:00 ] 192.168.1.20 /pro/apps/view/0
INFO: [ app_init ] --START--
INFO: Run Behavior\BuildLiteBehavior [ RunTime:0.000031s ]
INFO: [ app_init ] --END-- [ RunTime:0.000882s ]
ERR: 无法加载模块:Apps

[ 2018-03-22T10:22:20+08:00 ] 192.168.1.20 /pro/apps/view/0
INFO: [ app_init ] --START--
INFO: Run Behavior\BuildLiteBehavior [ RunTime:0.000018s ]
INFO: [ app_init ] --END-- [ RunTime:0.000675s ]
ERR: 无法加载模块:Apps

[ 2018-03-22T10:22:20+08:00 ] 192.168.1.20 /pro/apps/view/0
INFO: [ app_init ] --START--
INFO: Run Behavior\BuildLiteBehavior [ RunTime:0.000021s ]
INFO: [ app_init ] --END-- [ RunTime:0.000788s ]
ERR: 无法加载模块:Apps

[ 2018-03-22T10:22:20+08:00 ] 192.168.1.20 /pro/apps/view/0
INFO: [ app_init ] --START--
INFO: Run Behavior\BuildLiteBehavior [ RunTime:0.000014s ]
INFO: [ app_init ] --END-- [ RunTime:0.000619s ]
ERR: 无法加载模块:Apps

[ 2018-03-22T10:22:21+08:00 ] 192.168.1.20 /pro/apps/view/0
INFO: [ app_init ] --START--
INFO: Run Behavior\BuildLiteBehavior [ RunTime:0.000023s ]
INFO: [ app_init ] --END-- [ RunTime:0.000819s ]
ERR: 无法加载模块:Apps

[ 2018-03-22T10:23:52+08:00 ] 192.168.1.20 /pro/apps/view/0
INFO: [ app_init ] --START--
INFO: Run Behavior\BuildLiteBehavior [ RunTime:0.000022s ]
INFO: [ app_init ] --END-- [ RunTime:0.000709s ]
ERR: 无法加载模块:Apps

[ 2018-03-22T10:24:31+08:00 ] 192.168.1.20 /pro/apps/view/0
INFO: [ app_init ] --START--
INFO: Run Behavior\BuildLiteBehavior [ RunTime:0.000016s ]
INFO: [ app_init ] --END-- [ RunTime:0.000652s ]
ERR: 无法加载模块:Apps

[ 2018-03-22T10:29:50+08:00 ] 192.168.1.20 /pro/apps/view/0
INFO: [ app_init ] --START--
INFO: Run Behavior\BuildLiteBehavior [ RunTime:0.000028s ]
INFO: [ app_init ] --END-- [ RunTime:0.000921s ]
ERR: 无法加载模块:Apps

[ 2018-03-22T10:34:35+08:00 ] 192.168.1.20 /pro/apps/view/0
INFO: [ app_init ] --START--
INFO: Run Behavior\BuildLiteBehavior [ RunTime:0.000016s ]
INFO: [ app_init ] --END-- [ RunTime:0.000586s ]
ERR: 无法加载模块:Apps

[ 2018-03-22T10:35:48+08:00 ] 192.168.1.20 /pro/apps/view/0
INFO: [ app_init ] --START--
INFO: Run Behavior\BuildLiteBehavior [ RunTime:0.000023s ]
INFO: [ app_init ] --END-- [ RunTime:0.000907s ]
ERR: 无法加载模块:Apps

[ 2018-03-22T10:36:13+08:00 ] 192.168.1.20 /pro/apps/view/0
INFO: [ app_init ] --START--
INFO: Run Behavior\BuildLiteBehavior [ RunTime:0.000023s ]
INFO: [ app_init ] --END-- [ RunTime:0.000912s ]
ERR: 无法加载模块:Apps

[ 2018-03-22T10:37:30+08:00 ] 192.168.1.20 /pro/apps/view/0
INFO: [ app_init ] --START--
INFO: Run Behavior\BuildLiteBehavior [ RunTime:0.000023s ]
INFO: [ app_init ] --END-- [ RunTime:0.000848s ]
ERR: 无法加载模块:Apps

[ 2018-03-22T10:38:15+08:00 ] 192.168.1.20 /pro/apps/view/0
INFO: [ app_init ] --START--
INFO: Run Behavior\BuildLiteBehavior [ RunTime:0.000023s ]
INFO: [ app_init ] --END-- [ RunTime:0.000793s ]
ERR: 无法加载模块:Apps

[ 2018-03-22T10:39:09+08:00 ] 192.168.1.20 /pro/apps/view/0
INFO: [ app_init ] --START--
INFO: Run Behavior\BuildLiteBehavior [ RunTime:0.000024s ]
INFO: [ app_init ] --END-- [ RunTime:0.000824s ]
ERR: 无法加载模块:Apps

[ 2018-03-22T10:40:07+08:00 ] 192.168.1.20 /pro/apps/view/0
INFO: [ app_init ] --START--
INFO: Run Behavior\BuildLiteBehavior [ RunTime:0.000090s ]
INFO: [ app_init ] --END-- [ RunTime:0.000985s ]
ERR: 无法加载模块:Apps

[ 2018-03-22T10:41:55+08:00 ] 192.168.1.20 /pro/apps/view/0
INFO: [ app_init ] --START--
INFO: Run Behavior\BuildLiteBehavior [ RunTime:0.000026s ]
INFO: [ app_init ] --END-- [ RunTime:0.001042s ]
ERR: 无法加载模块:Apps

[ 2018-03-22T10:42:11+08:00 ] 192.168.1.20 /pro/apps/view/0
INFO: [ app_init ] --START--
INFO: Run Behavior\BuildLiteBehavior [ RunTime:0.000017s ]
INFO: [ app_init ] --END-- [ RunTime:0.000587s ]
ERR: 无法加载模块:Apps

